                                                                      Page 1
                                                              C:\Users\Frank\AppData\Local\Temp\gh_0000o541.si
Command Line: C:\GHS\V800.V2014.1.7\comp_201417\ease850.exe -w -elf -b0 -I../../../../../app/common/dhd -I../../../../../app/gfx_apps/simple_draw/src -I../../../../../app/gfx_apps/simple_draw/lib -I../../../../../bsp/board//config -I../../../../../bsp/board//src/gfx -I../../../../../bsp/board//src/hmi -I../../../../../bsp/board//src/stdio -I../../../../../bsp/board/d1mx_mango/config -I../../../../../bsp/board/d1mx_mango/src -I../../../../../bsp/board/d1mx_mango/src/gfx -I../../../../../bsp/board/d1mx_mango/src/hmi -I../../../../../bsp/board/d1mx_mango/src/stdio -I../../../../../bsp/gfx/lib -I../../../../../bsp/gfx/src -I../../../../../bsp/hmi/lib -I../../../../../bsp/hmi/src -I../../../../../bsp/lib -I../../../../../bsp/stdio/lib -I../../../../../bsp/stdio/src -I../../../../../cdi/lib -I../../../../../cdi/src -I../../../../../compiler/rh850_ghs/inc -I../../../../../device/d1mx/lib -I../../../../../device/d1mx/macro_cfg -I../../../../../device/d1mx/macro_cfg/csisw -I../../../../../device/d1mx/macro_cfg/davehd -I../../../../../device/d1mx/macro_cfg/ddb -I../../../../../device/d1mx/macro_cfg/drw2d -I../../../../../device/d1mx/macro_cfg/gfxbus -I../../../../../device/d1mx/macro_cfg/gpio -I../../../../../device/d1mx/macro_cfg/hypb -I../../../../../device/d1mx/macro_cfg/hypdb -I../../../../../device/d1mx/macro_cfg/jcua -I../../../../../device/d1mx/macro_cfg/nfmabare -I../../../../../device/d1mx/macro_cfg/octa -I../../../../../device/d1mx/macro_cfg/octacdb -I../../../../../device/d1mx/macro_cfg/ostm -I../../../../../device/d1mx/macro_cfg/pbg -I../../../../../device/d1mx/macro_cfg/riic -I../../../../../device/d1mx/macro_cfg/sfcdb -I../../../../../device/d1mx/macro_cfg/sfma -I../../../../../device/d1mx/macro_cfg/spea -I../../../../../device/d1mx/macro_cfg/tauj -I../../../../../device/d1mx/macro_cfg/tick -I../../../../../device/d1mx/macro_cfg/vdce -I../../../../../device/d1mx/macro_cfg/vowe -I../../../../../device/d1mx/macro_cfg/wm -I../../../../../device/d1mx/macro_cfg/xbus -I../../../../../device/d1mx/src/dev -I../../../../../device/d1mx/src/dhd -I../../../../../device/d1mx/src/hypb -I../../../../../device/d1mx/src/jcua -I../../../../../device/d1mx/src/nfmabare -I../../../../../device/d1mx/src/octa -I../../../../../device/d1mx/src/rh850_ghs -I../../../../../device/d1mx/src/vowe -I../../../../../device/d1x_common/macro_cfg -I../../../../../device/d1x_common/macro_cfg/csisw -I../../../../../device/d1x_common/macro_cfg/davehd -I../../../../../device/d1x_common/macro_cfg/ddb -I../../../../../device/d1x_common/macro_cfg/drw2d -I../../../../../device/d1x_common/macro_cfg/gfxbus -I../../../../../device/d1x_common/macro_cfg/gpio -I../../../../../device/d1x_common/macro_cfg/hypb -I../../../../../device/d1x_common/macro_cfg/hypdb -I../../../../../device/d1x_common/macro_cfg/jcua -I../../../../../device/d1x_common/macro_cfg/nfmabare -I../../../../../device/d1x_common/macro_cfg/octa -I../../../../../device/d1x_common/macro_cfg/octacdb -I../../../../../device/d1x_common/macro_cfg/ostm -I../../../../../device/d1x_common/macro_cfg/pbg -I../../../../../device/d1x_common/macro_cfg/riic -I../../../../../device/d1x_common/macro_cfg/sfcdb -I../../../../../device/d1x_common/macro_cfg/sfma -I../../../../../device/d1x_common/macro_cfg/spea -I../../../../../device/d1x_common/macro_cfg/tauj -I../../../../../device/d1x_common/macro_cfg/tick -I../../../../../device/d1x_common/macro_cfg/vdce -I../../../../../device/d1x_common/macro_cfg/vowe -I../../../../../device/d1x_common/macro_cfg/wm -I../../../../../device/d1x_common/macro_cfg/xbus -I../../../../../device/d1x_common/src/csisw -I../../../../../device/d1x_common/src/ddb -I../../../../../device/d1x_common/src/dev -I../../../../../device/d1x_common/src/gfxbus -I../../../../../device/d1x_common/src/gpio -I../../../../../device/d1x_common/src/ostm -I../../../../../device/d1x_common/src/pbg -I../../../../../device/d1x_common/src/riic -I../../../../../device/d1x_common/src/sfma -I../../../../../device/d1x_common/src/spea -I../../../../../device/d1x_common/src/tauj -I../../../../../device/d1x_common/src/tick -I../../../../../device/d1x_common/src/vdce -I../../../../../device/d1x_common/src/wm -I../../../../../device/d1x_common/src/xbus -I../../../../../device/lib -I../../../../../macro/bus/pbg/lib -I../../../../../macro/bus/pbg/src -I../../../../../macro/csi/csisw/lib -I../../../../../macro/csi/csisw/src -I../../../../../macro/drw2d/lib -I../../../../../macro/drw2d/platform/davehd -I../../../../../macro/drw2d/platform/os/no_os -I../../../../../macro/drw2d/src -I../../../../../macro/flashc/hypb/lib -I../../../../../macro/flashc/hypb/src -I../../../../../macro/flashc/hypdb/lib -I../../../../../macro/flashc/hypdb/src -I../../../../../macro/flashc/nfmabare/lib -I../../../../../macro/flashc/nfmabare/src -I../../../../../macro/flashc/octa/lib -I../../../../../macro/flashc/octa/src -I../../../../../macro/flashc/octacdb/lib -I../../../../../macro/flashc/octacdb/src -I../../../../../macro/flashc/sfcdb/lib -I../../../../../macro/flashc/sfcdb/src -I../../../../../macro/flashc/sfma/lib -I../../../../../macro/flashc/sfma/src -I../../../../../macro/gfxbus/lib -I../../../../../macro/gfxbus/src -I../../../../../macro/gfxbus/xbus/lib -I../../../../../macro/gfxbus/xbus/src -I../../../../../macro/gpio/lib -I../../../../../macro/gpio/src -I../../../../../macro/gpu/davehd/common/inc -I../../../../../macro/gpu/davehd/common/inc/platform -I../../../../../macro/gpu/davehd/common/inc/platform/d1mx -I../../../../../macro/gpu/davehd/docs -I../../../../../macro/gpu/davehd/kernel/inc -I../../../../../macro/gpu/davehd/kernel/platform/d1mx -I../../../../../macro/gpu/davehd/kernel/platform/d1mx/bridge -I../../../../../macro/gpu/davehd/kernel/platform/d1mx/non_threaded -I../../../../../macro/gpu/davehd/kernel/platform/ree -I../../../../../macro/gpu/davehd/kernel/src -I../../../../../macro/gpu/davehd/user/inc -I../../../../../macro/gpu/davehd/user/platform/d1mx/no_os -I../../../../../macro/gpu/davehd/user/src -I../../../../../macro/gpu/jcua/lib -I../../../../../macro/gpu/jcua/src -I../../../../../macro/i2c/riic/lib -I../../../../../macro/i2c/riic/src -I../../../../../macro/tick/lib -I../../../../../macro/tick/src -I../../../../../macro/timer/ostm/lib -I../../../../../macro/timer/ostm/src -I../../../../../macro/timer/tauj/lib -I../../../../../macro/timer/tauj/src -I../../../../../macro/vdce/lib -I../../../../../macro/vdce/src -I../../../../../macro/vo/ddb/lib -I../../../../../macro/vo/ddb/src -I../../../../../macro/vo/spea/lib -I../../../../../macro/vo/spea/src -I../../../../../macro/vo/vowe/lib -I../../../../../macro/vo/vowe/src -I../../../../../macro/wm/lib -I../../../../../macro/wm/src -I../../../../../macro/pwm/lib -I../../../../../macro/reset/lib -I../../../../../macro/rscan/lib -I../../../../../macro/uart/rlin3/lib -I../../../../../macro/uart/rlin3/src -I../../../../../device/d1x_common/macro_cfg/rlin3 -I../../../../../macro/stbc/lib -I../../../../../macro/adc/lib -I../../../../../device/d1x_common/macro_cfg/adc7010 -IC:\GHS\V800.V2014.1.7\comp_201417\lib\rh850_22 -cg_underscore -cpu=rh850g3m -no_v850_simd -rh850_fpsimd=none -nomacro -patch_dbo=C:\git\rh850\src\app\gfx_apps\simple_draw\target\d1mx_mango_ghs\obj\davehd_kernel_debug_d1x.dbo -source=davehd_kernel_debug_d1x.c -o .\obj\gh_0000o541.o -list=.\obj\davehd_kernel_debug_d1x.lst C:\Users\Frank\AppData\Local\Temp\gh_0000o541.si 
Original File: C:\Users\Frank\AppData\Local\Temp\gh_0000o541.si
Source File: davehd_kernel_debug_d1x.c
Directory: C:\git\rh850\src\app\gfx_apps\simple_draw\target\d1mx_mango_ghs
Host OS: Windows
EASE: Copyright (C) 1983-2014 Green Hills Software.  All Rights Reversed.
Release: Compiler v2014.1.7
Build Directory: [Directory] BTOWINBOX:c:/build_2014_1_bto/2014-09-04.2200-2014_1_bto/win32-comp-ecom
Revision: [VCInfo] http://toolsvc/branches/release-branch-2014-1-bto/src@515859 (built by build)
Revision Date: Fri Sep 05 14:05:06 2014

Release Date: Fri Sep 05 14:43:29 2014

                           1 --Driver Command: ccv850 -c -MD -I../../../../../app/common/dhd
                           2 --		-I../../../../../app/gfx_apps/simple_draw/src
                           3 --		-I../../../../../app/gfx_apps/simple_draw/lib
                           4 --		-I../../../../../bsp/board//config
                           5 --		-I../../../../../bsp/board//src/gfx
                           6 --		-I../../../../../bsp/board//src/hmi
                           7 --		-I../../../../../bsp/board//src/stdio
                           8 --		-I../../../../../bsp/board/d1mx_mango/config
                           9 --		-I../../../../../bsp/board/d1mx_mango/src
                          10 --		-I../../../../../bsp/board/d1mx_mango/src/gfx
                          11 --		-I../../../../../bsp/board/d1mx_mango/src/hmi
                          12 --		-I../../../../../bsp/board/d1mx_mango/src/stdio
                          13 --		-I../../../../../bsp/gfx/lib -I../../../../../bsp/gfx/src
                          14 --		-I../../../../../bsp/hmi/lib -I../../../../../bsp/hmi/src
                          15 --		-I../../../../../bsp/lib -I../../../../../bsp/stdio/lib
                          16 --		-I../../../../../bsp/stdio/src -I../../../../../cdi/lib
                          17 --		-I../../../../../cdi/src -I../../../../../compiler/rh850_ghs/inc
                          18 --		-I../../../../../device/d1mx/lib
                          19 --		-I../../../../../device/d1mx/macro_cfg
                          20 --		-I../../../../../device/d1mx/macro_cfg/csisw
                          21 --		-I../../../../../device/d1mx/macro_cfg/davehd
                          22 --		-I../../../../../device/d1mx/macro_cfg/ddb
                          23 --		-I../../../../../device/d1mx/macro_cfg/drw2d
                          24 --		-I../../../../../device/d1mx/macro_cfg/gfxbus
                          25 --		-I../../../../../device/d1mx/macro_cfg/gpio
                          26 --		-I../../../../../device/d1mx/macro_cfg/hypb
                          27 --		-I../../../../../device/d1mx/macro_cfg/hypdb
                          28 --		-I../../../../../device/d1mx/macro_cfg/jcua
                          29 --		-I../../../../../device/d1mx/macro_cfg/nfmabare
                          30 --		-I../../../../../device/d1mx/macro_cfg/octa
                          31 --		-I../../../../../device/d1mx/macro_cfg/octacdb
                          32 --		-I../../../../../device/d1mx/macro_cfg/ostm
                          33 --		-I../../../../../device/d1mx/macro_cfg/pbg
                          34 --		-I../../../../../device/d1mx/macro_cfg/riic
                          35 --		-I../../../../../device/d1mx/macro_cfg/sfcdb
                          36 --		-I../../../../../device/d1mx/macro_cfg/sfma
                          37 --		-I../../../../../device/d1mx/macro_cfg/spea
                          38 --		-I../../../../../device/d1mx/macro_cfg/tauj
                          39 --		-I../../../../../device/d1mx/macro_cfg/tick
                          40 --		-I../../../../../device/d1mx/macro_cfg/vdce
                          41 --		-I../../../../../device/d1mx/macro_cfg/vowe
                          42 --		-I../../../../../device/d1mx/macro_cfg/wm
                          43 --		-I../../../../../device/d1mx/macro_cfg/xbus
                          44 --		-I../../../../../device/d1mx/src/dev
                          45 --		-I../../../../../device/d1mx/src/dhd
                          46 --		-I../../../../../device/d1mx/src/hypb
                          47 --		-I../../../../../device/d1mx/src/jcua
                          48 --		-I../../../../../device/d1mx/src/nfmabare
                          49 --		-I../../../../../device/d1mx/src/octa
                          50 --		-I../../../../../device/d1mx/src/rh850_ghs

                                                                      Page 2
                                                              C:\Users\Frank\AppData\Local\Temp\gh_0000o541.si
                          51 --		-I../../../../../device/d1mx/src/vowe
                          52 --		-I../../../../../device/d1x_common/macro_cfg
                          53 --		-I../../../../../device/d1x_common/macro_cfg/csisw
                          54 --		-I../../../../../device/d1x_common/macro_cfg/davehd
                          55 --		-I../../../../../device/d1x_common/macro_cfg/ddb
                          56 --		-I../../../../../device/d1x_common/macro_cfg/drw2d
                          57 --		-I../../../../../device/d1x_common/macro_cfg/gfxbus
                          58 --		-I../../../../../device/d1x_common/macro_cfg/gpio
                          59 --		-I../../../../../device/d1x_common/macro_cfg/hypb
                          60 --		-I../../../../../device/d1x_common/macro_cfg/hypdb
                          61 --		-I../../../../../device/d1x_common/macro_cfg/jcua
                          62 --		-I../../../../../device/d1x_common/macro_cfg/nfmabare
                          63 --		-I../../../../../device/d1x_common/macro_cfg/octa
                          64 --		-I../../../../../device/d1x_common/macro_cfg/octacdb
                          65 --		-I../../../../../device/d1x_common/macro_cfg/ostm
                          66 --		-I../../../../../device/d1x_common/macro_cfg/pbg
                          67 --		-I../../../../../device/d1x_common/macro_cfg/riic
                          68 --		-I../../../../../device/d1x_common/macro_cfg/sfcdb
                          69 --		-I../../../../../device/d1x_common/macro_cfg/sfma
                          70 --		-I../../../../../device/d1x_common/macro_cfg/spea
                          71 --		-I../../../../../device/d1x_common/macro_cfg/tauj
                          72 --		-I../../../../../device/d1x_common/macro_cfg/tick
                          73 --		-I../../../../../device/d1x_common/macro_cfg/vdce
                          74 --		-I../../../../../device/d1x_common/macro_cfg/vowe
                          75 --		-I../../../../../device/d1x_common/macro_cfg/wm
                          76 --		-I../../../../../device/d1x_common/macro_cfg/xbus
                          77 --		-I../../../../../device/d1x_common/src/csisw
                          78 --		-I../../../../../device/d1x_common/src/ddb
                          79 --		-I../../../../../device/d1x_common/src/dev
                          80 --		-I../../../../../device/d1x_common/src/gfxbus
                          81 --		-I../../../../../device/d1x_common/src/gpio
                          82 --		-I../../../../../device/d1x_common/src/ostm
                          83 --		-I../../../../../device/d1x_common/src/pbg
                          84 --		-I../../../../../device/d1x_common/src/riic
                          85 --		-I../../../../../device/d1x_common/src/sfma
                          86 --		-I../../../../../device/d1x_common/src/spea
                          87 --		-I../../../../../device/d1x_common/src/tauj
                          88 --		-I../../../../../device/d1x_common/src/tick
                          89 --		-I../../../../../device/d1x_common/src/vdce
                          90 --		-I../../../../../device/d1x_common/src/wm
                          91 --		-I../../../../../device/d1x_common/src/xbus
                          92 --		-I../../../../../device/lib -I../../../../../macro/bus/pbg/lib
                          93 --		-I../../../../../macro/bus/pbg/src
                          94 --		-I../../../../../macro/csi/csisw/lib
                          95 --		-I../../../../../macro/csi/csisw/src
                          96 --		-I../../../../../macro/drw2d/lib
                          97 --		-I../../../../../macro/drw2d/platform/davehd
                          98 --		-I../../../../../macro/drw2d/platform/os/no_os
                          99 --		-I../../../../../macro/drw2d/src
                         100 --		-I../../../../../macro/flashc/hypb/lib
                         101 --		-I../../../../../macro/flashc/hypb/src
                         102 --		-I../../../../../macro/flashc/hypdb/lib
                         103 --		-I../../../../../macro/flashc/hypdb/src
                         104 --		-I../../../../../macro/flashc/nfmabare/lib
                         105 --		-I../../../../../macro/flashc/nfmabare/src
                         106 --		-I../../../../../macro/flashc/octa/lib
                         107 --		-I../../../../../macro/flashc/octa/src
                         108 --		-I../../../../../macro/flashc/octacdb/lib
                         109 --		-I../../../../../macro/flashc/octacdb/src
                         110 --		-I../../../../../macro/flashc/sfcdb/lib
                         111 --		-I../../../../../macro/flashc/sfcdb/src

                                                                      Page 3
                                                              C:\Users\Frank\AppData\Local\Temp\gh_0000o541.si
                         112 --		-I../../../../../macro/flashc/sfma/lib
                         113 --		-I../../../../../macro/flashc/sfma/src
                         114 --		-I../../../../../macro/gfxbus/lib
                         115 --		-I../../../../../macro/gfxbus/src
                         116 --		-I../../../../../macro/gfxbus/xbus/lib
                         117 --		-I../../../../../macro/gfxbus/xbus/src
                         118 --		-I../../../../../macro/gpio/lib -I../../../../../macro/gpio/src
                         119 --		-I../../../../../macro/gpu/davehd/common/inc
                         120 --		-I../../../../../macro/gpu/davehd/common/inc/platform
                         121 --		-I../../../../../macro/gpu/davehd/common/inc/platform/d1mx
                         122 --		-I../../../../../macro/gpu/davehd/docs
                         123 --		-I../../../../../macro/gpu/davehd/kernel/inc
                         124 --		-I../../../../../macro/gpu/davehd/kernel/platform/d1mx
                         125 --		-I../../../../../macro/gpu/davehd/kernel/platform/d1mx/bridge
                         126 --		-I../../../../../macro/gpu/davehd/kernel/platform/d1mx/non_threaded
                         127 --		-I../../../../../macro/gpu/davehd/kernel/platform/ree
                         128 --		-I../../../../../macro/gpu/davehd/kernel/src
                         129 --		-I../../../../../macro/gpu/davehd/user/inc
                         130 --		-I../../../../../macro/gpu/davehd/user/platform/d1mx/no_os
                         131 --		-I../../../../../macro/gpu/davehd/user/src
                         132 --		-I../../../../../macro/gpu/jcua/lib
                         133 --		-I../../../../../macro/gpu/jcua/src
                         134 --		-I../../../../../macro/i2c/riic/lib
                         135 --		-I../../../../../macro/i2c/riic/src
                         136 --		-I../../../../../macro/tick/lib -I../../../../../macro/tick/src
                         137 --		-I../../../../../macro/timer/ostm/lib
                         138 --		-I../../../../../macro/timer/ostm/src
                         139 --		-I../../../../../macro/timer/tauj/lib
                         140 --		-I../../../../../macro/timer/tauj/src
                         141 --		-I../../../../../macro/vdce/lib -I../../../../../macro/vdce/src
                         142 --		-I../../../../../macro/vo/ddb/lib
                         143 --		-I../../../../../macro/vo/ddb/src
                         144 --		-I../../../../../macro/vo/spea/lib
                         145 --		-I../../../../../macro/vo/spea/src
                         146 --		-I../../../../../macro/vo/vowe/lib
                         147 --		-I../../../../../macro/vo/vowe/src -I../../../../../macro/wm/lib
                         148 --		-I../../../../../macro/wm/src -I../../../../../macro/pwm/lib
                         149 --		-I../../../../../macro/i2c/riic/lib
                         150 --		-I../../../../../macro/reset/lib -I../../../../../macro/rscan/lib
                         151 --		-I../../../../../macro/uart/rlin3/lib
                         152 --		-I../../../../../macro/uart/rlin3/src
                         153 --		-I../../../../../device/d1x_common/macro_cfg/rlin3
                         154 --		-I../../../../../macro/stbc/lib
                         155 --		-I../../../../../app/gfx_apps/simple_draw/lib
                         156 --		-I../../../../../macro/adc/lib
                         157 --		-I../../../../../device/d1x_common/macro_cfg/adc7010 -G
                         158 --		--no_commons --no_implicit_include --prototype_errors
                         159 --		-DRENESAS_D1X -DR_DRW2D_OS_NO_OS -DR_DRW2D_SYS_DHD
                         160 --		-DUSED_CPU=RH850G3M -DUSE_BSP_GFX -DUSE_BSP_HMI -DUSE_BSP_STDIO
                         161 --		-DUSE_CDI -DUSE_CSISW -DUSE_DAVEHD -DUSE_DDB -DUSE_DRW2D
                         162 --		-DUSE_GFXBUS -DUSE_GPIO -DUSE_HYPB -DUSE_HYPDB -DUSE_JCUA
                         163 --		-DUSE_NFMABARE -DUSE_OCTA -DUSE_OCTACDB -DUSE_OSTM -DUSE_PBG
                         164 --		-DUSE_RIIC -DUSE_SFCDB -DUSE_SFMA -DUSE_SPEA -DUSE_TAUJ
                         165 --		-DUSE_TICK -DUSE_VDCE -DUSE_WM -DUSE_XBUS -DMAG -MD -Zuse1bit
                         166 --		-allocate_ep -cpu=rh850g3m -large_sda -list -no_callt -notda
                         167 --		-passsource -preprocess_assembly_files -registermode=22
                         168 --		-reserve_r2 --diag_warning 1 -object_dir=./obj -DUSE_VDCE_OPENLDI
                         169 --		-gnu99 -filetype.c
                         170 --		..\..\..\..\..\macro\gpu\davehd\kernel\platform\d1mx\davehd_kernel_debug_d1x.c
                         171 --		-o .\obj\davehd_kernel_debug_d1x.o
                         172 --Source File:   ..\..\..\..\..\macro\gpu\davehd\kernel\platform\d1mx\davehd_kernel_debug_d1x.c

                                                                      Page 4
                                                              C:\Users\Frank\AppData\Local\Temp\gh_0000o541.si
                         173 --Directory:     
                         174 --		C:\git\rh850\src\app\gfx_apps\simple_draw\target\d1mx_mango_ghs
                         175 --Compile Date:  Tue Oct 16 19:48:55 2018
                         176 --Host OS:       Win32
                         177 --Version:       C-RH850 2014.1.7 RELEASE VERSION
                         178 --Release:       Compiler v2014.1.7
                         179 --Revision Date: Fri Sep 05 14:10:46 2014
                         180 --Release Date:  Fri Sep 05 14:44:23 2014
                         181 -- ecom  -g -w
                         182 
                         183 	.data
                         184 	.ghsnote version,15
                         185 	.ghsnote tools,3
                         186 	.ghsnote options,144
                         187 	.text
                         188 ..bof.C.3A.5Cgit.5Crh850.5Csrc.5Capp.5Cgfx_apps.5Csimple_draw.5Ctarget.5Cd1mx_mango_ghs.5Cobj.5Cdavehd_kernel_debug_d1x...43.3A.5Cgit.5Crh850.5Csrc.5Capp.5Cgfx_apps.5Csimple_draw.5Ctarget.5Cd1mx_mango_ghs..5BC5D027..0::
                         189 ..eof.C.3A.5Cgit.5Crh850.5Csrc.5Capp.5Cgfx_apps.5Csimple_draw.5Ctarget.5Cd1mx_mango_ghs.5Cobj.5Cdavehd_kernel_debug_d1x...43.3A.5Cgit.5Crh850.5Csrc.5Capp.5Cgfx_apps.5Csimple_draw.5Ctarget.5Cd1mx_mango_ghs..5BC5D027..0::
                         190 .rh850_flags REGMODE22,DATA_ALIGN8,GP_FIX,EP_NONFIX,TP_FIX,REG2_RESERVE,G3M
