                                                                      Page 1
                                                              C:\Users\Frank\AppData\Local\Temp\gh_0000p1o1.si
Command Line: C:\GHS\V800.V2014.1.7\comp_201417\ease850.exe -w -elf -b0 -I../../../../../app/common/dhd -I../../../../../app/gfx_apps/simple_draw/src -I../../../../../app/gfx_apps/simple_draw/lib -I../../../../../bsp/board//config -I../../../../../bsp/board//src/gfx -I../../../../../bsp/board//src/hmi -I../../../../../bsp/board//src/stdio -I../../../../../bsp/board/d1mx_mango/config -I../../../../../bsp/board/d1mx_mango/src -I../../../../../bsp/board/d1mx_mango/src/gfx -I../../../../../bsp/board/d1mx_mango/src/hmi -I../../../../../bsp/board/d1mx_mango/src/stdio -I../../../../../bsp/gfx/lib -I../../../../../bsp/gfx/src -I../../../../../bsp/hmi/lib -I../../../../../bsp/hmi/src -I../../../../../bsp/lib -I../../../../../bsp/stdio/lib -I../../../../../bsp/stdio/src -I../../../../../cdi/lib -I../../../../../cdi/src -I../../../../../compiler/rh850_ghs/inc -I../../../../../device/d1mx/lib -I../../../../../device/d1mx/macro_cfg -I../../../../../device/d1mx/macro_cfg/csisw -I../../../../../device/d1mx/macro_cfg/davehd -I../../../../../device/d1mx/macro_cfg/ddb -I../../../../../device/d1mx/macro_cfg/drw2d -I../../../../../device/d1mx/macro_cfg/gfxbus -I../../../../../device/d1mx/macro_cfg/gpio -I../../../../../device/d1mx/macro_cfg/hypb -I../../../../../device/d1mx/macro_cfg/hypdb -I../../../../../device/d1mx/macro_cfg/jcua -I../../../../../device/d1mx/macro_cfg/nfmabare -I../../../../../device/d1mx/macro_cfg/octa -I../../../../../device/d1mx/macro_cfg/octacdb -I../../../../../device/d1mx/macro_cfg/ostm -I../../../../../device/d1mx/macro_cfg/pbg -I../../../../../device/d1mx/macro_cfg/riic -I../../../../../device/d1mx/macro_cfg/sfcdb -I../../../../../device/d1mx/macro_cfg/sfma -I../../../../../device/d1mx/macro_cfg/spea -I../../../../../device/d1mx/macro_cfg/tauj -I../../../../../device/d1mx/macro_cfg/tick -I../../../../../device/d1mx/macro_cfg/vdce -I../../../../../device/d1mx/macro_cfg/vowe -I../../../../../device/d1mx/macro_cfg/wm -I../../../../../device/d1mx/macro_cfg/xbus -I../../../../../device/d1mx/src/dev -I../../../../../device/d1mx/src/dhd -I../../../../../device/d1mx/src/hypb -I../../../../../device/d1mx/src/jcua -I../../../../../device/d1mx/src/nfmabare -I../../../../../device/d1mx/src/octa -I../../../../../device/d1mx/src/rh850_ghs -I../../../../../device/d1mx/src/vowe -I../../../../../device/d1x_common/macro_cfg -I../../../../../device/d1x_common/macro_cfg/csisw -I../../../../../device/d1x_common/macro_cfg/davehd -I../../../../../device/d1x_common/macro_cfg/ddb -I../../../../../device/d1x_common/macro_cfg/drw2d -I../../../../../device/d1x_common/macro_cfg/gfxbus -I../../../../../device/d1x_common/macro_cfg/gpio -I../../../../../device/d1x_common/macro_cfg/hypb -I../../../../../device/d1x_common/macro_cfg/hypdb -I../../../../../device/d1x_common/macro_cfg/jcua -I../../../../../device/d1x_common/macro_cfg/nfmabare -I../../../../../device/d1x_common/macro_cfg/octa -I../../../../../device/d1x_common/macro_cfg/octacdb -I../../../../../device/d1x_common/macro_cfg/ostm -I../../../../../device/d1x_common/macro_cfg/pbg -I../../../../../device/d1x_common/macro_cfg/riic -I../../../../../device/d1x_common/macro_cfg/sfcdb -I../../../../../device/d1x_common/macro_cfg/sfma -I../../../../../device/d1x_common/macro_cfg/spea -I../../../../../device/d1x_common/macro_cfg/tauj -I../../../../../device/d1x_common/macro_cfg/tick -I../../../../../device/d1x_common/macro_cfg/vdce -I../../../../../device/d1x_common/macro_cfg/vowe -I../../../../../device/d1x_common/macro_cfg/wm -I../../../../../device/d1x_common/macro_cfg/xbus -I../../../../../device/d1x_common/src/csisw -I../../../../../device/d1x_common/src/ddb -I../../../../../device/d1x_common/src/dev -I../../../../../device/d1x_common/src/gfxbus -I../../../../../device/d1x_common/src/gpio -I../../../../../device/d1x_common/src/ostm -I../../../../../device/d1x_common/src/pbg -I../../../../../device/d1x_common/src/riic -I../../../../../device/d1x_common/src/sfma -I../../../../../device/d1x_common/src/spea -I../../../../../device/d1x_common/src/tauj -I../../../../../device/d1x_common/src/tick -I../../../../../device/d1x_common/src/vdce -I../../../../../device/d1x_common/src/wm -I../../../../../device/d1x_common/src/xbus -I../../../../../device/lib -I../../../../../macro/bus/pbg/lib -I../../../../../macro/bus/pbg/src -I../../../../../macro/csi/csisw/lib -I../../../../../macro/csi/csisw/src -I../../../../../macro/drw2d/lib -I../../../../../macro/drw2d/platform/davehd -I../../../../../macro/drw2d/platform/os/no_os -I../../../../../macro/drw2d/src -I../../../../../macro/flashc/hypb/lib -I../../../../../macro/flashc/hypb/src -I../../../../../macro/flashc/hypdb/lib -I../../../../../macro/flashc/hypdb/src -I../../../../../macro/flashc/nfmabare/lib -I../../../../../macro/flashc/nfmabare/src -I../../../../../macro/flashc/octa/lib -I../../../../../macro/flashc/octa/src -I../../../../../macro/flashc/octacdb/lib -I../../../../../macro/flashc/octacdb/src -I../../../../../macro/flashc/sfcdb/lib -I../../../../../macro/flashc/sfcdb/src -I../../../../../macro/flashc/sfma/lib -I../../../../../macro/flashc/sfma/src -I../../../../../macro/gfxbus/lib -I../../../../../macro/gfxbus/src -I../../../../../macro/gfxbus/xbus/lib -I../../../../../macro/gfxbus/xbus/src -I../../../../../macro/gpio/lib -I../../../../../macro/gpio/src -I../../../../../macro/gpu/davehd/common/inc -I../../../../../macro/gpu/davehd/common/inc/platform -I../../../../../macro/gpu/davehd/common/inc/platform/d1mx -I../../../../../macro/gpu/davehd/docs -I../../../../../macro/gpu/davehd/kernel/inc -I../../../../../macro/gpu/davehd/kernel/platform/d1mx -I../../../../../macro/gpu/davehd/kernel/platform/d1mx/bridge -I../../../../../macro/gpu/davehd/kernel/platform/d1mx/non_threaded -I../../../../../macro/gpu/davehd/kernel/platform/ree -I../../../../../macro/gpu/davehd/kernel/src -I../../../../../macro/gpu/davehd/user/inc -I../../../../../macro/gpu/davehd/user/platform/d1mx/no_os -I../../../../../macro/gpu/davehd/user/src -I../../../../../macro/gpu/jcua/lib -I../../../../../macro/gpu/jcua/src -I../../../../../macro/i2c/riic/lib -I../../../../../macro/i2c/riic/src -I../../../../../macro/tick/lib -I../../../../../macro/tick/src -I../../../../../macro/timer/ostm/lib -I../../../../../macro/timer/ostm/src -I../../../../../macro/timer/tauj/lib -I../../../../../macro/timer/tauj/src -I../../../../../macro/vdce/lib -I../../../../../macro/vdce/src -I../../../../../macro/vo/ddb/lib -I../../../../../macro/vo/ddb/src -I../../../../../macro/vo/spea/lib -I../../../../../macro/vo/spea/src -I../../../../../macro/vo/vowe/lib -I../../../../../macro/vo/vowe/src -I../../../../../macro/wm/lib -I../../../../../macro/wm/src -I../../../../../macro/pwm/lib -I../../../../../macro/reset/lib -I../../../../../macro/rscan/lib -I../../../../../macro/uart/rlin3/lib -I../../../../../macro/uart/rlin3/src -I../../../../../device/d1x_common/macro_cfg/rlin3 -I../../../../../macro/stbc/lib -I../../../../../macro/adc/lib -I../../../../../device/d1x_common/macro_cfg/adc7010 -IC:\GHS\V800.V2014.1.7\comp_201417\lib\rh850_22 -cg_underscore -cpu=rh850g3m -no_v850_simd -rh850_fpsimd=none -nomacro -patch_dbo=C:\git\rh850\src\app\gfx_apps\simple_draw\target\d1mx_mango_ghs\obj\davehd_kernel_init_defaults_ree.dbo -source=davehd_kernel_init_defaults_ree.c -o .\obj\gh_0000p1o1.o -list=.\obj\davehd_kernel_init_defaults_ree.lst C:\Users\Frank\AppData\Local\Temp\gh_0000p1o1.si 
Original File: C:\Users\Frank\AppData\Local\Temp\gh_0000p1o1.si
Source File: davehd_kernel_init_defaults_ree.c
Directory: C:\git\rh850\src\app\gfx_apps\simple_draw\target\d1mx_mango_ghs
Host OS: Windows
EASE: Copyright (C) 1983-2014 Green Hills Software.  All Rights Reversed.
Release: Compiler v2014.1.7
Build Directory: [Directory] BTOWINBOX:c:/build_2014_1_bto/2014-09-04.2200-2014_1_bto/win32-comp-ecom
Revision: [VCInfo] http://toolsvc/branches/release-branch-2014-1-bto/src@515859 (built by build)
Revision Date: Fri Sep 05 14:05:06 2014

Release Date: Fri Sep 05 14:43:29 2014

                           1 --Driver Command: ccv850 -c -MD -I../../../../../app/common/dhd
                           2 --		-I../../../../../app/gfx_apps/simple_draw/src
                           3 --		-I../../../../../app/gfx_apps/simple_draw/lib
                           4 --		-I../../../../../bsp/board//config
                           5 --		-I../../../../../bsp/board//src/gfx
                           6 --		-I../../../../../bsp/board//src/hmi
                           7 --		-I../../../../../bsp/board//src/stdio
                           8 --		-I../../../../../bsp/board/d1mx_mango/config
                           9 --		-I../../../../../bsp/board/d1mx_mango/src
                          10 --		-I../../../../../bsp/board/d1mx_mango/src/gfx
                          11 --		-I../../../../../bsp/board/d1mx_mango/src/hmi
                          12 --		-I../../../../../bsp/board/d1mx_mango/src/stdio
                          13 --		-I../../../../../bsp/gfx/lib -I../../../../../bsp/gfx/src
                          14 --		-I../../../../../bsp/hmi/lib -I../../../../../bsp/hmi/src
                          15 --		-I../../../../../bsp/lib -I../../../../../bsp/stdio/lib
                          16 --		-I../../../../../bsp/stdio/src -I../../../../../cdi/lib
                          17 --		-I../../../../../cdi/src -I../../../../../compiler/rh850_ghs/inc
                          18 --		-I../../../../../device/d1mx/lib
                          19 --		-I../../../../../device/d1mx/macro_cfg
                          20 --		-I../../../../../device/d1mx/macro_cfg/csisw
                          21 --		-I../../../../../device/d1mx/macro_cfg/davehd
                          22 --		-I../../../../../device/d1mx/macro_cfg/ddb
                          23 --		-I../../../../../device/d1mx/macro_cfg/drw2d
                          24 --		-I../../../../../device/d1mx/macro_cfg/gfxbus
                          25 --		-I../../../../../device/d1mx/macro_cfg/gpio
                          26 --		-I../../../../../device/d1mx/macro_cfg/hypb
                          27 --		-I../../../../../device/d1mx/macro_cfg/hypdb
                          28 --		-I../../../../../device/d1mx/macro_cfg/jcua
                          29 --		-I../../../../../device/d1mx/macro_cfg/nfmabare
                          30 --		-I../../../../../device/d1mx/macro_cfg/octa
                          31 --		-I../../../../../device/d1mx/macro_cfg/octacdb
                          32 --		-I../../../../../device/d1mx/macro_cfg/ostm
                          33 --		-I../../../../../device/d1mx/macro_cfg/pbg
                          34 --		-I../../../../../device/d1mx/macro_cfg/riic
                          35 --		-I../../../../../device/d1mx/macro_cfg/sfcdb
                          36 --		-I../../../../../device/d1mx/macro_cfg/sfma
                          37 --		-I../../../../../device/d1mx/macro_cfg/spea
                          38 --		-I../../../../../device/d1mx/macro_cfg/tauj
                          39 --		-I../../../../../device/d1mx/macro_cfg/tick
                          40 --		-I../../../../../device/d1mx/macro_cfg/vdce
                          41 --		-I../../../../../device/d1mx/macro_cfg/vowe
                          42 --		-I../../../../../device/d1mx/macro_cfg/wm
                          43 --		-I../../../../../device/d1mx/macro_cfg/xbus
                          44 --		-I../../../../../device/d1mx/src/dev
                          45 --		-I../../../../../device/d1mx/src/dhd
                          46 --		-I../../../../../device/d1mx/src/hypb
                          47 --		-I../../../../../device/d1mx/src/jcua
                          48 --		-I../../../../../device/d1mx/src/nfmabare
                          49 --		-I../../../../../device/d1mx/src/octa
                          50 --		-I../../../../../device/d1mx/src/rh850_ghs

                                                                      Page 2
                                                              C:\Users\Frank\AppData\Local\Temp\gh_0000p1o1.si
                          51 --		-I../../../../../device/d1mx/src/vowe
                          52 --		-I../../../../../device/d1x_common/macro_cfg
                          53 --		-I../../../../../device/d1x_common/macro_cfg/csisw
                          54 --		-I../../../../../device/d1x_common/macro_cfg/davehd
                          55 --		-I../../../../../device/d1x_common/macro_cfg/ddb
                          56 --		-I../../../../../device/d1x_common/macro_cfg/drw2d
                          57 --		-I../../../../../device/d1x_common/macro_cfg/gfxbus
                          58 --		-I../../../../../device/d1x_common/macro_cfg/gpio
                          59 --		-I../../../../../device/d1x_common/macro_cfg/hypb
                          60 --		-I../../../../../device/d1x_common/macro_cfg/hypdb
                          61 --		-I../../../../../device/d1x_common/macro_cfg/jcua
                          62 --		-I../../../../../device/d1x_common/macro_cfg/nfmabare
                          63 --		-I../../../../../device/d1x_common/macro_cfg/octa
                          64 --		-I../../../../../device/d1x_common/macro_cfg/octacdb
                          65 --		-I../../../../../device/d1x_common/macro_cfg/ostm
                          66 --		-I../../../../../device/d1x_common/macro_cfg/pbg
                          67 --		-I../../../../../device/d1x_common/macro_cfg/riic
                          68 --		-I../../../../../device/d1x_common/macro_cfg/sfcdb
                          69 --		-I../../../../../device/d1x_common/macro_cfg/sfma
                          70 --		-I../../../../../device/d1x_common/macro_cfg/spea
                          71 --		-I../../../../../device/d1x_common/macro_cfg/tauj
                          72 --		-I../../../../../device/d1x_common/macro_cfg/tick
                          73 --		-I../../../../../device/d1x_common/macro_cfg/vdce
                          74 --		-I../../../../../device/d1x_common/macro_cfg/vowe
                          75 --		-I../../../../../device/d1x_common/macro_cfg/wm
                          76 --		-I../../../../../device/d1x_common/macro_cfg/xbus
                          77 --		-I../../../../../device/d1x_common/src/csisw
                          78 --		-I../../../../../device/d1x_common/src/ddb
                          79 --		-I../../../../../device/d1x_common/src/dev
                          80 --		-I../../../../../device/d1x_common/src/gfxbus
                          81 --		-I../../../../../device/d1x_common/src/gpio
                          82 --		-I../../../../../device/d1x_common/src/ostm
                          83 --		-I../../../../../device/d1x_common/src/pbg
                          84 --		-I../../../../../device/d1x_common/src/riic
                          85 --		-I../../../../../device/d1x_common/src/sfma
                          86 --		-I../../../../../device/d1x_common/src/spea
                          87 --		-I../../../../../device/d1x_common/src/tauj
                          88 --		-I../../../../../device/d1x_common/src/tick
                          89 --		-I../../../../../device/d1x_common/src/vdce
                          90 --		-I../../../../../device/d1x_common/src/wm
                          91 --		-I../../../../../device/d1x_common/src/xbus
                          92 --		-I../../../../../device/lib -I../../../../../macro/bus/pbg/lib
                          93 --		-I../../../../../macro/bus/pbg/src
                          94 --		-I../../../../../macro/csi/csisw/lib
                          95 --		-I../../../../../macro/csi/csisw/src
                          96 --		-I../../../../../macro/drw2d/lib
                          97 --		-I../../../../../macro/drw2d/platform/davehd
                          98 --		-I../../../../../macro/drw2d/platform/os/no_os
                          99 --		-I../../../../../macro/drw2d/src
                         100 --		-I../../../../../macro/flashc/hypb/lib
                         101 --		-I../../../../../macro/flashc/hypb/src
                         102 --		-I../../../../../macro/flashc/hypdb/lib
                         103 --		-I../../../../../macro/flashc/hypdb/src
                         104 --		-I../../../../../macro/flashc/nfmabare/lib
                         105 --		-I../../../../../macro/flashc/nfmabare/src
                         106 --		-I../../../../../macro/flashc/octa/lib
                         107 --		-I../../../../../macro/flashc/octa/src
                         108 --		-I../../../../../macro/flashc/octacdb/lib
                         109 --		-I../../../../../macro/flashc/octacdb/src
                         110 --		-I../../../../../macro/flashc/sfcdb/lib
                         111 --		-I../../../../../macro/flashc/sfcdb/src

                                                                      Page 3
                                                              C:\Users\Frank\AppData\Local\Temp\gh_0000p1o1.si
                         112 --		-I../../../../../macro/flashc/sfma/lib
                         113 --		-I../../../../../macro/flashc/sfma/src
                         114 --		-I../../../../../macro/gfxbus/lib
                         115 --		-I../../../../../macro/gfxbus/src
                         116 --		-I../../../../../macro/gfxbus/xbus/lib
                         117 --		-I../../../../../macro/gfxbus/xbus/src
                         118 --		-I../../../../../macro/gpio/lib -I../../../../../macro/gpio/src
                         119 --		-I../../../../../macro/gpu/davehd/common/inc
                         120 --		-I../../../../../macro/gpu/davehd/common/inc/platform
                         121 --		-I../../../../../macro/gpu/davehd/common/inc/platform/d1mx
                         122 --		-I../../../../../macro/gpu/davehd/docs
                         123 --		-I../../../../../macro/gpu/davehd/kernel/inc
                         124 --		-I../../../../../macro/gpu/davehd/kernel/platform/d1mx
                         125 --		-I../../../../../macro/gpu/davehd/kernel/platform/d1mx/bridge
                         126 --		-I../../../../../macro/gpu/davehd/kernel/platform/d1mx/non_threaded
                         127 --		-I../../../../../macro/gpu/davehd/kernel/platform/ree
                         128 --		-I../../../../../macro/gpu/davehd/kernel/src
                         129 --		-I../../../../../macro/gpu/davehd/user/inc
                         130 --		-I../../../../../macro/gpu/davehd/user/platform/d1mx/no_os
                         131 --		-I../../../../../macro/gpu/davehd/user/src
                         132 --		-I../../../../../macro/gpu/jcua/lib
                         133 --		-I../../../../../macro/gpu/jcua/src
                         134 --		-I../../../../../macro/i2c/riic/lib
                         135 --		-I../../../../../macro/i2c/riic/src
                         136 --		-I../../../../../macro/tick/lib -I../../../../../macro/tick/src
                         137 --		-I../../../../../macro/timer/ostm/lib
                         138 --		-I../../../../../macro/timer/ostm/src
                         139 --		-I../../../../../macro/timer/tauj/lib
                         140 --		-I../../../../../macro/timer/tauj/src
                         141 --		-I../../../../../macro/vdce/lib -I../../../../../macro/vdce/src
                         142 --		-I../../../../../macro/vo/ddb/lib
                         143 --		-I../../../../../macro/vo/ddb/src
                         144 --		-I../../../../../macro/vo/spea/lib
                         145 --		-I../../../../../macro/vo/spea/src
                         146 --		-I../../../../../macro/vo/vowe/lib
                         147 --		-I../../../../../macro/vo/vowe/src -I../../../../../macro/wm/lib
                         148 --		-I../../../../../macro/wm/src -I../../../../../macro/pwm/lib
                         149 --		-I../../../../../macro/i2c/riic/lib
                         150 --		-I../../../../../macro/reset/lib -I../../../../../macro/rscan/lib
                         151 --		-I../../../../../macro/uart/rlin3/lib
                         152 --		-I../../../../../macro/uart/rlin3/src
                         153 --		-I../../../../../device/d1x_common/macro_cfg/rlin3
                         154 --		-I../../../../../macro/stbc/lib
                         155 --		-I../../../../../app/gfx_apps/simple_draw/lib
                         156 --		-I../../../../../macro/adc/lib
                         157 --		-I../../../../../device/d1x_common/macro_cfg/adc7010 -G
                         158 --		--no_commons --no_implicit_include --prototype_errors
                         159 --		-DRENESAS_D1X -DR_DRW2D_OS_NO_OS -DR_DRW2D_SYS_DHD
                         160 --		-DUSED_CPU=RH850G3M -DUSE_BSP_GFX -DUSE_BSP_HMI -DUSE_BSP_STDIO
                         161 --		-DUSE_CDI -DUSE_CSISW -DUSE_DAVEHD -DUSE_DDB -DUSE_DRW2D
                         162 --		-DUSE_GFXBUS -DUSE_GPIO -DUSE_HYPB -DUSE_HYPDB -DUSE_JCUA
                         163 --		-DUSE_NFMABARE -DUSE_OCTA -DUSE_OCTACDB -DUSE_OSTM -DUSE_PBG
                         164 --		-DUSE_RIIC -DUSE_SFCDB -DUSE_SFMA -DUSE_SPEA -DUSE_TAUJ
                         165 --		-DUSE_TICK -DUSE_VDCE -DUSE_WM -DUSE_XBUS -DMAG -MD -Zuse1bit
                         166 --		-allocate_ep -cpu=rh850g3m -large_sda -list -no_callt -notda
                         167 --		-passsource -preprocess_assembly_files -registermode=22
                         168 --		-reserve_r2 --diag_warning 1 -object_dir=./obj -DUSE_VDCE_OPENLDI
                         169 --		-gnu99 -filetype.c
                         170 --		..\..\..\..\..\macro\gpu\davehd\kernel\platform\ree\davehd_kernel_init_defaults_ree.c
                         171 --		-o .\obj\davehd_kernel_init_defaults_ree.o
                         172 --Source File:   ..\..\..\..\..\macro\gpu\davehd\kernel\platform\ree\davehd_kernel_init_defaults_ree.c

                                                                      Page 4
                                                              C:\Users\Frank\AppData\Local\Temp\gh_0000p1o1.si
                         173 --Directory:     
                         174 --		C:\git\rh850\src\app\gfx_apps\simple_draw\target\d1mx_mango_ghs
                         175 --Compile Date:  Tue Oct 16 19:48:55 2018
                         176 --Host OS:       Win32
                         177 --Version:       C-RH850 2014.1.7 RELEASE VERSION
                         178 --Release:       Compiler v2014.1.7
                         179 --Revision Date: Fri Sep 05 14:10:46 2014
                         180 --Release Date:  Fri Sep 05 14:44:23 2014
                         181 -- ecom  -g -w
                         182 
                         183 	.section ".rodata","a"
                         184 	.align	4
                         185 	.global	_dhd_reset_state
00000000 00000000        186 _dhd_reset_state:	.space	4
00000004 00000000        187 	.space	4
00000008 00000000        188 	.space	4
0000000c 00000000        189 	.space	4
00000010 00000000        190 	.space	4
00000014 00000000        191 	.space	4
00000018 00000000        192 	.space	4
0000001c 00000000        193 	.space	4
00000020 00000000        194 	.space	4
00000024 00000000        195 	.space	4
00000028 00000000        196 	.space	4
0000002c 00000000        197 	.space	4
00000030 00000000        198 	.space	4
00000034 00000000        199 	.space	4
00000038 00000000        200 	.space	4
0000003c 00000000        201 	.space	4
00000040 00000000        202 	.space	4
00000044 00000000        203 	.space	4
00000048 00000000        204 	.space	4
0000004c 00000000        205 	.space	4
00000050 00000000        206 	.space	4
00000054 00000000        207 	.space	4
00000058 00000000        208 	.space	4
0000005c 00000000        209 	.space	4
00000060 00000000        210 	.space	4
00000064 00000000        211 	.space	4
00000068 00000000        212 	.space	4
0000006c 00000000        213 	.space	4
00000070 ff0fff0f        214 	.byte	255,15,255,15
00000074 00000000        215 	.space	4
00000078 00000000        216 	.space	4
0000007c 0000803f        217 	.byte	0,0,128,63
00000080 00000000        218 	.space	4
00000084 00000000        219 	.space	4
00000088 0000803f        220 	.byte	0,0,128,63
0000008c 00000000        221 	.space	4
00000090 00000000        222 	.space	4
00000094 0000803f        223 	.byte	0,0,128,63
00000098 00000000        224 	.space	4
0000009c 00000000        225 	.space	4
000000a0 0000803f        226 	.byte	0,0,128,63
000000a4 00000000        227 	.space	4
000000a8 ff000000        228 	.byte	255,0,0,0
000000ac 00000000        229 	.space	4
000000b0 00000000        230 	.space	4
000000b4 00000000        231 	.space	4
000000b8 0000803f        232 	.byte	0,0,128,63
000000bc 00000000        233 	.space	4

                                                                      Page 5
                                                              C:\Users\Frank\AppData\Local\Temp\gh_0000p1o1.si
000000c0 00000000        234 	.space	4
000000c4 0000803f        235 	.byte	0,0,128,63
000000c8 00000000        236 	.space	4
000000cc 00000000        237 	.space	4
000000d0 0000803f        238 	.byte	0,0,128,63
000000d4 00000000        239 	.space	4
000000d8 00000000        240 	.space	4
000000dc 00010000        241 	.byte	0,1,0,0
000000e0 00000000        242 	.space	4
000000e4 70705505        243 	.byte	112,112,85,5
000000e8 ff00ff00        244 	.byte	255,0,255,0
000000ec 00000000        245 	.space	4
000000f0 00000101        246 	.byte	0,0,1,1
000000f4 00000000        247 	.space	4
000000f8 00000101        248 	.byte	0,0,1,1
000000fc 00000000        249 	.space	4
00000100 01000000        250 	.byte	1,0,0,0
00000104 07000000        251 	.byte	7,0,0,0
00000108 00000000        252 	.space	4
0000010c ff001000        253 	.byte	255,0,16,0
00000110 00000000        254 	.space	4
00000114 ffffffff        255 	.byte	255,255,255,255
00000118 ffffffff        256 	.byte	255,255,255,255
0000011c ffffffff        257 	.byte	255,255,255,255
00000120 ffffffff        258 	.byte	255,255,255,255
00000124 00000000        259 	.space	4
00000128 00000000        260 	.space	4
0000012c 00000000        261 	.space	4
00000130 00000000        262 	.space	4
00000134 00000000        263 	.space	4
00000138 00000000        264 	.space	4
0000013c 01000000        265 	.byte	1,0,0,0
00000140 00000000        266 	.space	4
00000144 00000000        267 	.space	4
00000148 00000000        268 	.space	4
0000014c 00000000        269 	.space	4
00000150 00000000        270 	.space	4
00000154 00000000        271 	.space	4
00000158 01000000        272 	.byte	1,0,0,0
0000015c c0060000        273 	.byte	192,6,0,0
00000160 c0060000        274 	.byte	192,6,0,0
00000164 c0060000        275 	.byte	192,6,0,0
00000168 c0060000        276 	.byte	192,6,0,0
0000016c c3060300        277 	.byte	195,6,3,0
00000170 01100110        278 	.byte	1,16,1,16
00000174 c0060000        279 	.byte	192,6,0,0
00000178 c0060000        280 	.byte	192,6,0,0
0000017c c0060000        281 	.byte	192,6,0,0
00000180 c0060000        282 	.byte	192,6,0,0
00000184 c3060300        283 	.byte	195,6,3,0
00000188 01100110        284 	.byte	1,16,1,16
0000018c c0060000        285 	.byte	192,6,0,0
00000190 c0060000        286 	.byte	192,6,0,0
00000194 c0060000        287 	.byte	192,6,0,0
00000198 c0060000        288 	.byte	192,6,0,0
0000019c c3060300        289 	.byte	195,6,3,0
000001a0 01100110        290 	.byte	1,16,1,16
000001a4 00000000        291 	.space	4
000001a8 00000000        292 	.space	4
000001ac 220d2201        293 	.byte	34,13,34,1
000001b0 00000000        294 	.space	4

                                                                      Page 6
                                                              C:\Users\Frank\AppData\Local\Temp\gh_0000p1o1.si
000001b4 0f000100        295 	.byte	15,0,1,0
000001b8 00000000        296 	.space	4
000001bc 00000000        297 	.space	4
000001c0 3b000000        298 	.byte	59,0,0,0
000001c4 3b000000        299 	.byte	59,0,0,0
000001c8 3b000000        300 	.byte	59,0,0,0
000001cc 3b000000        301 	.byte	59,0,0,0
000001d0 ffffffff        302 	.byte	255,255,255,255
000001d4 00000000        303 	.space	4
000001d8 00000f00        304 	.byte	0,0,15,0
000001dc 00000000        305 	.space	4
                         306 	.type	_dhd_reset_state,@object
                         307 	.size	_dhd_reset_state,480
                         308 	.data
                         309 	.ghsnote version,15
                         310 	.ghsnote tools,3
                         311 	.ghsnote options,144
                         312 	.text
                         313 ..bof.C.3A.5Cgit.5Crh850.5Csrc.5Capp.5Cgfx_apps.5Csimple_draw.5Ctarget.5Cd1mx_mango_ghs.5Cobj.5Cdavehd_kernel_init_defaults_ree...43.3A.5Cgit.5Crh850.5Csrc.5Capp.5Cgfx_apps.5Csimple_draw.5Ctarget.5Cd1mx_mango_ghs..5BC5D027..0::
                         314 ..eof.C.3A.5Cgit.5Crh850.5Csrc.5Capp.5Cgfx_apps.5Csimple_draw.5Ctarget.5Cd1mx_mango_ghs.5Cobj.5Cdavehd_kernel_init_defaults_ree...43.3A.5Cgit.5Crh850.5Csrc.5Capp.5Cgfx_apps.5Csimple_draw.5Ctarget.5Cd1mx_mango_ghs..5BC5D027..0::
                         315 .rh850_flags REGMODE22,DATA_ALIGN8,GP_FIX,EP_NONFIX,TP_FIX,REG2_RESERVE,G3M
