                                                                      Page 1
                                                              C:\Users\Frank\AppData\Local\Temp\gh_0000nqs1.si
Command Line: C:\GHS\V800.V2014.1.7\comp_201417\ease850.exe -w -elf -b0 -I../../../../../app/common/dhd -I../../../../../app/gfx_apps/simple_draw/src -I../../../../../app/gfx_apps/simple_draw/lib -I../../../../../bsp/board//config -I../../../../../bsp/board//src/gfx -I../../../../../bsp/board//src/hmi -I../../../../../bsp/board//src/stdio -I../../../../../bsp/board/d1mx_mango/config -I../../../../../bsp/board/d1mx_mango/src -I../../../../../bsp/board/d1mx_mango/src/gfx -I../../../../../bsp/board/d1mx_mango/src/hmi -I../../../../../bsp/board/d1mx_mango/src/stdio -I../../../../../bsp/gfx/lib -I../../../../../bsp/gfx/src -I../../../../../bsp/hmi/lib -I../../../../../bsp/hmi/src -I../../../../../bsp/lib -I../../../../../bsp/stdio/lib -I../../../../../bsp/stdio/src -I../../../../../cdi/lib -I../../../../../cdi/src -I../../../../../compiler/rh850_ghs/inc -I../../../../../device/d1mx/lib -I../../../../../device/d1mx/macro_cfg -I../../../../../device/d1mx/macro_cfg/csisw -I../../../../../device/d1mx/macro_cfg/davehd -I../../../../../device/d1mx/macro_cfg/ddb -I../../../../../device/d1mx/macro_cfg/drw2d -I../../../../../device/d1mx/macro_cfg/gfxbus -I../../../../../device/d1mx/macro_cfg/gpio -I../../../../../device/d1mx/macro_cfg/hypb -I../../../../../device/d1mx/macro_cfg/hypdb -I../../../../../device/d1mx/macro_cfg/jcua -I../../../../../device/d1mx/macro_cfg/nfmabare -I../../../../../device/d1mx/macro_cfg/octa -I../../../../../device/d1mx/macro_cfg/octacdb -I../../../../../device/d1mx/macro_cfg/ostm -I../../../../../device/d1mx/macro_cfg/pbg -I../../../../../device/d1mx/macro_cfg/riic -I../../../../../device/d1mx/macro_cfg/sfcdb -I../../../../../device/d1mx/macro_cfg/sfma -I../../../../../device/d1mx/macro_cfg/spea -I../../../../../device/d1mx/macro_cfg/tauj -I../../../../../device/d1mx/macro_cfg/tick -I../../../../../device/d1mx/macro_cfg/vdce -I../../../../../device/d1mx/macro_cfg/vowe -I../../../../../device/d1mx/macro_cfg/wm -I../../../../../device/d1mx/macro_cfg/xbus -I../../../../../device/d1mx/src/dev -I../../../../../device/d1mx/src/dhd -I../../../../../device/d1mx/src/hypb -I../../../../../device/d1mx/src/jcua -I../../../../../device/d1mx/src/nfmabare -I../../../../../device/d1mx/src/octa -I../../../../../device/d1mx/src/rh850_ghs -I../../../../../device/d1mx/src/vowe -I../../../../../device/d1x_common/macro_cfg -I../../../../../device/d1x_common/macro_cfg/csisw -I../../../../../device/d1x_common/macro_cfg/davehd -I../../../../../device/d1x_common/macro_cfg/ddb -I../../../../../device/d1x_common/macro_cfg/drw2d -I../../../../../device/d1x_common/macro_cfg/gfxbus -I../../../../../device/d1x_common/macro_cfg/gpio -I../../../../../device/d1x_common/macro_cfg/hypb -I../../../../../device/d1x_common/macro_cfg/hypdb -I../../../../../device/d1x_common/macro_cfg/jcua -I../../../../../device/d1x_common/macro_cfg/nfmabare -I../../../../../device/d1x_common/macro_cfg/octa -I../../../../../device/d1x_common/macro_cfg/octacdb -I../../../../../device/d1x_common/macro_cfg/ostm -I../../../../../device/d1x_common/macro_cfg/pbg -I../../../../../device/d1x_common/macro_cfg/riic -I../../../../../device/d1x_common/macro_cfg/sfcdb -I../../../../../device/d1x_common/macro_cfg/sfma -I../../../../../device/d1x_common/macro_cfg/spea -I../../../../../device/d1x_common/macro_cfg/tauj -I../../../../../device/d1x_common/macro_cfg/tick -I../../../../../device/d1x_common/macro_cfg/vdce -I../../../../../device/d1x_common/macro_cfg/vowe -I../../../../../device/d1x_common/macro_cfg/wm -I../../../../../device/d1x_common/macro_cfg/xbus -I../../../../../device/d1x_common/src/csisw -I../../../../../device/d1x_common/src/ddb -I../../../../../device/d1x_common/src/dev -I../../../../../device/d1x_common/src/gfxbus -I../../../../../device/d1x_common/src/gpio -I../../../../../device/d1x_common/src/ostm -I../../../../../device/d1x_common/src/pbg -I../../../../../device/d1x_common/src/riic -I../../../../../device/d1x_common/src/sfma -I../../../../../device/d1x_common/src/spea -I../../../../../device/d1x_common/src/tauj -I../../../../../device/d1x_common/src/tick -I../../../../../device/d1x_common/src/vdce -I../../../../../device/d1x_common/src/wm -I../../../../../device/d1x_common/src/xbus -I../../../../../device/lib -I../../../../../macro/bus/pbg/lib -I../../../../../macro/bus/pbg/src -I../../../../../macro/csi/csisw/lib -I../../../../../macro/csi/csisw/src -I../../../../../macro/drw2d/lib -I../../../../../macro/drw2d/platform/davehd -I../../../../../macro/drw2d/platform/os/no_os -I../../../../../macro/drw2d/src -I../../../../../macro/flashc/hypb/lib -I../../../../../macro/flashc/hypb/src -I../../../../../macro/flashc/hypdb/lib -I../../../../../macro/flashc/hypdb/src -I../../../../../macro/flashc/nfmabare/lib -I../../../../../macro/flashc/nfmabare/src -I../../../../../macro/flashc/octa/lib -I../../../../../macro/flashc/octa/src -I../../../../../macro/flashc/octacdb/lib -I../../../../../macro/flashc/octacdb/src -I../../../../../macro/flashc/sfcdb/lib -I../../../../../macro/flashc/sfcdb/src -I../../../../../macro/flashc/sfma/lib -I../../../../../macro/flashc/sfma/src -I../../../../../macro/gfxbus/lib -I../../../../../macro/gfxbus/src -I../../../../../macro/gfxbus/xbus/lib -I../../../../../macro/gfxbus/xbus/src -I../../../../../macro/gpio/lib -I../../../../../macro/gpio/src -I../../../../../macro/gpu/davehd/common/inc -I../../../../../macro/gpu/davehd/common/inc/platform -I../../../../../macro/gpu/davehd/common/inc/platform/d1mx -I../../../../../macro/gpu/davehd/docs -I../../../../../macro/gpu/davehd/kernel/inc -I../../../../../macro/gpu/davehd/kernel/platform/d1mx -I../../../../../macro/gpu/davehd/kernel/platform/d1mx/bridge -I../../../../../macro/gpu/davehd/kernel/platform/d1mx/non_threaded -I../../../../../macro/gpu/davehd/kernel/platform/ree -I../../../../../macro/gpu/davehd/kernel/src -I../../../../../macro/gpu/davehd/user/inc -I../../../../../macro/gpu/davehd/user/platform/d1mx/no_os -I../../../../../macro/gpu/davehd/user/src -I../../../../../macro/gpu/jcua/lib -I../../../../../macro/gpu/jcua/src -I../../../../../macro/i2c/riic/lib -I../../../../../macro/i2c/riic/src -I../../../../../macro/tick/lib -I../../../../../macro/tick/src -I../../../../../macro/timer/ostm/lib -I../../../../../macro/timer/ostm/src -I../../../../../macro/timer/tauj/lib -I../../../../../macro/timer/tauj/src -I../../../../../macro/vdce/lib -I../../../../../macro/vdce/src -I../../../../../macro/vo/ddb/lib -I../../../../../macro/vo/ddb/src -I../../../../../macro/vo/spea/lib -I../../../../../macro/vo/spea/src -I../../../../../macro/vo/vowe/lib -I../../../../../macro/vo/vowe/src -I../../../../../macro/wm/lib -I../../../../../macro/wm/src -I../../../../../macro/pwm/lib -I../../../../../macro/reset/lib -I../../../../../macro/rscan/lib -I../../../../../macro/uart/rlin3/lib -I../../../../../macro/uart/rlin3/src -I../../../../../device/d1x_common/macro_cfg/rlin3 -I../../../../../macro/stbc/lib -I../../../../../macro/adc/lib -I../../../../../device/d1x_common/macro_cfg/adc7010 -IC:\GHS\V800.V2014.1.7\comp_201417\lib\rh850_22 -cg_underscore -cpu=rh850g3m -no_v850_simd -rh850_fpsimd=none -nomacro -patch_dbo=C:\git\rh850\src\app\gfx_apps\simple_draw\target\d1mx_mango_ghs\obj\r_octacdb_macromix.dbo -source=r_octacdb_macromix.c -o .\obj\gh_0000nqs1.o -list=.\obj\r_octacdb_macromix.lst C:\Users\Frank\AppData\Local\Temp\gh_0000nqs1.si 
Original File: C:\Users\Frank\AppData\Local\Temp\gh_0000nqs1.si
Source File: r_octacdb_macromix.c
Directory: C:\git\rh850\src\app\gfx_apps\simple_draw\target\d1mx_mango_ghs
Host OS: Windows
EASE: Copyright (C) 1983-2014 Green Hills Software.  All Rights Reversed.
Release: Compiler v2014.1.7
Build Directory: [Directory] BTOWINBOX:c:/build_2014_1_bto/2014-09-04.2200-2014_1_bto/win32-comp-ecom
Revision: [VCInfo] http://toolsvc/branches/release-branch-2014-1-bto/src@515859 (built by build)
Revision Date: Fri Sep 05 14:05:06 2014

Release Date: Fri Sep 05 14:43:29 2014

                           1 --Driver Command: ccv850 -c -MD -I../../../../../app/common/dhd
                           2 --		-I../../../../../app/gfx_apps/simple_draw/src
                           3 --		-I../../../../../app/gfx_apps/simple_draw/lib
                           4 --		-I../../../../../bsp/board//config
                           5 --		-I../../../../../bsp/board//src/gfx
                           6 --		-I../../../../../bsp/board//src/hmi
                           7 --		-I../../../../../bsp/board//src/stdio
                           8 --		-I../../../../../bsp/board/d1mx_mango/config
                           9 --		-I../../../../../bsp/board/d1mx_mango/src
                          10 --		-I../../../../../bsp/board/d1mx_mango/src/gfx
                          11 --		-I../../../../../bsp/board/d1mx_mango/src/hmi
                          12 --		-I../../../../../bsp/board/d1mx_mango/src/stdio
                          13 --		-I../../../../../bsp/gfx/lib -I../../../../../bsp/gfx/src
                          14 --		-I../../../../../bsp/hmi/lib -I../../../../../bsp/hmi/src
                          15 --		-I../../../../../bsp/lib -I../../../../../bsp/stdio/lib
                          16 --		-I../../../../../bsp/stdio/src -I../../../../../cdi/lib
                          17 --		-I../../../../../cdi/src -I../../../../../compiler/rh850_ghs/inc
                          18 --		-I../../../../../device/d1mx/lib
                          19 --		-I../../../../../device/d1mx/macro_cfg
                          20 --		-I../../../../../device/d1mx/macro_cfg/csisw
                          21 --		-I../../../../../device/d1mx/macro_cfg/davehd
                          22 --		-I../../../../../device/d1mx/macro_cfg/ddb
                          23 --		-I../../../../../device/d1mx/macro_cfg/drw2d
                          24 --		-I../../../../../device/d1mx/macro_cfg/gfxbus
                          25 --		-I../../../../../device/d1mx/macro_cfg/gpio
                          26 --		-I../../../../../device/d1mx/macro_cfg/hypb
                          27 --		-I../../../../../device/d1mx/macro_cfg/hypdb
                          28 --		-I../../../../../device/d1mx/macro_cfg/jcua
                          29 --		-I../../../../../device/d1mx/macro_cfg/nfmabare
                          30 --		-I../../../../../device/d1mx/macro_cfg/octa
                          31 --		-I../../../../../device/d1mx/macro_cfg/octacdb
                          32 --		-I../../../../../device/d1mx/macro_cfg/ostm
                          33 --		-I../../../../../device/d1mx/macro_cfg/pbg
                          34 --		-I../../../../../device/d1mx/macro_cfg/riic
                          35 --		-I../../../../../device/d1mx/macro_cfg/sfcdb
                          36 --		-I../../../../../device/d1mx/macro_cfg/sfma
                          37 --		-I../../../../../device/d1mx/macro_cfg/spea
                          38 --		-I../../../../../device/d1mx/macro_cfg/tauj
                          39 --		-I../../../../../device/d1mx/macro_cfg/tick
                          40 --		-I../../../../../device/d1mx/macro_cfg/vdce
                          41 --		-I../../../../../device/d1mx/macro_cfg/vowe
                          42 --		-I../../../../../device/d1mx/macro_cfg/wm
                          43 --		-I../../../../../device/d1mx/macro_cfg/xbus
                          44 --		-I../../../../../device/d1mx/src/dev
                          45 --		-I../../../../../device/d1mx/src/dhd
                          46 --		-I../../../../../device/d1mx/src/hypb
                          47 --		-I../../../../../device/d1mx/src/jcua
                          48 --		-I../../../../../device/d1mx/src/nfmabare
                          49 --		-I../../../../../device/d1mx/src/octa
                          50 --		-I../../../../../device/d1mx/src/rh850_ghs

                                                                      Page 2
                                                              C:\Users\Frank\AppData\Local\Temp\gh_0000nqs1.si
                          51 --		-I../../../../../device/d1mx/src/vowe
                          52 --		-I../../../../../device/d1x_common/macro_cfg
                          53 --		-I../../../../../device/d1x_common/macro_cfg/csisw
                          54 --		-I../../../../../device/d1x_common/macro_cfg/davehd
                          55 --		-I../../../../../device/d1x_common/macro_cfg/ddb
                          56 --		-I../../../../../device/d1x_common/macro_cfg/drw2d
                          57 --		-I../../../../../device/d1x_common/macro_cfg/gfxbus
                          58 --		-I../../../../../device/d1x_common/macro_cfg/gpio
                          59 --		-I../../../../../device/d1x_common/macro_cfg/hypb
                          60 --		-I../../../../../device/d1x_common/macro_cfg/hypdb
                          61 --		-I../../../../../device/d1x_common/macro_cfg/jcua
                          62 --		-I../../../../../device/d1x_common/macro_cfg/nfmabare
                          63 --		-I../../../../../device/d1x_common/macro_cfg/octa
                          64 --		-I../../../../../device/d1x_common/macro_cfg/octacdb
                          65 --		-I../../../../../device/d1x_common/macro_cfg/ostm
                          66 --		-I../../../../../device/d1x_common/macro_cfg/pbg
                          67 --		-I../../../../../device/d1x_common/macro_cfg/riic
                          68 --		-I../../../../../device/d1x_common/macro_cfg/sfcdb
                          69 --		-I../../../../../device/d1x_common/macro_cfg/sfma
                          70 --		-I../../../../../device/d1x_common/macro_cfg/spea
                          71 --		-I../../../../../device/d1x_common/macro_cfg/tauj
                          72 --		-I../../../../../device/d1x_common/macro_cfg/tick
                          73 --		-I../../../../../device/d1x_common/macro_cfg/vdce
                          74 --		-I../../../../../device/d1x_common/macro_cfg/vowe
                          75 --		-I../../../../../device/d1x_common/macro_cfg/wm
                          76 --		-I../../../../../device/d1x_common/macro_cfg/xbus
                          77 --		-I../../../../../device/d1x_common/src/csisw
                          78 --		-I../../../../../device/d1x_common/src/ddb
                          79 --		-I../../../../../device/d1x_common/src/dev
                          80 --		-I../../../../../device/d1x_common/src/gfxbus
                          81 --		-I../../../../../device/d1x_common/src/gpio
                          82 --		-I../../../../../device/d1x_common/src/ostm
                          83 --		-I../../../../../device/d1x_common/src/pbg
                          84 --		-I../../../../../device/d1x_common/src/riic
                          85 --		-I../../../../../device/d1x_common/src/sfma
                          86 --		-I../../../../../device/d1x_common/src/spea
                          87 --		-I../../../../../device/d1x_common/src/tauj
                          88 --		-I../../../../../device/d1x_common/src/tick
                          89 --		-I../../../../../device/d1x_common/src/vdce
                          90 --		-I../../../../../device/d1x_common/src/wm
                          91 --		-I../../../../../device/d1x_common/src/xbus
                          92 --		-I../../../../../device/lib -I../../../../../macro/bus/pbg/lib
                          93 --		-I../../../../../macro/bus/pbg/src
                          94 --		-I../../../../../macro/csi/csisw/lib
                          95 --		-I../../../../../macro/csi/csisw/src
                          96 --		-I../../../../../macro/drw2d/lib
                          97 --		-I../../../../../macro/drw2d/platform/davehd
                          98 --		-I../../../../../macro/drw2d/platform/os/no_os
                          99 --		-I../../../../../macro/drw2d/src
                         100 --		-I../../../../../macro/flashc/hypb/lib
                         101 --		-I../../../../../macro/flashc/hypb/src
                         102 --		-I../../../../../macro/flashc/hypdb/lib
                         103 --		-I../../../../../macro/flashc/hypdb/src
                         104 --		-I../../../../../macro/flashc/nfmabare/lib
                         105 --		-I../../../../../macro/flashc/nfmabare/src
                         106 --		-I../../../../../macro/flashc/octa/lib
                         107 --		-I../../../../../macro/flashc/octa/src
                         108 --		-I../../../../../macro/flashc/octacdb/lib
                         109 --		-I../../../../../macro/flashc/octacdb/src
                         110 --		-I../../../../../macro/flashc/sfcdb/lib
                         111 --		-I../../../../../macro/flashc/sfcdb/src

                                                                      Page 3
                                                              C:\Users\Frank\AppData\Local\Temp\gh_0000nqs1.si
                         112 --		-I../../../../../macro/flashc/sfma/lib
                         113 --		-I../../../../../macro/flashc/sfma/src
                         114 --		-I../../../../../macro/gfxbus/lib
                         115 --		-I../../../../../macro/gfxbus/src
                         116 --		-I../../../../../macro/gfxbus/xbus/lib
                         117 --		-I../../../../../macro/gfxbus/xbus/src
                         118 --		-I../../../../../macro/gpio/lib -I../../../../../macro/gpio/src
                         119 --		-I../../../../../macro/gpu/davehd/common/inc
                         120 --		-I../../../../../macro/gpu/davehd/common/inc/platform
                         121 --		-I../../../../../macro/gpu/davehd/common/inc/platform/d1mx
                         122 --		-I../../../../../macro/gpu/davehd/docs
                         123 --		-I../../../../../macro/gpu/davehd/kernel/inc
                         124 --		-I../../../../../macro/gpu/davehd/kernel/platform/d1mx
                         125 --		-I../../../../../macro/gpu/davehd/kernel/platform/d1mx/bridge
                         126 --		-I../../../../../macro/gpu/davehd/kernel/platform/d1mx/non_threaded
                         127 --		-I../../../../../macro/gpu/davehd/kernel/platform/ree
                         128 --		-I../../../../../macro/gpu/davehd/kernel/src
                         129 --		-I../../../../../macro/gpu/davehd/user/inc
                         130 --		-I../../../../../macro/gpu/davehd/user/platform/d1mx/no_os
                         131 --		-I../../../../../macro/gpu/davehd/user/src
                         132 --		-I../../../../../macro/gpu/jcua/lib
                         133 --		-I../../../../../macro/gpu/jcua/src
                         134 --		-I../../../../../macro/i2c/riic/lib
                         135 --		-I../../../../../macro/i2c/riic/src
                         136 --		-I../../../../../macro/tick/lib -I../../../../../macro/tick/src
                         137 --		-I../../../../../macro/timer/ostm/lib
                         138 --		-I../../../../../macro/timer/ostm/src
                         139 --		-I../../../../../macro/timer/tauj/lib
                         140 --		-I../../../../../macro/timer/tauj/src
                         141 --		-I../../../../../macro/vdce/lib -I../../../../../macro/vdce/src
                         142 --		-I../../../../../macro/vo/ddb/lib
                         143 --		-I../../../../../macro/vo/ddb/src
                         144 --		-I../../../../../macro/vo/spea/lib
                         145 --		-I../../../../../macro/vo/spea/src
                         146 --		-I../../../../../macro/vo/vowe/lib
                         147 --		-I../../../../../macro/vo/vowe/src -I../../../../../macro/wm/lib
                         148 --		-I../../../../../macro/wm/src -I../../../../../macro/pwm/lib
                         149 --		-I../../../../../macro/i2c/riic/lib
                         150 --		-I../../../../../macro/reset/lib -I../../../../../macro/rscan/lib
                         151 --		-I../../../../../macro/uart/rlin3/lib
                         152 --		-I../../../../../macro/uart/rlin3/src
                         153 --		-I../../../../../device/d1x_common/macro_cfg/rlin3
                         154 --		-I../../../../../macro/stbc/lib
                         155 --		-I../../../../../app/gfx_apps/simple_draw/lib
                         156 --		-I../../../../../macro/adc/lib
                         157 --		-I../../../../../device/d1x_common/macro_cfg/adc7010 -G
                         158 --		--no_commons --no_implicit_include --prototype_errors
                         159 --		-DRENESAS_D1X -DR_DRW2D_OS_NO_OS -DR_DRW2D_SYS_DHD
                         160 --		-DUSED_CPU=RH850G3M -DUSE_BSP_GFX -DUSE_BSP_HMI -DUSE_BSP_STDIO
                         161 --		-DUSE_CDI -DUSE_CSISW -DUSE_DAVEHD -DUSE_DDB -DUSE_DRW2D
                         162 --		-DUSE_GFXBUS -DUSE_GPIO -DUSE_HYPB -DUSE_HYPDB -DUSE_JCUA
                         163 --		-DUSE_NFMABARE -DUSE_OCTA -DUSE_OCTACDB -DUSE_OSTM -DUSE_PBG
                         164 --		-DUSE_RIIC -DUSE_SFCDB -DUSE_SFMA -DUSE_SPEA -DUSE_TAUJ
                         165 --		-DUSE_TICK -DUSE_VDCE -DUSE_WM -DUSE_XBUS -DMAG -MD -Zuse1bit
                         166 --		-allocate_ep -cpu=rh850g3m -large_sda -list -no_callt -notda
                         167 --		-passsource -preprocess_assembly_files -registermode=22
                         168 --		-reserve_r2 --diag_warning 1 -object_dir=./obj -DUSE_VDCE_OPENLDI
                         169 --		-gnu99 -filetype.c
                         170 --		..\..\..\..\..\macro\flashc\octacdb\src\r_octacdb_macromix.c -o
                         171 --		.\obj\r_octacdb_macromix.o
                         172 --Source File:   ..\..\..\..\..\macro\flashc\octacdb\src\r_octacdb_macromix.c

                                                                      Page 4
                                                              C:\Users\Frank\AppData\Local\Temp\gh_0000nqs1.si
                         173 --Directory:     
                         174 --		C:\git\rh850\src\app\gfx_apps\simple_draw\target\d1mx_mango_ghs
                         175 --Compile Date:  Tue Oct 16 19:48:54 2018
                         176 --Host OS:       Win32
                         177 --Version:       C-RH850 2014.1.7 RELEASE VERSION
                         178 --Release:       Compiler v2014.1.7
                         179 --Revision Date: Fri Sep 05 14:10:46 2014
                         180 --Release Date:  Fri Sep 05 14:44:23 2014
                         181 -- ecom  -g -w
                         182 
                         183 	.section ".rodata","a"
                         184 	.align	4
                         185 	.global	_r_octacdb_FlashCmdTbl
00000000 00000000        186 _r_octacdb_FlashCmdTbl:	.space	4
00000004 00000000        187 	.space	4
00000008 00              188 	.space	1
00000009 00              189 	.space	1
0000000a 3c00            190 	.byte	60,0
0000000c 00000000        191 	.space	4
00000010 00000000        192 	.space	4
00000014 00              193 	.space	1
00000015 00              194 	.space	1
00000016 0200            195 	.byte	2,0
00000018 00000000        196 	.space	4
0000001c 00000000        197 	.space	4
00000020 00              198 	.space	1
00000021 00              199 	.space	1
00000022 0100            200 	.byte	1,0
00000024 02000000        201 	.byte	2,0,0,0
00000028 00020000        202 	.byte	0,2,0,0
0000002c 04              203 	.byte	4
0000002d 00              204 	.space	1
0000002e 0100            205 	.byte	1,0
00000030 02000000        206 	.byte	2,0,0,0
00000034 00000000        207 	.space	4
00000038 04              208 	.byte	4
00000039 00              209 	.space	1
0000003a 0300            210 	.byte	3,0
0000003c 02000000        211 	.byte	2,0,0,0
00000040 00020000        212 	.byte	0,2,0,0
00000044 04              213 	.byte	4
00000045 00              214 	.space	1
00000046 0200            215 	.byte	2,0
00000048 02000000        216 	.byte	2,0,0,0
0000004c 00030000        217 	.byte	0,3,0,0
00000050 04              218 	.byte	4
00000051 00              219 	.space	1
00000052 07000600        220 	.byte	7,0,6,0
00000056 0000            221 	.space	2
00000058 00000000        222 	.space	4
0000005c 02000000        223 	.byte	2,0,0,0
00000060 01000000        224 	.byte	1,0,0,0
00000064 00000000        225 	.space	4
00000068 03000000        226 	.byte	3,0,0,0
0000006c 02000000        227 	.byte	2,0,0,0
00000070 00000000        228 	.space	4
00000074 03000000        229 	.byte	3,0,0,0
00000078 02000000        230 	.byte	2,0,0,0
0000007c 0b00            231 	.byte	11,0
0000007e 0000            232 	.space	2
00000080 00000000        233 	.space	4

                                                                      Page 5
                                                              C:\Users\Frank\AppData\Local\Temp\gh_0000nqs1.si
00000084 0103            234 	.byte	1,3
00000086 08              235 	.byte	8
00000087 00              236 	.space	1
00000088 01800000        237 	.byte	1,128,0,0
0000008c 0c00            238 	.byte	12,0
0000008e 0000            239 	.space	2
00000090 00000000        240 	.space	4
00000094 0104            241 	.byte	1,4
00000096 08              242 	.byte	8
00000097 00              243 	.space	1
00000098 01800000        244 	.byte	1,128,0,0
0000009c 13ec            245 	.byte	19,236
0000009e 0000            246 	.space	2
000000a0 00000000        247 	.space	4
000000a4 0204            248 	.byte	2,4
000000a6 08              249 	.byte	8
000000a7 00              250 	.space	1
000000a8 01800000        251 	.byte	1,128,0,0
000000ac 11ee            252 	.byte	17,238
000000ae 0000            253 	.space	2
000000b0 00000000        254 	.space	4
000000b4 0204            255 	.byte	2,4
000000b6 08              256 	.byte	8
000000b7 00              257 	.space	1
000000b8 02800000        258 	.byte	2,128,0,0
000000bc 0200            259 	.byte	2,0
000000be 0000            260 	.space	2
000000c0 00000000        261 	.space	4
000000c4 0103            262 	.byte	1,3
000000c6 00              263 	.space	1
000000c7 00              264 	.space	1
000000c8 01000000        265 	.byte	1,0,0,0
000000cc 1200            266 	.byte	18,0
000000ce 0000            267 	.space	2
000000d0 00000000        268 	.space	4
000000d4 0104            269 	.byte	1,4
000000d6 00              270 	.space	1
000000d7 00              271 	.space	1
000000d8 01000000        272 	.byte	1,0,0,0
000000dc ed12            273 	.byte	237,18
000000de 0000            274 	.space	2
000000e0 00000000        275 	.space	4
000000e4 0204            276 	.byte	2,4
000000e6 00              277 	.space	1
000000e7 00              278 	.space	1
000000e8 01000000        279 	.byte	1,0,0,0
000000ec ed12            280 	.byte	237,18
000000ee 0000            281 	.space	2
000000f0 00000000        282 	.space	4
000000f4 0204            283 	.byte	2,4
000000f6 00              284 	.space	1
000000f7 00              285 	.space	1
000000f8 02000000        286 	.byte	2,0,0,0
000000fc 2200            287 	.byte	34,0
000000fe 0000            288 	.space	2
00000100 00000000        289 	.space	4
00000104 0104            290 	.byte	1,4
00000106 00              291 	.space	1
00000107 00              292 	.space	1
00000108 00000000        293 	.space	4
0000010c dd22            294 	.byte	221,34

                                                                      Page 6
                                                              C:\Users\Frank\AppData\Local\Temp\gh_0000nqs1.si
0000010e 0000            295 	.space	2
00000110 00000000        296 	.space	4
00000114 0204            297 	.byte	2,4
00000116 00              298 	.space	1
00000117 00              299 	.space	1
00000118 00000000        300 	.space	4
0000011c 2400            301 	.byte	36,0
0000011e 0000            302 	.space	2
00000120 00000000        303 	.space	4
00000124 0104            304 	.byte	1,4
00000126 00              305 	.space	1
00000127 00              306 	.space	1
00000128 01000000        307 	.byte	1,0,0,0
0000012c db24            308 	.byte	219,36
0000012e 0000            309 	.space	2
00000130 00000000        310 	.space	4
00000134 0204            311 	.byte	2,4
00000136 00              312 	.space	1
00000137 00              313 	.space	1
00000138 01000000        314 	.byte	1,0,0,0
0000013c 3100            315 	.byte	49,0
0000013e 0000            316 	.space	2
00000140 00000000        317 	.space	4
00000144 01              318 	.byte	1
00000145 00              319 	.space	1
00000146 00              320 	.space	1
00000147 00              321 	.space	1
00000148 00000000        322 	.space	4
0000014c ce31            323 	.byte	206,49
0000014e 0000            324 	.space	2
00000150 00000000        325 	.space	4
00000154 02              326 	.byte	2
00000155 00              327 	.space	1
00000156 00              328 	.space	1
00000157 00              329 	.space	1
00000158 00000000        330 	.space	4
0000015c 0600            331 	.byte	6,0
0000015e 0000            332 	.space	2
00000160 00000000        333 	.space	4
00000164 01              334 	.byte	1
00000165 00              335 	.space	1
00000166 00              336 	.space	1
00000167 00              337 	.space	1
00000168 00000000        338 	.space	4
0000016c f906            339 	.byte	249,6
0000016e 0000            340 	.space	2
00000170 00000000        341 	.space	4
00000174 02              342 	.byte	2
00000175 00              343 	.space	1
00000176 00              344 	.space	1
00000177 00              345 	.space	1
00000178 00000000        346 	.space	4
0000017c 2000            347 	.byte	32,0
0000017e 0000            348 	.space	2
00000180 00000000        349 	.space	4
00000184 0103            350 	.byte	1,3
00000186 00              351 	.space	1
00000187 00              352 	.space	1
00000188 00000000        353 	.space	4
0000018c 2100            354 	.byte	33,0
0000018e 0000            355 	.space	2

                                                                      Page 7
                                                              C:\Users\Frank\AppData\Local\Temp\gh_0000nqs1.si
00000190 00000000        356 	.space	4
00000194 0104            357 	.byte	1,4
00000196 00              358 	.space	1
00000197 00              359 	.space	1
00000198 00000000        360 	.space	4
0000019c de21            361 	.byte	222,33
0000019e 0000            362 	.space	2
000001a0 00000000        363 	.space	4
000001a4 0204            364 	.byte	2,4
000001a6 00              365 	.space	1
000001a7 00              366 	.space	1
000001a8 00000000        367 	.space	4
000001ac 0500            368 	.byte	5,0
000001ae 0000            369 	.space	2
000001b0 00000000        370 	.space	4
000001b4 01              371 	.byte	1
000001b5 00              372 	.space	1
000001b6 00              373 	.space	1
000001b7 01018000        374 	.byte	1,1,128,0
000001bb 00              375 	.byte	0
000001bc fa05            376 	.byte	250,5
000001be 0000            377 	.space	2
000001c0 00000000        378 	.space	4
000001c4 02040401        379 	.byte	2,4,4,1
000001c8 01800000        380 	.byte	1,128,0,0
000001cc 1500            381 	.byte	21,0
000001ce 0000            382 	.space	2
000001d0 00000000        383 	.space	4
000001d4 01              384 	.byte	1
000001d5 00              385 	.space	1
000001d6 00              386 	.space	1
000001d7 01018000        387 	.byte	1,1,128,0
000001db 00              388 	.byte	0
000001dc ea15            389 	.byte	234,21
000001de 0000            390 	.space	2
000001e0 01000000        391 	.byte	1,0,0,0
000001e4 02040401        392 	.byte	2,4,4,1
000001e8 01800000        393 	.byte	1,128,0,0
000001ec 7100            394 	.byte	113,0
000001ee 0000            395 	.space	2
000001f0 00000000        396 	.space	4
000001f4 01              397 	.byte	1
000001f5 00              398 	.space	1
000001f6 00              399 	.space	1
000001f7 01018000        400 	.byte	1,1,128,0
000001fb 00              401 	.byte	0
000001fc 8e71            402 	.byte	142,113
000001fe 0000            403 	.space	2
00000200 00000000        404 	.space	4
00000204 02              405 	.byte	2
00000205 00              406 	.space	1
00000206 04010180        407 	.byte	4,1,1,128
0000020a 0000            408 	.byte	0,0
0000020c 0100            409 	.byte	1,0
0000020e 0000            410 	.space	2
00000210 00000000        411 	.space	4
00000214 01              412 	.byte	1
00000215 00              413 	.space	1
00000216 00              414 	.space	1
00000217 02020000        415 	.byte	2,2,0,0
0000021b 00              416 	.byte	0

                                                                      Page 8
                                                              C:\Users\Frank\AppData\Local\Temp\gh_0000nqs1.si
0000021c fe01            417 	.byte	254,1
0000021e 0000            418 	.space	2
00000220 00000000        419 	.space	4
00000224 0204            420 	.byte	2,4
00000226 00              421 	.space	1
00000227 01010000        422 	.byte	1,1,0,0
0000022b 00              423 	.byte	0
0000022c fe01            424 	.byte	254,1
0000022e 0000            425 	.space	2
00000230 01000000        426 	.byte	1,0,0,0
00000234 0204            427 	.byte	2,4
00000236 00              428 	.space	1
00000237 01010000        429 	.byte	1,1,0,0
0000023b 00              430 	.byte	0
0000023c 7200            431 	.byte	114,0
0000023e 0000            432 	.space	2
00000240 00000000        433 	.space	4
00000244 01              434 	.byte	1
00000245 00              435 	.space	1
00000246 00              436 	.space	1
00000247 01010000        437 	.byte	1,1,0,0
0000024b 00              438 	.byte	0
0000024c 8d72            439 	.byte	141,114
0000024e 0000            440 	.space	2
00000250 00000000        441 	.space	4
00000254 02              442 	.byte	2
00000255 00              443 	.space	1
00000256 00              444 	.space	1
00000257 01010000        445 	.byte	1,1,0,0
0000025b 00              446 	.byte	0
0000025c 6600            447 	.byte	102,0
0000025e 0000            448 	.space	2
00000260 00000000        449 	.space	4
00000264 01              450 	.byte	1
00000265 00              451 	.space	1
00000266 00              452 	.space	1
00000267 00              453 	.space	1
00000268 00000000        454 	.space	4
0000026c 9966            455 	.byte	153,102
0000026e 0000            456 	.space	2
00000270 00000000        457 	.space	4
00000274 02              458 	.byte	2
00000275 00              459 	.space	1
00000276 00              460 	.space	1
00000277 00              461 	.space	1
00000278 00000000        462 	.space	4
0000027c 9900            463 	.byte	153,0
0000027e 0000            464 	.space	2
00000280 00000000        465 	.space	4
00000284 01              466 	.byte	1
00000285 00              467 	.space	1
00000286 00              468 	.space	1
00000287 00              469 	.space	1
00000288 00000000        470 	.space	4
0000028c 6699            471 	.byte	102,153
0000028e 0000            472 	.space	2
00000290 00000000        473 	.space	4
00000294 02              474 	.byte	2
00000295 00              475 	.space	1
00000296 00              476 	.space	1
00000297 00              477 	.space	1

                                                                      Page 9
                                                              C:\Users\Frank\AppData\Local\Temp\gh_0000nqs1.si
00000298 00000000        478 	.space	4
0000029c 9f00            479 	.byte	159,0
0000029e 0000            480 	.space	2
000002a0 00000000        481 	.space	4
000002a4 01              482 	.byte	1
000002a5 00              483 	.space	1
000002a6 00              484 	.space	1
000002a7 03018000        485 	.byte	3,1,128,0
000002ab 00              486 	.byte	0
000002ac 609f            487 	.byte	96,159
000002ae 0000            488 	.space	2
000002b0 00000000        489 	.space	4
000002b4 02040403        490 	.byte	2,4,4,3
000002b8 01800000        491 	.byte	1,128,0,0
                         492 	.type	_r_octacdb_FlashCmdTbl,@object
                         493 	.size	_r_octacdb_FlashCmdTbl,700
                         494 	.global	_r_octacdb_RamCmdTabl
000002bc 03000000        495 _r_octacdb_RamCmdTabl:	.byte	3,0,0,0
000002c0 00000000        496 	.space	4
000002c4 00              497 	.space	1
000002c5 00              498 	.space	1
000002c6 0000            499 	.space	2
000002c8 03000000        500 	.byte	3,0,0,0
000002cc 00000000        501 	.space	4
000002d0 00              502 	.space	1
000002d1 00              503 	.space	1
000002d2 0000            504 	.space	2
000002d4 03000000        505 	.byte	3,0,0,0
000002d8 00000000        506 	.space	4
000002dc 00              507 	.space	1
000002dd 00              508 	.space	1
000002de 0000            509 	.space	2
000002e0 01000000        510 	.byte	1,0,0,0
000002e4 00000400        511 	.byte	0,0,4,0
000002e8 04              512 	.byte	4
000002e9 00              513 	.space	1
000002ea 0001            514 	.byte	0,1
000002ec 03000000        515 	.byte	3,0,0,0
000002f0 00000000        516 	.space	4
000002f4 00              517 	.space	1
000002f5 00              518 	.space	1
000002f6 0000            519 	.space	2
000002f8 03000000        520 	.byte	3,0,0,0
000002fc 00000000        521 	.space	4
00000300 00              522 	.space	1
00000301 00              523 	.space	1
00000302 0000            524 	.space	2
00000304 01000000        525 	.byte	1,0,0,0
00000308 00000400        526 	.byte	0,0,4,0
0000030c 04              527 	.byte	4
0000030d 00              528 	.space	1
0000030e f0001000        529 	.byte	240,0,16,0
00000312 0000            530 	.space	2
00000314 00000000        531 	.space	4
00000318 02000000        532 	.byte	2,0,0,0
0000031c 01000000        533 	.byte	1,0,0,0
00000320 00000000        534 	.space	4
00000324 03000000        535 	.byte	3,0,0,0
00000328 02000000        536 	.byte	2,0,0,0
0000032c 00000000        537 	.space	4
00000330 03000000        538 	.byte	3,0,0,0

                                                                      Page 10
                                                              C:\Users\Frank\AppData\Local\Temp\gh_0000nqs1.si
00000334 02000000        539 	.byte	2,0,0,0
00000338 ffff            540 	.byte	255,255
0000033a 0000            541 	.space	2
0000033c 00000000        542 	.space	4
00000340 00              543 	.space	1
00000341 00              544 	.space	1
00000342 00              545 	.space	1
00000343 00              546 	.space	1
00000344 ffff0000        547 	.byte	255,255,0,0
00000348 ffff            548 	.byte	255,255
0000034a 0000            549 	.space	2
0000034c 00000000        550 	.space	4
00000350 00              551 	.space	1
00000351 00              552 	.space	1
00000352 00              553 	.space	1
00000353 00              554 	.space	1
00000354 ffff0000        555 	.byte	255,255,0,0
00000358 ffff            556 	.byte	255,255
0000035a 0000            557 	.space	2
0000035c 00000000        558 	.space	4
00000360 00              559 	.space	1
00000361 00              560 	.space	1
00000362 00              561 	.space	1
00000363 00              562 	.space	1
00000364 ffff0000        563 	.byte	255,255,0,0
00000368 00a0            564 	.byte	0,160
0000036a 0000            565 	.space	2
0000036c 00000000        566 	.space	4
00000370 0204            567 	.byte	2,4
00000372 04              568 	.byte	4
00000373 00              569 	.space	1
00000374 02800000        570 	.byte	2,128,0,0
00000378 ffff            571 	.byte	255,255
0000037a 0000            572 	.space	2
0000037c 00000000        573 	.space	4
00000380 00              574 	.space	1
00000381 00              575 	.space	1
00000382 00              576 	.space	1
00000383 00              577 	.space	1
00000384 ffff0000        578 	.byte	255,255,0,0
00000388 ffff            579 	.byte	255,255
0000038a 0000            580 	.space	2
0000038c 00000000        581 	.space	4
00000390 00              582 	.space	1
00000391 00              583 	.space	1
00000392 00              584 	.space	1
00000393 00              585 	.space	1
00000394 ffff0000        586 	.byte	255,255,0,0
00000398 ffff            587 	.byte	255,255
0000039a 0000            588 	.space	2
0000039c 00000000        589 	.space	4
000003a0 00              590 	.space	1
000003a1 00              591 	.space	1
000003a2 00              592 	.space	1
000003a3 00              593 	.space	1
000003a4 ffff0000        594 	.byte	255,255,0,0
000003a8 0020            595 	.byte	0,32
000003aa 0000            596 	.space	2
000003ac 00000000        597 	.space	4
000003b0 0204            598 	.byte	2,4
000003b2 04              599 	.byte	4

                                                                      Page 11
                                                              C:\Users\Frank\AppData\Local\Temp\gh_0000nqs1.si
000003b3 00              600 	.space	1
000003b4 02000000        601 	.byte	2,0,0,0
000003b8 ffff            602 	.byte	255,255
000003ba 0000            603 	.space	2
000003bc 00000000        604 	.space	4
000003c0 00              605 	.space	1
000003c1 00              606 	.space	1
000003c2 00              607 	.space	1
000003c3 00              608 	.space	1
000003c4 ffff0000        609 	.byte	255,255,0,0
000003c8 ffff            610 	.byte	255,255
000003ca 0000            611 	.space	2
000003cc 00000000        612 	.space	4
000003d0 00              613 	.space	1
000003d1 00              614 	.space	1
000003d2 00              615 	.space	1
000003d3 00              616 	.space	1
000003d4 ffff0000        617 	.byte	255,255,0,0
000003d8 ffff            618 	.byte	255,255
000003da 0000            619 	.space	2
000003dc 00000000        620 	.space	4
000003e0 00              621 	.space	1
000003e1 00              622 	.space	1
000003e2 00              623 	.space	1
000003e3 00              624 	.space	1
000003e4 ffff0000        625 	.byte	255,255,0,0
000003e8 ffff            626 	.byte	255,255
000003ea 0000            627 	.space	2
000003ec 00000000        628 	.space	4
000003f0 00              629 	.space	1
000003f1 00              630 	.space	1
000003f2 00              631 	.space	1
000003f3 00              632 	.space	1
000003f4 ffff0000        633 	.byte	255,255,0,0
000003f8 ffff            634 	.byte	255,255
000003fa 0000            635 	.space	2
000003fc 00000000        636 	.space	4
00000400 00              637 	.space	1
00000401 00              638 	.space	1
00000402 00              639 	.space	1
00000403 00              640 	.space	1
00000404 ffff0000        641 	.byte	255,255,0,0
00000408 ffff            642 	.byte	255,255
0000040a 0000            643 	.space	2
0000040c 00000000        644 	.space	4
00000410 00              645 	.space	1
00000411 00              646 	.space	1
00000412 00              647 	.space	1
00000413 00              648 	.space	1
00000414 ffff0000        649 	.byte	255,255,0,0
00000418 ffff            650 	.byte	255,255
0000041a 0000            651 	.space	2
0000041c 00000000        652 	.space	4
00000420 00              653 	.space	1
00000421 00              654 	.space	1
00000422 00              655 	.space	1
00000423 00              656 	.space	1
00000424 ffff0000        657 	.byte	255,255,0,0
00000428 ffff            658 	.byte	255,255
0000042a 0000            659 	.space	2
0000042c 00000000        660 	.space	4

                                                                      Page 12
                                                              C:\Users\Frank\AppData\Local\Temp\gh_0000nqs1.si
00000430 00              661 	.space	1
00000431 00              662 	.space	1
00000432 00              663 	.space	1
00000433 00              664 	.space	1
00000434 ffff0000        665 	.byte	255,255,0,0
00000438 ffff            666 	.byte	255,255
0000043a 0000            667 	.space	2
0000043c 00000000        668 	.space	4
00000440 00              669 	.space	1
00000441 00              670 	.space	1
00000442 00              671 	.space	1
00000443 00              672 	.space	1
00000444 ffff0000        673 	.byte	255,255,0,0
00000448 ffff            674 	.byte	255,255
0000044a 0000            675 	.space	2
0000044c 00000000        676 	.space	4
00000450 00              677 	.space	1
00000451 00              678 	.space	1
00000452 00              679 	.space	1
00000453 00              680 	.space	1
00000454 ffff0000        681 	.byte	255,255,0,0
00000458 ffff            682 	.byte	255,255
0000045a 0000            683 	.space	2
0000045c 00000000        684 	.space	4
00000460 00              685 	.space	1
00000461 00              686 	.space	1
00000462 00              687 	.space	1
00000463 00              688 	.space	1
00000464 ffff0000        689 	.byte	255,255,0,0
00000468 ffff            690 	.byte	255,255
0000046a 0000            691 	.space	2
0000046c 00000000        692 	.space	4
00000470 00              693 	.space	1
00000471 00              694 	.space	1
00000472 00              695 	.space	1
00000473 00              696 	.space	1
00000474 ffff0000        697 	.byte	255,255,0,0
00000478 ffff            698 	.byte	255,255
0000047a 0000            699 	.space	2
0000047c 00000000        700 	.space	4
00000480 00              701 	.space	1
00000481 00              702 	.space	1
00000482 00              703 	.space	1
00000483 00              704 	.space	1
00000484 ffff0000        705 	.byte	255,255,0,0
00000488 ffff            706 	.byte	255,255
0000048a 0000            707 	.space	2
0000048c 00000000        708 	.space	4
00000490 00              709 	.space	1
00000491 00              710 	.space	1
00000492 00              711 	.space	1
00000493 00              712 	.space	1
00000494 ffff0000        713 	.byte	255,255,0,0
00000498 00c0            714 	.byte	0,192
0000049a 0000            715 	.space	2
0000049c 00000400        716 	.byte	0,0,4,0
000004a0 02040402        717 	.byte	2,4,4,2
000004a4 02800000        718 	.byte	2,128,0,0
000004a8 ffff            719 	.byte	255,255
000004aa 0000            720 	.space	2
000004ac 00000000        721 	.space	4

                                                                      Page 13
                                                              C:\Users\Frank\AppData\Local\Temp\gh_0000nqs1.si
000004b0 00              722 	.space	1
000004b1 00              723 	.space	1
000004b2 00              724 	.space	1
000004b3 00              725 	.space	1
000004b4 ffff0000        726 	.byte	255,255,0,0
000004b8 ffff            727 	.byte	255,255
000004ba 0000            728 	.space	2
000004bc 00000000        729 	.space	4
000004c0 00              730 	.space	1
000004c1 00              731 	.space	1
000004c2 00              732 	.space	1
000004c3 00              733 	.space	1
000004c4 ffff0000        734 	.byte	255,255,0,0
000004c8 ffff            735 	.byte	255,255
000004ca 0000            736 	.space	2
000004cc 00000000        737 	.space	4
000004d0 00              738 	.space	1
000004d1 00              739 	.space	1
000004d2 00              740 	.space	1
000004d3 00              741 	.space	1
000004d4 ffff0000        742 	.byte	255,255,0,0
000004d8 ffff            743 	.byte	255,255
000004da 0000            744 	.space	2
000004dc 00000000        745 	.space	4
000004e0 00              746 	.space	1
000004e1 00              747 	.space	1
000004e2 00              748 	.space	1
000004e3 00              749 	.space	1
000004e4 ffff0000        750 	.byte	255,255,0,0
000004e8 0040            751 	.byte	0,64
000004ea 0000            752 	.space	2
000004ec 00000400        753 	.byte	0,0,4,0
000004f0 0204            754 	.byte	2,4
000004f2 00              755 	.space	1
000004f3 02020000        756 	.byte	2,2,0,0
000004f7 00              757 	.byte	0
000004f8 ffff            758 	.byte	255,255
000004fa 0000            759 	.space	2
000004fc 00000000        760 	.space	4
00000500 00              761 	.space	1
00000501 00              762 	.space	1
00000502 00              763 	.space	1
00000503 00              764 	.space	1
00000504 ffff0000        765 	.byte	255,255,0,0
00000508 ffff            766 	.byte	255,255
0000050a 0000            767 	.space	2
0000050c 00000000        768 	.space	4
00000510 00              769 	.space	1
00000511 00              770 	.space	1
00000512 00              771 	.space	1
00000513 00              772 	.space	1
00000514 ffff0000        773 	.byte	255,255,0,0
00000518 ffff            774 	.byte	255,255
0000051a 0000            775 	.space	2
0000051c 00000000        776 	.space	4
00000520 00              777 	.space	1
00000521 00              778 	.space	1
00000522 00              779 	.space	1
00000523 00              780 	.space	1
00000524 ffff0000        781 	.byte	255,255,0,0
00000528 ffff            782 	.byte	255,255

                                                                      Page 14
                                                              C:\Users\Frank\AppData\Local\Temp\gh_0000nqs1.si
0000052a 0000            783 	.space	2
0000052c 00000000        784 	.space	4
00000530 00              785 	.space	1
00000531 00              786 	.space	1
00000532 00              787 	.space	1
00000533 00              788 	.space	1
00000534 ffff0000        789 	.byte	255,255,0,0
00000538 ffff            790 	.byte	255,255
0000053a 0000            791 	.space	2
0000053c 00000000        792 	.space	4
00000540 00              793 	.space	1
00000541 00              794 	.space	1
00000542 00              795 	.space	1
00000543 00              796 	.space	1
00000544 ffff0000        797 	.byte	255,255,0,0
00000548 ffff            798 	.byte	255,255
0000054a 0000            799 	.space	2
0000054c 00000000        800 	.space	4
00000550 00              801 	.space	1
00000551 00              802 	.space	1
00000552 00              803 	.space	1
00000553 00              804 	.space	1
00000554 ffff0000        805 	.byte	255,255,0,0
00000558 ffff            806 	.byte	255,255
0000055a 0000            807 	.space	2
0000055c 00000000        808 	.space	4
00000560 00              809 	.space	1
00000561 00              810 	.space	1
00000562 00              811 	.space	1
00000563 00              812 	.space	1
00000564 ffff0000        813 	.byte	255,255,0,0
00000568 00c0            814 	.byte	0,192
0000056a 0000            815 	.space	2
0000056c 00000000        816 	.space	4
00000570 02040402        817 	.byte	2,4,4,2
00000574 02800000        818 	.byte	2,128,0,0
                         819 	.type	_r_octacdb_RamCmdTabl,@object
                         820 	.size	_r_octacdb_RamCmdTabl,700
                         821 	.data
                         822 	.ghsnote version,15
                         823 	.ghsnote tools,3
                         824 	.ghsnote options,144
                         825 	.text
                         826 ..bof.C.3A.5Cgit.5Crh850.5Csrc.5Capp.5Cgfx_apps.5Csimple_draw.5Ctarget.5Cd1mx_mango_ghs.5Cobj.5Cr_octacdb_macromix...43.3A.5Cgit.5Crh850.5Csrc.5Capp.5Cgfx_apps.5Csimple_draw.5Ctarget.5Cd1mx_mango_ghs..5BC5D026..0::
                         827 ..eof.C.3A.5Cgit.5Crh850.5Csrc.5Capp.5Cgfx_apps.5Csimple_draw.5Ctarget.5Cd1mx_mango_ghs.5Cobj.5Cr_octacdb_macromix...43.3A.5Cgit.5Crh850.5Csrc.5Capp.5Cgfx_apps.5Csimple_draw.5Ctarget.5Cd1mx_mango_ghs..5BC5D026..0::
                         828 .rh850_flags REGMODE22,DATA_ALIGN8,GP_FIX,EP_NONFIX,TP_FIX,REG2_RESERVE,G3M
