                                                                      Page 1
                                                              C:\Users\Frank\AppData\Local\Temp\gh_0000pls1.si
Command Line: C:\GHS\V800.V2014.1.7\comp_201417\ease850.exe -w -elf -b0 -I../../../../../app/common/dhd -I../../../../../app/gfx_apps/simple_draw/src -I../../../../../app/gfx_apps/simple_draw/lib -I../../../../../bsp/board//config -I../../../../../bsp/board//src/gfx -I../../../../../bsp/board//src/hmi -I../../../../../bsp/board//src/stdio -I../../../../../bsp/board/d1mx_mango/config -I../../../../../bsp/board/d1mx_mango/src -I../../../../../bsp/board/d1mx_mango/src/gfx -I../../../../../bsp/board/d1mx_mango/src/hmi -I../../../../../bsp/board/d1mx_mango/src/stdio -I../../../../../bsp/gfx/lib -I../../../../../bsp/gfx/src -I../../../../../bsp/hmi/lib -I../../../../../bsp/hmi/src -I../../../../../bsp/lib -I../../../../../bsp/stdio/lib -I../../../../../bsp/stdio/src -I../../../../../cdi/lib -I../../../../../cdi/src -I../../../../../compiler/rh850_ghs/inc -I../../../../../device/d1mx/lib -I../../../../../device/d1mx/macro_cfg -I../../../../../device/d1mx/macro_cfg/csisw -I../../../../../device/d1mx/macro_cfg/davehd -I../../../../../device/d1mx/macro_cfg/ddb -I../../../../../device/d1mx/macro_cfg/drw2d -I../../../../../device/d1mx/macro_cfg/gfxbus -I../../../../../device/d1mx/macro_cfg/gpio -I../../../../../device/d1mx/macro_cfg/hypb -I../../../../../device/d1mx/macro_cfg/hypdb -I../../../../../device/d1mx/macro_cfg/jcua -I../../../../../device/d1mx/macro_cfg/nfmabare -I../../../../../device/d1mx/macro_cfg/octa -I../../../../../device/d1mx/macro_cfg/octacdb -I../../../../../device/d1mx/macro_cfg/ostm -I../../../../../device/d1mx/macro_cfg/pbg -I../../../../../device/d1mx/macro_cfg/riic -I../../../../../device/d1mx/macro_cfg/sfcdb -I../../../../../device/d1mx/macro_cfg/sfma -I../../../../../device/d1mx/macro_cfg/spea -I../../../../../device/d1mx/macro_cfg/tauj -I../../../../../device/d1mx/macro_cfg/tick -I../../../../../device/d1mx/macro_cfg/vdce -I../../../../../device/d1mx/macro_cfg/vowe -I../../../../../device/d1mx/macro_cfg/wm -I../../../../../device/d1mx/macro_cfg/xbus -I../../../../../device/d1mx/src/dev -I../../../../../device/d1mx/src/dhd -I../../../../../device/d1mx/src/hypb -I../../../../../device/d1mx/src/jcua -I../../../../../device/d1mx/src/nfmabare -I../../../../../device/d1mx/src/octa -I../../../../../device/d1mx/src/rh850_ghs -I../../../../../device/d1mx/src/vowe -I../../../../../device/d1x_common/macro_cfg -I../../../../../device/d1x_common/macro_cfg/csisw -I../../../../../device/d1x_common/macro_cfg/davehd -I../../../../../device/d1x_common/macro_cfg/ddb -I../../../../../device/d1x_common/macro_cfg/drw2d -I../../../../../device/d1x_common/macro_cfg/gfxbus -I../../../../../device/d1x_common/macro_cfg/gpio -I../../../../../device/d1x_common/macro_cfg/hypb -I../../../../../device/d1x_common/macro_cfg/hypdb -I../../../../../device/d1x_common/macro_cfg/jcua -I../../../../../device/d1x_common/macro_cfg/nfmabare -I../../../../../device/d1x_common/macro_cfg/octa -I../../../../../device/d1x_common/macro_cfg/octacdb -I../../../../../device/d1x_common/macro_cfg/ostm -I../../../../../device/d1x_common/macro_cfg/pbg -I../../../../../device/d1x_common/macro_cfg/riic -I../../../../../device/d1x_common/macro_cfg/sfcdb -I../../../../../device/d1x_common/macro_cfg/sfma -I../../../../../device/d1x_common/macro_cfg/spea -I../../../../../device/d1x_common/macro_cfg/tauj -I../../../../../device/d1x_common/macro_cfg/tick -I../../../../../device/d1x_common/macro_cfg/vdce -I../../../../../device/d1x_common/macro_cfg/vowe -I../../../../../device/d1x_common/macro_cfg/wm -I../../../../../device/d1x_common/macro_cfg/xbus -I../../../../../device/d1x_common/src/csisw -I../../../../../device/d1x_common/src/ddb -I../../../../../device/d1x_common/src/dev -I../../../../../device/d1x_common/src/gfxbus -I../../../../../device/d1x_common/src/gpio -I../../../../../device/d1x_common/src/ostm -I../../../../../device/d1x_common/src/pbg -I../../../../../device/d1x_common/src/riic -I../../../../../device/d1x_common/src/sfma -I../../../../../device/d1x_common/src/spea -I../../../../../device/d1x_common/src/tauj -I../../../../../device/d1x_common/src/tick -I../../../../../device/d1x_common/src/vdce -I../../../../../device/d1x_common/src/wm -I../../../../../device/d1x_common/src/xbus -I../../../../../device/lib -I../../../../../macro/bus/pbg/lib -I../../../../../macro/bus/pbg/src -I../../../../../macro/csi/csisw/lib -I../../../../../macro/csi/csisw/src -I../../../../../macro/drw2d/lib -I../../../../../macro/drw2d/platform/davehd -I../../../../../macro/drw2d/platform/os/no_os -I../../../../../macro/drw2d/src -I../../../../../macro/flashc/hypb/lib -I../../../../../macro/flashc/hypb/src -I../../../../../macro/flashc/hypdb/lib -I../../../../../macro/flashc/hypdb/src -I../../../../../macro/flashc/nfmabare/lib -I../../../../../macro/flashc/nfmabare/src -I../../../../../macro/flashc/octa/lib -I../../../../../macro/flashc/octa/src -I../../../../../macro/flashc/octacdb/lib -I../../../../../macro/flashc/octacdb/src -I../../../../../macro/flashc/sfcdb/lib -I../../../../../macro/flashc/sfcdb/src -I../../../../../macro/flashc/sfma/lib -I../../../../../macro/flashc/sfma/src -I../../../../../macro/gfxbus/lib -I../../../../../macro/gfxbus/src -I../../../../../macro/gfxbus/xbus/lib -I../../../../../macro/gfxbus/xbus/src -I../../../../../macro/gpio/lib -I../../../../../macro/gpio/src -I../../../../../macro/gpu/davehd/common/inc -I../../../../../macro/gpu/davehd/common/inc/platform -I../../../../../macro/gpu/davehd/common/inc/platform/d1mx -I../../../../../macro/gpu/davehd/docs -I../../../../../macro/gpu/davehd/kernel/inc -I../../../../../macro/gpu/davehd/kernel/platform/d1mx -I../../../../../macro/gpu/davehd/kernel/platform/d1mx/bridge -I../../../../../macro/gpu/davehd/kernel/platform/d1mx/non_threaded -I../../../../../macro/gpu/davehd/kernel/platform/ree -I../../../../../macro/gpu/davehd/kernel/src -I../../../../../macro/gpu/davehd/user/inc -I../../../../../macro/gpu/davehd/user/platform/d1mx/no_os -I../../../../../macro/gpu/davehd/user/src -I../../../../../macro/gpu/jcua/lib -I../../../../../macro/gpu/jcua/src -I../../../../../macro/i2c/riic/lib -I../../../../../macro/i2c/riic/src -I../../../../../macro/tick/lib -I../../../../../macro/tick/src -I../../../../../macro/timer/ostm/lib -I../../../../../macro/timer/ostm/src -I../../../../../macro/timer/tauj/lib -I../../../../../macro/timer/tauj/src -I../../../../../macro/vdce/lib -I../../../../../macro/vdce/src -I../../../../../macro/vo/ddb/lib -I../../../../../macro/vo/ddb/src -I../../../../../macro/vo/spea/lib -I../../../../../macro/vo/spea/src -I../../../../../macro/vo/vowe/lib -I../../../../../macro/vo/vowe/src -I../../../../../macro/wm/lib -I../../../../../macro/wm/src -I../../../../../macro/pwm/lib -I../../../../../macro/reset/lib -I../../../../../macro/rscan/lib -I../../../../../macro/uart/rlin3/lib -I../../../../../macro/uart/rlin3/src -I../../../../../device/d1x_common/macro_cfg/rlin3 -I../../../../../macro/stbc/lib -I../../../../../macro/adc/lib -I../../../../../device/d1x_common/macro_cfg/adc7010 -IC:\GHS\V800.V2014.1.7\comp_201417\lib\rh850_22 -cg_underscore -cpu=rh850g3m -no_v850_simd -rh850_fpsimd=none -nomacro -patch_dbo=C:\git\rh850\src\app\gfx_apps\simple_draw\target\d1mx_mango_ghs\obj\r_sfcdb_macronix.dbo -source=r_sfcdb_macronix.c -o .\obj\gh_0000pls1.o -list=.\obj\r_sfcdb_macronix.lst C:\Users\Frank\AppData\Local\Temp\gh_0000pls1.si 
Original File: C:\Users\Frank\AppData\Local\Temp\gh_0000pls1.si
Source File: r_sfcdb_macronix.c
Directory: C:\git\rh850\src\app\gfx_apps\simple_draw\target\d1mx_mango_ghs
Host OS: Windows
EASE: Copyright (C) 1983-2014 Green Hills Software.  All Rights Reversed.
Release: Compiler v2014.1.7
Build Directory: [Directory] BTOWINBOX:c:/build_2014_1_bto/2014-09-04.2200-2014_1_bto/win32-comp-ecom
Revision: [VCInfo] http://toolsvc/branches/release-branch-2014-1-bto/src@515859 (built by build)
Revision Date: Fri Sep 05 14:05:06 2014

Release Date: Fri Sep 05 14:43:29 2014

                           1 --Driver Command: ccv850 -c -MD -I../../../../../app/common/dhd
                           2 --		-I../../../../../app/gfx_apps/simple_draw/src
                           3 --		-I../../../../../app/gfx_apps/simple_draw/lib
                           4 --		-I../../../../../bsp/board//config
                           5 --		-I../../../../../bsp/board//src/gfx
                           6 --		-I../../../../../bsp/board//src/hmi
                           7 --		-I../../../../../bsp/board//src/stdio
                           8 --		-I../../../../../bsp/board/d1mx_mango/config
                           9 --		-I../../../../../bsp/board/d1mx_mango/src
                          10 --		-I../../../../../bsp/board/d1mx_mango/src/gfx
                          11 --		-I../../../../../bsp/board/d1mx_mango/src/hmi
                          12 --		-I../../../../../bsp/board/d1mx_mango/src/stdio
                          13 --		-I../../../../../bsp/gfx/lib -I../../../../../bsp/gfx/src
                          14 --		-I../../../../../bsp/hmi/lib -I../../../../../bsp/hmi/src
                          15 --		-I../../../../../bsp/lib -I../../../../../bsp/stdio/lib
                          16 --		-I../../../../../bsp/stdio/src -I../../../../../cdi/lib
                          17 --		-I../../../../../cdi/src -I../../../../../compiler/rh850_ghs/inc
                          18 --		-I../../../../../device/d1mx/lib
                          19 --		-I../../../../../device/d1mx/macro_cfg
                          20 --		-I../../../../../device/d1mx/macro_cfg/csisw
                          21 --		-I../../../../../device/d1mx/macro_cfg/davehd
                          22 --		-I../../../../../device/d1mx/macro_cfg/ddb
                          23 --		-I../../../../../device/d1mx/macro_cfg/drw2d
                          24 --		-I../../../../../device/d1mx/macro_cfg/gfxbus
                          25 --		-I../../../../../device/d1mx/macro_cfg/gpio
                          26 --		-I../../../../../device/d1mx/macro_cfg/hypb
                          27 --		-I../../../../../device/d1mx/macro_cfg/hypdb
                          28 --		-I../../../../../device/d1mx/macro_cfg/jcua
                          29 --		-I../../../../../device/d1mx/macro_cfg/nfmabare
                          30 --		-I../../../../../device/d1mx/macro_cfg/octa
                          31 --		-I../../../../../device/d1mx/macro_cfg/octacdb
                          32 --		-I../../../../../device/d1mx/macro_cfg/ostm
                          33 --		-I../../../../../device/d1mx/macro_cfg/pbg
                          34 --		-I../../../../../device/d1mx/macro_cfg/riic
                          35 --		-I../../../../../device/d1mx/macro_cfg/sfcdb
                          36 --		-I../../../../../device/d1mx/macro_cfg/sfma
                          37 --		-I../../../../../device/d1mx/macro_cfg/spea
                          38 --		-I../../../../../device/d1mx/macro_cfg/tauj
                          39 --		-I../../../../../device/d1mx/macro_cfg/tick
                          40 --		-I../../../../../device/d1mx/macro_cfg/vdce
                          41 --		-I../../../../../device/d1mx/macro_cfg/vowe
                          42 --		-I../../../../../device/d1mx/macro_cfg/wm
                          43 --		-I../../../../../device/d1mx/macro_cfg/xbus
                          44 --		-I../../../../../device/d1mx/src/dev
                          45 --		-I../../../../../device/d1mx/src/dhd
                          46 --		-I../../../../../device/d1mx/src/hypb
                          47 --		-I../../../../../device/d1mx/src/jcua
                          48 --		-I../../../../../device/d1mx/src/nfmabare
                          49 --		-I../../../../../device/d1mx/src/octa
                          50 --		-I../../../../../device/d1mx/src/rh850_ghs

                                                                      Page 2
                                                              C:\Users\Frank\AppData\Local\Temp\gh_0000pls1.si
                          51 --		-I../../../../../device/d1mx/src/vowe
                          52 --		-I../../../../../device/d1x_common/macro_cfg
                          53 --		-I../../../../../device/d1x_common/macro_cfg/csisw
                          54 --		-I../../../../../device/d1x_common/macro_cfg/davehd
                          55 --		-I../../../../../device/d1x_common/macro_cfg/ddb
                          56 --		-I../../../../../device/d1x_common/macro_cfg/drw2d
                          57 --		-I../../../../../device/d1x_common/macro_cfg/gfxbus
                          58 --		-I../../../../../device/d1x_common/macro_cfg/gpio
                          59 --		-I../../../../../device/d1x_common/macro_cfg/hypb
                          60 --		-I../../../../../device/d1x_common/macro_cfg/hypdb
                          61 --		-I../../../../../device/d1x_common/macro_cfg/jcua
                          62 --		-I../../../../../device/d1x_common/macro_cfg/nfmabare
                          63 --		-I../../../../../device/d1x_common/macro_cfg/octa
                          64 --		-I../../../../../device/d1x_common/macro_cfg/octacdb
                          65 --		-I../../../../../device/d1x_common/macro_cfg/ostm
                          66 --		-I../../../../../device/d1x_common/macro_cfg/pbg
                          67 --		-I../../../../../device/d1x_common/macro_cfg/riic
                          68 --		-I../../../../../device/d1x_common/macro_cfg/sfcdb
                          69 --		-I../../../../../device/d1x_common/macro_cfg/sfma
                          70 --		-I../../../../../device/d1x_common/macro_cfg/spea
                          71 --		-I../../../../../device/d1x_common/macro_cfg/tauj
                          72 --		-I../../../../../device/d1x_common/macro_cfg/tick
                          73 --		-I../../../../../device/d1x_common/macro_cfg/vdce
                          74 --		-I../../../../../device/d1x_common/macro_cfg/vowe
                          75 --		-I../../../../../device/d1x_common/macro_cfg/wm
                          76 --		-I../../../../../device/d1x_common/macro_cfg/xbus
                          77 --		-I../../../../../device/d1x_common/src/csisw
                          78 --		-I../../../../../device/d1x_common/src/ddb
                          79 --		-I../../../../../device/d1x_common/src/dev
                          80 --		-I../../../../../device/d1x_common/src/gfxbus
                          81 --		-I../../../../../device/d1x_common/src/gpio
                          82 --		-I../../../../../device/d1x_common/src/ostm
                          83 --		-I../../../../../device/d1x_common/src/pbg
                          84 --		-I../../../../../device/d1x_common/src/riic
                          85 --		-I../../../../../device/d1x_common/src/sfma
                          86 --		-I../../../../../device/d1x_common/src/spea
                          87 --		-I../../../../../device/d1x_common/src/tauj
                          88 --		-I../../../../../device/d1x_common/src/tick
                          89 --		-I../../../../../device/d1x_common/src/vdce
                          90 --		-I../../../../../device/d1x_common/src/wm
                          91 --		-I../../../../../device/d1x_common/src/xbus
                          92 --		-I../../../../../device/lib -I../../../../../macro/bus/pbg/lib
                          93 --		-I../../../../../macro/bus/pbg/src
                          94 --		-I../../../../../macro/csi/csisw/lib
                          95 --		-I../../../../../macro/csi/csisw/src
                          96 --		-I../../../../../macro/drw2d/lib
                          97 --		-I../../../../../macro/drw2d/platform/davehd
                          98 --		-I../../../../../macro/drw2d/platform/os/no_os
                          99 --		-I../../../../../macro/drw2d/src
                         100 --		-I../../../../../macro/flashc/hypb/lib
                         101 --		-I../../../../../macro/flashc/hypb/src
                         102 --		-I../../../../../macro/flashc/hypdb/lib
                         103 --		-I../../../../../macro/flashc/hypdb/src
                         104 --		-I../../../../../macro/flashc/nfmabare/lib
                         105 --		-I../../../../../macro/flashc/nfmabare/src
                         106 --		-I../../../../../macro/flashc/octa/lib
                         107 --		-I../../../../../macro/flashc/octa/src
                         108 --		-I../../../../../macro/flashc/octacdb/lib
                         109 --		-I../../../../../macro/flashc/octacdb/src
                         110 --		-I../../../../../macro/flashc/sfcdb/lib
                         111 --		-I../../../../../macro/flashc/sfcdb/src

                                                                      Page 3
                                                              C:\Users\Frank\AppData\Local\Temp\gh_0000pls1.si
                         112 --		-I../../../../../macro/flashc/sfma/lib
                         113 --		-I../../../../../macro/flashc/sfma/src
                         114 --		-I../../../../../macro/gfxbus/lib
                         115 --		-I../../../../../macro/gfxbus/src
                         116 --		-I../../../../../macro/gfxbus/xbus/lib
                         117 --		-I../../../../../macro/gfxbus/xbus/src
                         118 --		-I../../../../../macro/gpio/lib -I../../../../../macro/gpio/src
                         119 --		-I../../../../../macro/gpu/davehd/common/inc
                         120 --		-I../../../../../macro/gpu/davehd/common/inc/platform
                         121 --		-I../../../../../macro/gpu/davehd/common/inc/platform/d1mx
                         122 --		-I../../../../../macro/gpu/davehd/docs
                         123 --		-I../../../../../macro/gpu/davehd/kernel/inc
                         124 --		-I../../../../../macro/gpu/davehd/kernel/platform/d1mx
                         125 --		-I../../../../../macro/gpu/davehd/kernel/platform/d1mx/bridge
                         126 --		-I../../../../../macro/gpu/davehd/kernel/platform/d1mx/non_threaded
                         127 --		-I../../../../../macro/gpu/davehd/kernel/platform/ree
                         128 --		-I../../../../../macro/gpu/davehd/kernel/src
                         129 --		-I../../../../../macro/gpu/davehd/user/inc
                         130 --		-I../../../../../macro/gpu/davehd/user/platform/d1mx/no_os
                         131 --		-I../../../../../macro/gpu/davehd/user/src
                         132 --		-I../../../../../macro/gpu/jcua/lib
                         133 --		-I../../../../../macro/gpu/jcua/src
                         134 --		-I../../../../../macro/i2c/riic/lib
                         135 --		-I../../../../../macro/i2c/riic/src
                         136 --		-I../../../../../macro/tick/lib -I../../../../../macro/tick/src
                         137 --		-I../../../../../macro/timer/ostm/lib
                         138 --		-I../../../../../macro/timer/ostm/src
                         139 --		-I../../../../../macro/timer/tauj/lib
                         140 --		-I../../../../../macro/timer/tauj/src
                         141 --		-I../../../../../macro/vdce/lib -I../../../../../macro/vdce/src
                         142 --		-I../../../../../macro/vo/ddb/lib
                         143 --		-I../../../../../macro/vo/ddb/src
                         144 --		-I../../../../../macro/vo/spea/lib
                         145 --		-I../../../../../macro/vo/spea/src
                         146 --		-I../../../../../macro/vo/vowe/lib
                         147 --		-I../../../../../macro/vo/vowe/src -I../../../../../macro/wm/lib
                         148 --		-I../../../../../macro/wm/src -I../../../../../macro/pwm/lib
                         149 --		-I../../../../../macro/i2c/riic/lib
                         150 --		-I../../../../../macro/reset/lib -I../../../../../macro/rscan/lib
                         151 --		-I../../../../../macro/uart/rlin3/lib
                         152 --		-I../../../../../macro/uart/rlin3/src
                         153 --		-I../../../../../device/d1x_common/macro_cfg/rlin3
                         154 --		-I../../../../../macro/stbc/lib
                         155 --		-I../../../../../app/gfx_apps/simple_draw/lib
                         156 --		-I../../../../../macro/adc/lib
                         157 --		-I../../../../../device/d1x_common/macro_cfg/adc7010 -G
                         158 --		--no_commons --no_implicit_include --prototype_errors
                         159 --		-DRENESAS_D1X -DR_DRW2D_OS_NO_OS -DR_DRW2D_SYS_DHD
                         160 --		-DUSED_CPU=RH850G3M -DUSE_BSP_GFX -DUSE_BSP_HMI -DUSE_BSP_STDIO
                         161 --		-DUSE_CDI -DUSE_CSISW -DUSE_DAVEHD -DUSE_DDB -DUSE_DRW2D
                         162 --		-DUSE_GFXBUS -DUSE_GPIO -DUSE_HYPB -DUSE_HYPDB -DUSE_JCUA
                         163 --		-DUSE_NFMABARE -DUSE_OCTA -DUSE_OCTACDB -DUSE_OSTM -DUSE_PBG
                         164 --		-DUSE_RIIC -DUSE_SFCDB -DUSE_SFMA -DUSE_SPEA -DUSE_TAUJ
                         165 --		-DUSE_TICK -DUSE_VDCE -DUSE_WM -DUSE_XBUS -DMAG -MD -Zuse1bit
                         166 --		-allocate_ep -cpu=rh850g3m -large_sda -list -no_callt -notda
                         167 --		-passsource -preprocess_assembly_files -registermode=22
                         168 --		-reserve_r2 --diag_warning 1 -object_dir=./obj -DUSE_VDCE_OPENLDI
                         169 --		-gnu99 -filetype.c
                         170 --		..\..\..\..\..\macro\flashc\sfcdb\src\r_sfcdb_macronix.c -o
                         171 --		.\obj\r_sfcdb_macronix.o
                         172 --Source File:   ..\..\..\..\..\macro\flashc\sfcdb\src\r_sfcdb_macronix.c

                                                                      Page 4
                                                              C:\Users\Frank\AppData\Local\Temp\gh_0000pls1.si
                         173 --Directory:     
                         174 --		C:\git\rh850\src\app\gfx_apps\simple_draw\target\d1mx_mango_ghs
                         175 --Compile Date:  Tue Oct 16 19:48:54 2018
                         176 --Host OS:       Win32
                         177 --Version:       C-RH850 2014.1.7 RELEASE VERSION
                         178 --Release:       Compiler v2014.1.7
                         179 --Revision Date: Fri Sep 05 14:10:46 2014
                         180 --Release Date:  Fri Sep 05 14:44:23 2014
                         181 -- ecom  -g -w
                         182 
                         183 	.section ".rodata","a"
                         184 	.align	4
                         185 	.global	_r_sfc_Macronix_32bitAddrCmd_40MHz
00000000 00000000        186 _r_sfc_Macronix_32bitAddrCmd_40MHz:	.space	4
00000004 40              187 	.byte	64
00000005 000000          188 	.space	3
00000008 00000000        189 	.space	4
0000000c 3c              190 	.byte	60
0000000d 000000          191 	.space	3
00000010 00000000        192 	.space	4
00000014 01              193 	.byte	1
00000015 000000          194 	.space	3
00000018 01000000        195 	.byte	1,0,0,0
0000001c c0004000        196 	.byte	192,0,64,0
00000020 05000000        197 	.byte	5,0,0,0
00000024 05000000        198 	.byte	5,0,0,0
00000028 03000000        199 	.byte	3,0,0,0
0000002c 05000000        200 	.byte	5,0,0,0
00000030 05000000        201 	.byte	5,0,0,0
00000034 03000000        202 	.byte	3,0,0,0
00000038 00000000        203 	.space	4
0000003c 0c3c6cbc        204 	.byte	12,60,108,188
00000040 ec0effff        205 	.byte	236,14,255,255
00000044 beee12ff        206 	.byte	190,238,18,255
00000048 3effffff        207 	.byte	62,255,255,255
0000004c 06210515        208 	.byte	6,33,5,21
00000050 01ff6699        209 	.byte	1,255,102,153
00000054 a5              210 	.byte	165
00000055 000000          211 	.space	3
                         212 	.type	_r_sfc_Macronix_32bitAddrCmd_40MHz,@object
                         213 	.size	_r_sfc_Macronix_32bitAddrCmd_40MHz,88
                         214 	.global	_r_sfc_Macronix_32bitAddrCmd_80MHz
00000058 00000000        215 _r_sfc_Macronix_32bitAddrCmd_80MHz:	.space	4
0000005c 40              216 	.byte	64
0000005d 000000          217 	.space	3
00000060 00000000        218 	.space	4
00000064 3c              219 	.byte	60
00000065 000000          220 	.space	3
00000068 00000000        221 	.space	4
0000006c 01              222 	.byte	1
0000006d 000000          223 	.space	3
00000070 01000000        224 	.byte	1,0,0,0
00000074 c0008000        225 	.byte	192,0,128,0
00000078 07000000        226 	.byte	7,0,0,0
0000007c 07000000        227 	.byte	7,0,0,0
00000080 07000000        228 	.byte	7,0,0,0
00000084 07000000        229 	.byte	7,0,0,0
00000088 07000000        230 	.byte	7,0,0,0
0000008c 07000000        231 	.byte	7,0,0,0
00000090 00000000        232 	.space	4
00000094 0c3c6cbc        233 	.byte	12,60,108,188

                                                                      Page 5
                                                              C:\Users\Frank\AppData\Local\Temp\gh_0000pls1.si
00000098 ec0effff        234 	.byte	236,14,255,255
0000009c beee12ff        235 	.byte	190,238,18,255
000000a0 3effffff        236 	.byte	62,255,255,255
000000a4 06210515        237 	.byte	6,33,5,21
000000a8 01ff6699        238 	.byte	1,255,102,153
000000ac a5              239 	.byte	165
000000ad 000000          240 	.space	3
                         241 	.type	_r_sfc_Macronix_32bitAddrCmd_80MHz,@object
                         242 	.size	_r_sfc_Macronix_32bitAddrCmd_80MHz,88
                         243 	.global	_r_sfc_Macronix_24bitAddrCmd_40MHz
000000b0 00000000        244 _r_sfc_Macronix_24bitAddrCmd_40MHz:	.space	4
000000b4 40              245 	.byte	64
000000b5 000000          246 	.space	3
000000b8 00000000        247 	.space	4
000000bc 3c              248 	.byte	60
000000bd 000000          249 	.space	3
000000c0 00000000        250 	.space	4
000000c4 01              251 	.byte	1
000000c5 000000          252 	.space	3
000000c8 01000000        253 	.byte	1,0,0,0
000000cc c0004000        254 	.byte	192,0,64,0
000000d0 05000000        255 	.byte	5,0,0,0
000000d4 05000000        256 	.byte	5,0,0,0
000000d8 03000000        257 	.byte	3,0,0,0
000000dc 05000000        258 	.byte	5,0,0,0
000000e0 05000000        259 	.byte	5,0,0,0
000000e4 03000000        260 	.byte	3,0,0,0
000000e8 00000000        261 	.space	4
000000ec 0b3b6bbb        262 	.byte	11,59,107,187
000000f0 eb0dffff        263 	.byte	235,13,255,255
000000f4 bded02ff        264 	.byte	189,237,2,255
000000f8 38ffffff        265 	.byte	56,255,255,255
000000fc 06200515        266 	.byte	6,32,5,21
00000100 01ff6699        267 	.byte	1,255,102,153
00000104 a5              268 	.byte	165
00000105 000000          269 	.space	3
                         270 	.type	_r_sfc_Macronix_24bitAddrCmd_40MHz,@object
                         271 	.size	_r_sfc_Macronix_24bitAddrCmd_40MHz,88
                         272 	.global	_r_sfc_Macronix_24bitAddrCmd_80MHz
00000108 00000000        273 _r_sfc_Macronix_24bitAddrCmd_80MHz:	.space	4
0000010c 40              274 	.byte	64
0000010d 000000          275 	.space	3
00000110 00000000        276 	.space	4
00000114 3c              277 	.byte	60
00000115 000000          278 	.space	3
00000118 00000000        279 	.space	4
0000011c 01              280 	.byte	1
0000011d 000000          281 	.space	3
00000120 01000000        282 	.byte	1,0,0,0
00000124 c0008000        283 	.byte	192,0,128,0
00000128 07000000        284 	.byte	7,0,0,0
0000012c 07000000        285 	.byte	7,0,0,0
00000130 07000000        286 	.byte	7,0,0,0
00000134 07000000        287 	.byte	7,0,0,0
00000138 07000000        288 	.byte	7,0,0,0
0000013c 07000000        289 	.byte	7,0,0,0
00000140 00000000        290 	.space	4
00000144 0b3b6bbb        291 	.byte	11,59,107,187
00000148 eb0dffff        292 	.byte	235,13,255,255
0000014c bded02ff        293 	.byte	189,237,2,255
00000150 38ffffff        294 	.byte	56,255,255,255

                                                                      Page 6
                                                              C:\Users\Frank\AppData\Local\Temp\gh_0000pls1.si
00000154 06200515        295 	.byte	6,32,5,21
00000158 01ff6699        296 	.byte	1,255,102,153
0000015c a5              297 	.byte	165
0000015d 000000          298 	.space	3
                         299 	.type	_r_sfc_Macronix_24bitAddrCmd_80MHz,@object
                         300 	.size	_r_sfc_Macronix_24bitAddrCmd_80MHz,88
                         301 	.global	_r_sfc_Macronix_32bitAddrQuadCmd_40MHz
00000160 00000000        302 _r_sfc_Macronix_32bitAddrQuadCmd_40MHz:	.space	4
00000164 40              303 	.byte	64
00000165 000000          304 	.space	3
00000168 00000000        305 	.space	4
0000016c 3c              306 	.byte	60
0000016d 000000          307 	.space	3
00000170 00000000        308 	.space	4
00000174 01              309 	.byte	1
00000175 000000          310 	.space	3
00000178 01000000        311 	.byte	1,0,0,0
0000017c c0008000        312 	.byte	192,0,128,0
00000180 07000000        313 	.byte	7,0,0,0
00000184 07000000        314 	.byte	7,0,0,0
00000188 07000000        315 	.byte	7,0,0,0
0000018c 07000000        316 	.byte	7,0,0,0
00000190 07000000        317 	.byte	7,0,0,0
00000194 07000000        318 	.byte	7,0,0,0
00000198 00000000        319 	.space	4
0000019c 0c3c6cbc        320 	.byte	12,60,108,188
000001a0 ec0effff        321 	.byte	236,14,255,255
000001a4 beee12ff        322 	.byte	190,238,18,255
000001a8 3effffff        323 	.byte	62,255,255,255
000001ac 06210515        324 	.byte	6,33,5,21
000001b0 01ff6699        325 	.byte	1,255,102,153
000001b4 a5              326 	.byte	165
000001b5 000000          327 	.space	3
                         328 	.type	_r_sfc_Macronix_32bitAddrQuadCmd_40MHz,@object
                         329 	.size	_r_sfc_Macronix_32bitAddrQuadCmd_40MHz,88
                         330 	.global	_r_sfc_Macronix_32bitAddrQuadCmd_80MHz
000001b8 00000000        331 _r_sfc_Macronix_32bitAddrQuadCmd_80MHz:	.space	4
000001bc 40              332 	.byte	64
000001bd 000000          333 	.space	3
000001c0 00000000        334 	.space	4
000001c4 3c              335 	.byte	60
000001c5 000000          336 	.space	3
000001c8 00000000        337 	.space	4
000001cc 01              338 	.byte	1
000001cd 000000          339 	.space	3
000001d0 01000000        340 	.byte	1,0,0,0
000001d4 c0008000        341 	.byte	192,0,128,0
000001d8 07000000        342 	.byte	7,0,0,0
000001dc 07000000        343 	.byte	7,0,0,0
000001e0 07000000        344 	.byte	7,0,0,0
000001e4 07000000        345 	.byte	7,0,0,0
000001e8 07000000        346 	.byte	7,0,0,0
000001ec 07000000        347 	.byte	7,0,0,0
000001f0 02000000        348 	.byte	2,0,0,0
000001f4 0c3c6cbc        349 	.byte	12,60,108,188
000001f8 ec0effff        350 	.byte	236,14,255,255
000001fc beee12ff        351 	.byte	190,238,18,255
00000200 3effffff        352 	.byte	62,255,255,255
00000204 06210515        353 	.byte	6,33,5,21
00000208 01ff6699        354 	.byte	1,255,102,153
0000020c a5              355 	.byte	165

                                                                      Page 7
                                                              C:\Users\Frank\AppData\Local\Temp\gh_0000pls1.si
0000020d 000000          356 	.space	3
                         357 	.type	_r_sfc_Macronix_32bitAddrQuadCmd_80MHz,@object
                         358 	.size	_r_sfc_Macronix_32bitAddrQuadCmd_80MHz,88
                         359 	.global	_r_sfc_Macronix_24bitAddrQuadCmd_40MHz
00000210 00000000        360 _r_sfc_Macronix_24bitAddrQuadCmd_40MHz:	.space	4
00000214 40              361 	.byte	64
00000215 000000          362 	.space	3
00000218 00000000        363 	.space	4
0000021c 3c              364 	.byte	60
0000021d 000000          365 	.space	3
00000220 00000000        366 	.space	4
00000224 01              367 	.byte	1
00000225 000000          368 	.space	3
00000228 01000000        369 	.byte	1,0,0,0
0000022c c0004000        370 	.byte	192,0,64,0
00000230 05000000        371 	.byte	5,0,0,0
00000234 05000000        372 	.byte	5,0,0,0
00000238 03000000        373 	.byte	3,0,0,0
0000023c 05000000        374 	.byte	5,0,0,0
00000240 05000000        375 	.byte	5,0,0,0
00000244 03000000        376 	.byte	3,0,0,0
00000248 02000000        377 	.byte	2,0,0,0
0000024c 0b3b6bbb        378 	.byte	11,59,107,187
00000250 eb0dffff        379 	.byte	235,13,255,255
00000254 bded02ff        380 	.byte	189,237,2,255
00000258 38ffffff        381 	.byte	56,255,255,255
0000025c 06200515        382 	.byte	6,32,5,21
00000260 01ff6699        383 	.byte	1,255,102,153
00000264 a5              384 	.byte	165
00000265 000000          385 	.space	3
                         386 	.type	_r_sfc_Macronix_24bitAddrQuadCmd_40MHz,@object
                         387 	.size	_r_sfc_Macronix_24bitAddrQuadCmd_40MHz,88
                         388 	.global	_r_sfc_Macronix_24bitAddrQuadCmd_80MHz
00000268 00000000        389 _r_sfc_Macronix_24bitAddrQuadCmd_80MHz:	.space	4
0000026c 40              390 	.byte	64
0000026d 000000          391 	.space	3
00000270 00000000        392 	.space	4
00000274 3c              393 	.byte	60
00000275 000000          394 	.space	3
00000278 00000000        395 	.space	4
0000027c 01              396 	.byte	1
0000027d 000000          397 	.space	3
00000280 01000000        398 	.byte	1,0,0,0
00000284 c0008000        399 	.byte	192,0,128,0
00000288 07000000        400 	.byte	7,0,0,0
0000028c 07000000        401 	.byte	7,0,0,0
00000290 07000000        402 	.byte	7,0,0,0
00000294 07000000        403 	.byte	7,0,0,0
00000298 07000000        404 	.byte	7,0,0,0
0000029c 07000000        405 	.byte	7,0,0,0
000002a0 02000000        406 	.byte	2,0,0,0
000002a4 0b3b6bbb        407 	.byte	11,59,107,187
000002a8 eb0dffff        408 	.byte	235,13,255,255
000002ac bded02ff        409 	.byte	189,237,2,255
000002b0 38ffffff        410 	.byte	56,255,255,255
000002b4 06200515        411 	.byte	6,32,5,21
000002b8 01ff6699        412 	.byte	1,255,102,153
000002bc a5              413 	.byte	165
000002bd 000000          414 	.space	3
                         415 	.type	_r_sfc_Macronix_24bitAddrQuadCmd_80MHz,@object
                         416 	.size	_r_sfc_Macronix_24bitAddrQuadCmd_80MHz,88

                                                                      Page 8
                                                              C:\Users\Frank\AppData\Local\Temp\gh_0000pls1.si
                         417 	.global	_r_sfc_Macronix_32bitAddrCmdPerformanceEnhance_40MHz
000002c0 00000000        418 _r_sfc_Macronix_32bitAddrCmdPerformanceEnhance_40MHz:	.space	4
000002c4 40              419 	.byte	64
000002c5 000000          420 	.space	3
000002c8 00000000        421 	.space	4
000002cc 3c              422 	.byte	60
000002cd 000000          423 	.space	3
000002d0 00000000        424 	.space	4
000002d4 01              425 	.byte	1
000002d5 000000          426 	.space	3
000002d8 01000000        427 	.byte	1,0,0,0
000002dc c0008000        428 	.byte	192,0,128,0
000002e0 07000000        429 	.byte	7,0,0,0
000002e4 07000000        430 	.byte	7,0,0,0
000002e8 07000000        431 	.byte	7,0,0,0
000002ec 07000000        432 	.byte	7,0,0,0
000002f0 07000000        433 	.byte	7,0,0,0
000002f4 07000000        434 	.byte	7,0,0,0
000002f8 00000000        435 	.space	4
000002fc 0c3c6cbc        436 	.byte	12,60,108,188
00000300 ec0effff        437 	.byte	236,14,255,255
00000304 beee12ff        438 	.byte	190,238,18,255
00000308 ffffffff        439 	.byte	255,255,255,255
0000030c 06210515        440 	.byte	6,33,5,21
00000310 01ff6699        441 	.byte	1,255,102,153
00000314 a5              442 	.byte	165
00000315 000000          443 	.space	3
                         444 	.type	_r_sfc_Macronix_32bitAddrCmdPerformanceEnhance_40MHz,@object
                         445 	.size	_r_sfc_Macronix_32bitAddrCmdPerformanceEnhance_40MHz,88
                         446 	.global	_r_sfc_Macronix_32bitAddrCmdPerformanceEnhance_80MHz
00000318 00000000        447 _r_sfc_Macronix_32bitAddrCmdPerformanceEnhance_80MHz:	.space	4
0000031c 40              448 	.byte	64
0000031d 000000          449 	.space	3
00000320 00000000        450 	.space	4
00000324 3c              451 	.byte	60
00000325 000000          452 	.space	3
00000328 00000000        453 	.space	4
0000032c 01              454 	.byte	1
0000032d 000000          455 	.space	3
00000330 01000000        456 	.byte	1,0,0,0
00000334 c000c000        457 	.byte	192,0,192,0
00000338 09000000        458 	.byte	9,0,0,0
0000033c 09000000        459 	.byte	9,0,0,0
00000340 09000000        460 	.byte	9,0,0,0
00000344 09000000        461 	.byte	9,0,0,0
00000348 09000000        462 	.byte	9,0,0,0
0000034c 09000000        463 	.byte	9,0,0,0
00000350 00000000        464 	.space	4
00000354 0c3c6cbc        465 	.byte	12,60,108,188
00000358 ec0effff        466 	.byte	236,14,255,255
0000035c beee12ff        467 	.byte	190,238,18,255
00000360 3effffff        468 	.byte	62,255,255,255
00000364 06210515        469 	.byte	6,33,5,21
00000368 01ff6699        470 	.byte	1,255,102,153
0000036c a5              471 	.byte	165
0000036d 000000          472 	.space	3
                         473 	.type	_r_sfc_Macronix_32bitAddrCmdPerformanceEnhance_80MHz,@object
                         474 	.size	_r_sfc_Macronix_32bitAddrCmdPerformanceEnhance_80MHz,88
                         475 	.global	_r_sfc_Micron_24bitAddrStrCmd_80MHz
00000370 00000000        476 _r_sfc_Micron_24bitAddrStrCmd_80MHz:	.space	4
00000374 00              477 	.space	1

                                                                      Page 9
                                                              C:\Users\Frank\AppData\Local\Temp\gh_0000pls1.si
00000375 000000          478 	.space	3
00000378 00000000        479 	.space	4
0000037c 5c              480 	.byte	92
0000037d 000000          481 	.space	3
00000380 00000000        482 	.space	4
00000384 01              483 	.byte	1
00000385 000000          484 	.space	3
00000388 01000000        485 	.byte	1,0,0,0
0000038c f400e000        486 	.byte	244,0,224,0
00000390 0d000000        487 	.byte	13,0,0,0
00000394 07000000        488 	.byte	7,0,0,0
00000398 09000000        489 	.byte	9,0,0,0
0000039c 05000000        490 	.byte	5,0,0,0
000003a0 05000000        491 	.byte	5,0,0,0
000003a4 0d000000        492 	.byte	13,0,0,0
000003a8 00000000        493 	.space	4
000003ac 0b3b6bbb        494 	.byte	11,59,107,187
000003b0 eb0d3d6d        495 	.byte	235,13,61,109
000003b4 bded02a2        496 	.byte	189,237,2,162
000003b8 32ffffff        497 	.byte	50,255,255,255
000003bc 065205ff        498 	.byte	6,82,5,255
000003c0 01ff6699        499 	.byte	1,255,102,153
000003c4 ff              500 	.byte	255
000003c5 000000          501 	.space	3
                         502 	.type	_r_sfc_Micron_24bitAddrStrCmd_80MHz,@object
                         503 	.size	_r_sfc_Micron_24bitAddrStrCmd_80MHz,88
                         504 	.global	_r_sfc_Micron_24bitAddrQuadCmd_80MHz
000003c8 00000000        505 _r_sfc_Micron_24bitAddrQuadCmd_80MHz:	.space	4
000003cc 00              506 	.space	1
000003cd 000000          507 	.space	3
000003d0 00000000        508 	.space	4
000003d4 5c              509 	.byte	92
000003d5 000000          510 	.space	3
000003d8 00000000        511 	.space	4
000003dc 01              512 	.byte	1
000003dd 000000          513 	.space	3
000003e0 01000000        514 	.byte	1,0,0,0
000003e4 f800a800        515 	.byte	248,0,168,0
000003e8 09000000        516 	.byte	9,0,0,0
000003ec 07000000        517 	.byte	7,0,0,0
000003f0 07000000        518 	.byte	7,0,0,0
000003f4 07000000        519 	.byte	7,0,0,0
000003f8 05000000        520 	.byte	5,0,0,0
000003fc 07000000        521 	.byte	7,0,0,0
00000400 02000000        522 	.byte	2,0,0,0
00000404 0b3b6bbb        523 	.byte	11,59,107,187
00000408 eb0d3d6d        524 	.byte	235,13,61,109
0000040c bded02d2        525 	.byte	189,237,2,210
00000410 38ffffff        526 	.byte	56,255,255,255
00000414 065205ff        527 	.byte	6,82,5,255
00000418 01ff6699        528 	.byte	1,255,102,153
0000041c ff              529 	.byte	255
0000041d 000000          530 	.space	3
                         531 	.type	_r_sfc_Micron_24bitAddrQuadCmd_80MHz,@object
                         532 	.size	_r_sfc_Micron_24bitAddrQuadCmd_80MHz,88
                         533 	.global	_r_sfc_Mircon_32bitAddrCmdPerformanceEnhance_80MHz
00000420 00000000        534 _r_sfc_Mircon_32bitAddrCmdPerformanceEnhance_80MHz:	.space	4
00000424 00              535 	.space	1
00000425 000000          536 	.space	3
00000428 00000000        537 	.space	4
0000042c 5c              538 	.byte	92

                                                                      Page 10
                                                              C:\Users\Frank\AppData\Local\Temp\gh_0000pls1.si
0000042d 000000          539 	.space	3
00000430 00000000        540 	.space	4
00000434 01              541 	.byte	1
00000435 000000          542 	.space	3
00000438 01000000        543 	.byte	1,0,0,0
0000043c 0cfe04c6        544 	.byte	12,254,4,198
00000440 09000000        545 	.byte	9,0,0,0
00000444 09000000        546 	.byte	9,0,0,0
00000448 09000000        547 	.byte	9,0,0,0
0000044c 09000000        548 	.byte	9,0,0,0
00000450 09000000        549 	.byte	9,0,0,0
00000454 09000000        550 	.byte	9,0,0,0
00000458 00000000        551 	.space	4
0000045c 0c3c6cbc        552 	.byte	12,60,108,188
00000460 ec0effff        553 	.byte	236,14,255,255
00000464 beee12ff        554 	.byte	190,238,18,255
00000468 3effffff        555 	.byte	62,255,255,255
0000046c 06210515        556 	.byte	6,33,5,21
00000470 01ff6699        557 	.byte	1,255,102,153
00000474 a5              558 	.byte	165
00000475 000000          559 	.space	3
                         560 	.type	_r_sfc_Mircon_32bitAddrCmdPerformanceEnhance_80MHz,@object
                         561 	.size	_r_sfc_Mircon_32bitAddrCmdPerformanceEnhance_80MHz,88
                         562 	.data
                         563 	.ghsnote version,15
                         564 	.ghsnote tools,3
                         565 	.ghsnote options,144
                         566 	.text
                         567 ..bof.C.3A.5Cgit.5Crh850.5Csrc.5Capp.5Cgfx_apps.5Csimple_draw.5Ctarget.5Cd1mx_mango_ghs.5Cobj.5Cr_sfcdb_macronix...43.3A.5Cgit.5Crh850.5Csrc.5Capp.5Cgfx_apps.5Csimple_draw.5Ctarget.5Cd1mx_mango_ghs..5BC5D026..0::
                         568 ..eof.C.3A.5Cgit.5Crh850.5Csrc.5Capp.5Cgfx_apps.5Csimple_draw.5Ctarget.5Cd1mx_mango_ghs.5Cobj.5Cr_sfcdb_macronix...43.3A.5Cgit.5Crh850.5Csrc.5Capp.5Cgfx_apps.5Csimple_draw.5Ctarget.5Cd1mx_mango_ghs..5BC5D026..0::
                         569 .rh850_flags REGMODE22,DATA_ALIGN8,GP_FIX,EP_NONFIX,TP_FIX,REG2_RESERVE,G3M
