                                                                      Page 1
                                                              C:\Users\Frank\AppData\Local\Temp\gh_0000nv41.si
Command Line: C:\GHS\V800.V2014.1.7\comp_201417\ease850.exe -w -elf -b0 -I../../../../../app/common/dhd -I../../../../../app/gfx_apps/simple_draw/src -I../../../../../app/gfx_apps/simple_draw/lib -I../../../../../bsp/board//config -I../../../../../bsp/board//src/gfx -I../../../../../bsp/board//src/hmi -I../../../../../bsp/board//src/stdio -I../../../../../bsp/board/d1mx_mango/config -I../../../../../bsp/board/d1mx_mango/src -I../../../../../bsp/board/d1mx_mango/src/gfx -I../../../../../bsp/board/d1mx_mango/src/hmi -I../../../../../bsp/board/d1mx_mango/src/stdio -I../../../../../bsp/gfx/lib -I../../../../../bsp/gfx/src -I../../../../../bsp/hmi/lib -I../../../../../bsp/hmi/src -I../../../../../bsp/lib -I../../../../../bsp/stdio/lib -I../../../../../bsp/stdio/src -I../../../../../cdi/lib -I../../../../../cdi/src -I../../../../../compiler/rh850_ghs/inc -I../../../../../device/d1mx/lib -I../../../../../device/d1mx/macro_cfg -I../../../../../device/d1mx/macro_cfg/csisw -I../../../../../device/d1mx/macro_cfg/davehd -I../../../../../device/d1mx/macro_cfg/ddb -I../../../../../device/d1mx/macro_cfg/drw2d -I../../../../../device/d1mx/macro_cfg/gfxbus -I../../../../../device/d1mx/macro_cfg/gpio -I../../../../../device/d1mx/macro_cfg/hypb -I../../../../../device/d1mx/macro_cfg/hypdb -I../../../../../device/d1mx/macro_cfg/jcua -I../../../../../device/d1mx/macro_cfg/nfmabare -I../../../../../device/d1mx/macro_cfg/octa -I../../../../../device/d1mx/macro_cfg/octacdb -I../../../../../device/d1mx/macro_cfg/ostm -I../../../../../device/d1mx/macro_cfg/pbg -I../../../../../device/d1mx/macro_cfg/riic -I../../../../../device/d1mx/macro_cfg/sfcdb -I../../../../../device/d1mx/macro_cfg/sfma -I../../../../../device/d1mx/macro_cfg/spea -I../../../../../device/d1mx/macro_cfg/tauj -I../../../../../device/d1mx/macro_cfg/tick -I../../../../../device/d1mx/macro_cfg/vdce -I../../../../../device/d1mx/macro_cfg/vowe -I../../../../../device/d1mx/macro_cfg/wm -I../../../../../device/d1mx/macro_cfg/xbus -I../../../../../device/d1mx/src/dev -I../../../../../device/d1mx/src/dhd -I../../../../../device/d1mx/src/hypb -I../../../../../device/d1mx/src/jcua -I../../../../../device/d1mx/src/nfmabare -I../../../../../device/d1mx/src/octa -I../../../../../device/d1mx/src/rh850_ghs -I../../../../../device/d1mx/src/vowe -I../../../../../device/d1x_common/macro_cfg -I../../../../../device/d1x_common/macro_cfg/csisw -I../../../../../device/d1x_common/macro_cfg/davehd -I../../../../../device/d1x_common/macro_cfg/ddb -I../../../../../device/d1x_common/macro_cfg/drw2d -I../../../../../device/d1x_common/macro_cfg/gfxbus -I../../../../../device/d1x_common/macro_cfg/gpio -I../../../../../device/d1x_common/macro_cfg/hypb -I../../../../../device/d1x_common/macro_cfg/hypdb -I../../../../../device/d1x_common/macro_cfg/jcua -I../../../../../device/d1x_common/macro_cfg/nfmabare -I../../../../../device/d1x_common/macro_cfg/octa -I../../../../../device/d1x_common/macro_cfg/octacdb -I../../../../../device/d1x_common/macro_cfg/ostm -I../../../../../device/d1x_common/macro_cfg/pbg -I../../../../../device/d1x_common/macro_cfg/riic -I../../../../../device/d1x_common/macro_cfg/sfcdb -I../../../../../device/d1x_common/macro_cfg/sfma -I../../../../../device/d1x_common/macro_cfg/spea -I../../../../../device/d1x_common/macro_cfg/tauj -I../../../../../device/d1x_common/macro_cfg/tick -I../../../../../device/d1x_common/macro_cfg/vdce -I../../../../../device/d1x_common/macro_cfg/vowe -I../../../../../device/d1x_common/macro_cfg/wm -I../../../../../device/d1x_common/macro_cfg/xbus -I../../../../../device/d1x_common/src/csisw -I../../../../../device/d1x_common/src/ddb -I../../../../../device/d1x_common/src/dev -I../../../../../device/d1x_common/src/gfxbus -I../../../../../device/d1x_common/src/gpio -I../../../../../device/d1x_common/src/ostm -I../../../../../device/d1x_common/src/pbg -I../../../../../device/d1x_common/src/riic -I../../../../../device/d1x_common/src/sfma -I../../../../../device/d1x_common/src/spea -I../../../../../device/d1x_common/src/tauj -I../../../../../device/d1x_common/src/tick -I../../../../../device/d1x_common/src/vdce -I../../../../../device/d1x_common/src/wm -I../../../../../device/d1x_common/src/xbus -I../../../../../device/lib -I../../../../../macro/bus/pbg/lib -I../../../../../macro/bus/pbg/src -I../../../../../macro/csi/csisw/lib -I../../../../../macro/csi/csisw/src -I../../../../../macro/drw2d/lib -I../../../../../macro/drw2d/platform/davehd -I../../../../../macro/drw2d/platform/os/no_os -I../../../../../macro/drw2d/src -I../../../../../macro/flashc/hypb/lib -I../../../../../macro/flashc/hypb/src -I../../../../../macro/flashc/hypdb/lib -I../../../../../macro/flashc/hypdb/src -I../../../../../macro/flashc/nfmabare/lib -I../../../../../macro/flashc/nfmabare/src -I../../../../../macro/flashc/octa/lib -I../../../../../macro/flashc/octa/src -I../../../../../macro/flashc/octacdb/lib -I../../../../../macro/flashc/octacdb/src -I../../../../../macro/flashc/sfcdb/lib -I../../../../../macro/flashc/sfcdb/src -I../../../../../macro/flashc/sfma/lib -I../../../../../macro/flashc/sfma/src -I../../../../../macro/gfxbus/lib -I../../../../../macro/gfxbus/src -I../../../../../macro/gfxbus/xbus/lib -I../../../../../macro/gfxbus/xbus/src -I../../../../../macro/gpio/lib -I../../../../../macro/gpio/src -I../../../../../macro/gpu/davehd/common/inc -I../../../../../macro/gpu/davehd/common/inc/platform -I../../../../../macro/gpu/davehd/common/inc/platform/d1mx -I../../../../../macro/gpu/davehd/docs -I../../../../../macro/gpu/davehd/kernel/inc -I../../../../../macro/gpu/davehd/kernel/platform/d1mx -I../../../../../macro/gpu/davehd/kernel/platform/d1mx/bridge -I../../../../../macro/gpu/davehd/kernel/platform/d1mx/non_threaded -I../../../../../macro/gpu/davehd/kernel/platform/ree -I../../../../../macro/gpu/davehd/kernel/src -I../../../../../macro/gpu/davehd/user/inc -I../../../../../macro/gpu/davehd/user/platform/d1mx/no_os -I../../../../../macro/gpu/davehd/user/src -I../../../../../macro/gpu/jcua/lib -I../../../../../macro/gpu/jcua/src -I../../../../../macro/i2c/riic/lib -I../../../../../macro/i2c/riic/src -I../../../../../macro/tick/lib -I../../../../../macro/tick/src -I../../../../../macro/timer/ostm/lib -I../../../../../macro/timer/ostm/src -I../../../../../macro/timer/tauj/lib -I../../../../../macro/timer/tauj/src -I../../../../../macro/vdce/lib -I../../../../../macro/vdce/src -I../../../../../macro/vo/ddb/lib -I../../../../../macro/vo/ddb/src -I../../../../../macro/vo/spea/lib -I../../../../../macro/vo/spea/src -I../../../../../macro/vo/vowe/lib -I../../../../../macro/vo/vowe/src -I../../../../../macro/wm/lib -I../../../../../macro/wm/src -I../../../../../macro/pwm/lib -I../../../../../macro/reset/lib -I../../../../../macro/rscan/lib -I../../../../../macro/uart/rlin3/lib -I../../../../../macro/uart/rlin3/src -I../../../../../device/d1x_common/macro_cfg/rlin3 -I../../../../../macro/stbc/lib -I../../../../../macro/adc/lib -I../../../../../device/d1x_common/macro_cfg/adc7010 -IC:\GHS\V800.V2014.1.7\comp_201417\lib\rh850_22 -cg_underscore -cpu=rh850g3m -no_v850_simd -rh850_fpsimd=none -dbo=C:\git\rh850\src\app\gfx_apps\simple_draw\target\d1mx_mango_ghs\obj\r_xbus_xcopy.dbo -source=..\..\..\..\..\macro\gfxbus\xbus\src\r_xbus_xcopy.s --gh_oname=.\obj\r_xbus_xcopy.o --gh_md_append=.\obj\r_xbus_xcopy.d -o .\obj\gh_0000nv41.o -list=.\obj\r_xbus_xcopy.lst C:\Users\Frank\AppData\Local\Temp\gh_0000nv41.si 
Original File: C:\Users\Frank\AppData\Local\Temp\gh_0000nv41.si
Source File: ..\..\..\..\..\macro\gfxbus\xbus\src\r_xbus_xcopy.s
Directory: C:\git\rh850\src\app\gfx_apps\simple_draw\target\d1mx_mango_ghs
Host OS: Windows
EASE: Copyright (C) 1983-2014 Green Hills Software.  All Rights Reversed.
Release: Compiler v2014.1.7
Build Directory: [Directory] BTOWINBOX:c:/build_2014_1_bto/2014-09-04.2200-2014_1_bto/win32-comp-ecom
Revision: [VCInfo] http://toolsvc/branches/release-branch-2014-1-bto/src@515859 (built by build)
Revision Date: Fri Sep 05 14:05:06 2014

Release Date: Fri Sep 05 14:43:29 2014

                           0 #line 1 "..\\..\\..\\..\\..\\macro\\gfxbus\\xbus\\src\\r_xbus_xcopy.s"
                           1  
                           2  
                           3  
                           4  
                           5  
                           6  
                           7  
                           8  
                           9  
                          10  
                          11  
                          12  
                          13  
                          14  
                          15  
                          16  
                          17  
                          18  
                          19  
                          20  
                          21  
                          22  
                          23  
                          24  
                          25  
                          26  
                          27  
                          28  
                          29  
                          30  
                          31  
                          32  
                          33  
                          34  
                          35  
                          36  
                          37  
                          38  
                          39  
                          40  
                          41  
                          42  
                          43  
                          44  
                          45  
                          46  
                          47  
                          48  
                          49 

                                                                      Page 2
                                                              C:\Users\Frank\AppData\Local\Temp\gh_0000nv41.si
                          50         .text
                          51 
                          52 
                          53 
                          54 
                          55 
                          56 
                          57 
                          58 
                          59  
                          60     .align(8)
                          61     .globl _R_XBUS_XCopy
                          62 _R_XBUS_XCopy:
                          63 
                          64  
00000000 264f0100         65   ld.w 0x00[r6],r9
00000004 26572100         66   ld.w 0x20[r6],r10
00000008 267f4100         67   ld.w 0x40[r6],r15
0000000c 26c76100         68   ld.w 0x60[r6],r24
                          69   
                          70 
                          71 
                          72  
                          73 
                          74    .copyStart:
                          75   
00000010 a60709800000     76   ld.dw 0x00[r6],r16
00000016 a60789900000     77   ld.dw 0x08[r6],r18
0000001c a60709a10000     78   ld.dw 0x10[r6],r20
00000022 a60789b10000     79   ld.dw 0x18[r6],r22
                          80   
00000028 264f8100         81   ld.w 0x00+0x80[r6],r9
                          82 
                          83   
0000002c a7070f800000     84   st.dw r16,0x00[r7]
00000032 a7078f900000     85   st.dw r18,0x08[r7]
00000038 a7070fa10000     86   st.dw r20,0x10[r7]
0000003e a7078fb10000     87   st.dw r22,0x18[r7]
                          88 
                          89   
00000044 a60709820000     90   ld.dw 0x20[r6],r16
0000004a a60789920000     91   ld.dw 0x28[r6],r18
00000050 a60709a30000     92   ld.dw 0x30[r6],r20
00000056 a60789b30000     93   ld.dw 0x38[r6],r22
                          94    
0000005c 2657a100         95   ld.w 0x20+0x80[r6],r10
                          96   
                          97  
00000060 a7070f820000     98   st.dw r16,0x20[r7]
00000066 a7078f920000     99   st.dw r18,0x28[r7]
0000006c a7070fa30000    100   st.dw r20,0x30[r7]
00000072 a7078fb30000    101   st.dw r22,0x38[r7]
                         102 
                         103  
00000078 a60709840000    104   ld.dw 0x40[r6],r16
0000007e a60789940000    105   ld.dw 0x48[r6],r18
00000084 a60709a50000    106   ld.dw 0x50[r6],r20
0000008a a60789b50000    107   ld.dw 0x58[r6],r22
                         108    
00000090 267fc100        109   ld.w 0x40+0x80[r6],r15
                         110 

                                                                      Page 3
                                                              C:\Users\Frank\AppData\Local\Temp\gh_0000nv41.si
                         111  
00000094 a7070f840000    112   st.dw r16,0x40[r7]
0000009a a7078f940000    113   st.dw r18,0x48[r7]
000000a0 a7070fa50000    114   st.dw r20,0x50[r7]
000000a6 a7078fb50000    115   st.dw r22,0x58[r7]
                         116 
                         117   
000000ac a60709860000    118   ld.dw 0x60[r6],r16
000000b2 a60789960000    119   ld.dw 0x68[r6],r18
000000b8 a60709a70000    120   ld.dw 0x70[r6],r20
000000be a60789b70000    121   ld.dw 0x78[r6],r22
                         122    
000000c4 26c7e100        123   ld.w 0x60+0x80[r6],r24
                         124   
                         125  
                         126  
                         127   add 0x80,r6
                         127 <EXPANSION BEGIN>
                         127 addi 0x80 , r6 , r6 
000000c8 06368000        127 <EXPANSION END>
                         128   add 0x80,r7
                         128 <EXPANSION BEGIN>
                         128 addi 0x80 , r7 , r7 
000000cc 073e8000        128 <EXPANSION END>
000000d0 e641            129   cmp  r6,r8
                         130 
                         131  
000000d2 a7070f86ffff    132   st.dw r16,0x60-0x80[r7]
000000d8 a7078f96ffff    133   st.dw r18,0x68-0x80[r7]
000000de a7070fa7ffff    134   st.dw r20,0x70-0x80[r7]
000000e4 a7078fb7ffff    135   st.dw r22,0x78-0x80[r7]
                         136 
000000ea ba95*           137   bne  .copyStart
000000ec 0000            138   nop
000000ee 7f00            139 	jmp     [lp]
                         140 	
                         141 	
                         142 
                         143         
                         144   
                         145 	
                         146 
