                                                                      Page 1
                                                              C:\Users\Frank\AppData\Local\Temp\gh_0000puc1.si
Command Line: C:\GHS\V800.V2014.1.7\comp_201417\ease850.exe -w -elf -b0 -I../../../../../app/common/dhd -I../../../../../app/gfx_apps/simple_draw/src -I../../../../../app/gfx_apps/simple_draw/lib -I../../../../../bsp/board//config -I../../../../../bsp/board//src/gfx -I../../../../../bsp/board//src/hmi -I../../../../../bsp/board//src/stdio -I../../../../../bsp/board/d1mx_mango/config -I../../../../../bsp/board/d1mx_mango/src -I../../../../../bsp/board/d1mx_mango/src/gfx -I../../../../../bsp/board/d1mx_mango/src/hmi -I../../../../../bsp/board/d1mx_mango/src/stdio -I../../../../../bsp/gfx/lib -I../../../../../bsp/gfx/src -I../../../../../bsp/hmi/lib -I../../../../../bsp/hmi/src -I../../../../../bsp/lib -I../../../../../bsp/stdio/lib -I../../../../../bsp/stdio/src -I../../../../../cdi/lib -I../../../../../cdi/src -I../../../../../compiler/rh850_ghs/inc -I../../../../../device/d1mx/lib -I../../../../../device/d1mx/macro_cfg -I../../../../../device/d1mx/macro_cfg/csisw -I../../../../../device/d1mx/macro_cfg/davehd -I../../../../../device/d1mx/macro_cfg/ddb -I../../../../../device/d1mx/macro_cfg/drw2d -I../../../../../device/d1mx/macro_cfg/gfxbus -I../../../../../device/d1mx/macro_cfg/gpio -I../../../../../device/d1mx/macro_cfg/hypb -I../../../../../device/d1mx/macro_cfg/hypdb -I../../../../../device/d1mx/macro_cfg/jcua -I../../../../../device/d1mx/macro_cfg/nfmabare -I../../../../../device/d1mx/macro_cfg/octa -I../../../../../device/d1mx/macro_cfg/octacdb -I../../../../../device/d1mx/macro_cfg/ostm -I../../../../../device/d1mx/macro_cfg/pbg -I../../../../../device/d1mx/macro_cfg/riic -I../../../../../device/d1mx/macro_cfg/sfcdb -I../../../../../device/d1mx/macro_cfg/sfma -I../../../../../device/d1mx/macro_cfg/spea -I../../../../../device/d1mx/macro_cfg/tauj -I../../../../../device/d1mx/macro_cfg/tick -I../../../../../device/d1mx/macro_cfg/vdce -I../../../../../device/d1mx/macro_cfg/vowe -I../../../../../device/d1mx/macro_cfg/wm -I../../../../../device/d1mx/macro_cfg/xbus -I../../../../../device/d1mx/src/dev -I../../../../../device/d1mx/src/dhd -I../../../../../device/d1mx/src/hypb -I../../../../../device/d1mx/src/jcua -I../../../../../device/d1mx/src/nfmabare -I../../../../../device/d1mx/src/octa -I../../../../../device/d1mx/src/rh850_ghs -I../../../../../device/d1mx/src/vowe -I../../../../../device/d1x_common/macro_cfg -I../../../../../device/d1x_common/macro_cfg/csisw -I../../../../../device/d1x_common/macro_cfg/davehd -I../../../../../device/d1x_common/macro_cfg/ddb -I../../../../../device/d1x_common/macro_cfg/drw2d -I../../../../../device/d1x_common/macro_cfg/gfxbus -I../../../../../device/d1x_common/macro_cfg/gpio -I../../../../../device/d1x_common/macro_cfg/hypb -I../../../../../device/d1x_common/macro_cfg/hypdb -I../../../../../device/d1x_common/macro_cfg/jcua -I../../../../../device/d1x_common/macro_cfg/nfmabare -I../../../../../device/d1x_common/macro_cfg/octa -I../../../../../device/d1x_common/macro_cfg/octacdb -I../../../../../device/d1x_common/macro_cfg/ostm -I../../../../../device/d1x_common/macro_cfg/pbg -I../../../../../device/d1x_common/macro_cfg/riic -I../../../../../device/d1x_common/macro_cfg/sfcdb -I../../../../../device/d1x_common/macro_cfg/sfma -I../../../../../device/d1x_common/macro_cfg/spea -I../../../../../device/d1x_common/macro_cfg/tauj -I../../../../../device/d1x_common/macro_cfg/tick -I../../../../../device/d1x_common/macro_cfg/vdce -I../../../../../device/d1x_common/macro_cfg/vowe -I../../../../../device/d1x_common/macro_cfg/wm -I../../../../../device/d1x_common/macro_cfg/xbus -I../../../../../device/d1x_common/src/csisw -I../../../../../device/d1x_common/src/ddb -I../../../../../device/d1x_common/src/dev -I../../../../../device/d1x_common/src/gfxbus -I../../../../../device/d1x_common/src/gpio -I../../../../../device/d1x_common/src/ostm -I../../../../../device/d1x_common/src/pbg -I../../../../../device/d1x_common/src/riic -I../../../../../device/d1x_common/src/sfma -I../../../../../device/d1x_common/src/spea -I../../../../../device/d1x_common/src/tauj -I../../../../../device/d1x_common/src/tick -I../../../../../device/d1x_common/src/vdce -I../../../../../device/d1x_common/src/wm -I../../../../../device/d1x_common/src/xbus -I../../../../../device/lib -I../../../../../macro/bus/pbg/lib -I../../../../../macro/bus/pbg/src -I../../../../../macro/csi/csisw/lib -I../../../../../macro/csi/csisw/src -I../../../../../macro/drw2d/lib -I../../../../../macro/drw2d/platform/davehd -I../../../../../macro/drw2d/platform/os/no_os -I../../../../../macro/drw2d/src -I../../../../../macro/flashc/hypb/lib -I../../../../../macro/flashc/hypb/src -I../../../../../macro/flashc/hypdb/lib -I../../../../../macro/flashc/hypdb/src -I../../../../../macro/flashc/nfmabare/lib -I../../../../../macro/flashc/nfmabare/src -I../../../../../macro/flashc/octa/lib -I../../../../../macro/flashc/octa/src -I../../../../../macro/flashc/octacdb/lib -I../../../../../macro/flashc/octacdb/src -I../../../../../macro/flashc/sfcdb/lib -I../../../../../macro/flashc/sfcdb/src -I../../../../../macro/flashc/sfma/lib -I../../../../../macro/flashc/sfma/src -I../../../../../macro/gfxbus/lib -I../../../../../macro/gfxbus/src -I../../../../../macro/gfxbus/xbus/lib -I../../../../../macro/gfxbus/xbus/src -I../../../../../macro/gpio/lib -I../../../../../macro/gpio/src -I../../../../../macro/gpu/davehd/common/inc -I../../../../../macro/gpu/davehd/common/inc/platform -I../../../../../macro/gpu/davehd/common/inc/platform/d1mx -I../../../../../macro/gpu/davehd/docs -I../../../../../macro/gpu/davehd/kernel/inc -I../../../../../macro/gpu/davehd/kernel/platform/d1mx -I../../../../../macro/gpu/davehd/kernel/platform/d1mx/bridge -I../../../../../macro/gpu/davehd/kernel/platform/d1mx/non_threaded -I../../../../../macro/gpu/davehd/kernel/platform/ree -I../../../../../macro/gpu/davehd/kernel/src -I../../../../../macro/gpu/davehd/user/inc -I../../../../../macro/gpu/davehd/user/platform/d1mx/no_os -I../../../../../macro/gpu/davehd/user/src -I../../../../../macro/gpu/jcua/lib -I../../../../../macro/gpu/jcua/src -I../../../../../macro/i2c/riic/lib -I../../../../../macro/i2c/riic/src -I../../../../../macro/tick/lib -I../../../../../macro/tick/src -I../../../../../macro/timer/ostm/lib -I../../../../../macro/timer/ostm/src -I../../../../../macro/timer/tauj/lib -I../../../../../macro/timer/tauj/src -I../../../../../macro/vdce/lib -I../../../../../macro/vdce/src -I../../../../../macro/vo/ddb/lib -I../../../../../macro/vo/ddb/src -I../../../../../macro/vo/spea/lib -I../../../../../macro/vo/spea/src -I../../../../../macro/vo/vowe/lib -I../../../../../macro/vo/vowe/src -I../../../../../macro/wm/lib -I../../../../../macro/wm/src -I../../../../../macro/pwm/lib -I../../../../../macro/reset/lib -I../../../../../macro/rscan/lib -I../../../../../macro/uart/rlin3/lib -I../../../../../macro/uart/rlin3/src -I../../../../../device/d1x_common/macro_cfg/rlin3 -I../../../../../macro/stbc/lib -I../../../../../macro/adc/lib -I../../../../../device/d1x_common/macro_cfg/adc7010 -IC:\GHS\V800.V2014.1.7\comp_201417\lib\rh850_22 -cg_underscore -cpu=rh850g3m -no_v850_simd -rh850_fpsimd=none -nomacro -patch_dbo=C:\git\rh850\src\app\gfx_apps\simple_draw\target\d1mx_mango_ghs\obj\w_canio_gen.dbo -source=w_canio_gen.c -o .\obj\gh_0000puc1.o -list=.\obj\w_canio_gen.lst C:\Users\Frank\AppData\Local\Temp\gh_0000puc1.si 
Original File: C:\Users\Frank\AppData\Local\Temp\gh_0000puc1.si
Source File: w_canio_gen.c
Directory: C:\git\rh850\src\app\gfx_apps\simple_draw\target\d1mx_mango_ghs
Host OS: Windows
EASE: Copyright (C) 1983-2014 Green Hills Software.  All Rights Reversed.
Release: Compiler v2014.1.7
Build Directory: [Directory] BTOWINBOX:c:/build_2014_1_bto/2014-09-04.2200-2014_1_bto/win32-comp-ecom
Revision: [VCInfo] http://toolsvc/branches/release-branch-2014-1-bto/src@515859 (built by build)
Revision Date: Fri Sep 05 14:05:06 2014

Release Date: Fri Sep 05 14:43:29 2014

                           1 --Driver Command: ccv850 -c -MD -I../../../../../app/common/dhd
                           2 --		-I../../../../../app/gfx_apps/simple_draw/src
                           3 --		-I../../../../../app/gfx_apps/simple_draw/lib
                           4 --		-I../../../../../bsp/board//config
                           5 --		-I../../../../../bsp/board//src/gfx
                           6 --		-I../../../../../bsp/board//src/hmi
                           7 --		-I../../../../../bsp/board//src/stdio
                           8 --		-I../../../../../bsp/board/d1mx_mango/config
                           9 --		-I../../../../../bsp/board/d1mx_mango/src
                          10 --		-I../../../../../bsp/board/d1mx_mango/src/gfx
                          11 --		-I../../../../../bsp/board/d1mx_mango/src/hmi
                          12 --		-I../../../../../bsp/board/d1mx_mango/src/stdio
                          13 --		-I../../../../../bsp/gfx/lib -I../../../../../bsp/gfx/src
                          14 --		-I../../../../../bsp/hmi/lib -I../../../../../bsp/hmi/src
                          15 --		-I../../../../../bsp/lib -I../../../../../bsp/stdio/lib
                          16 --		-I../../../../../bsp/stdio/src -I../../../../../cdi/lib
                          17 --		-I../../../../../cdi/src -I../../../../../compiler/rh850_ghs/inc
                          18 --		-I../../../../../device/d1mx/lib
                          19 --		-I../../../../../device/d1mx/macro_cfg
                          20 --		-I../../../../../device/d1mx/macro_cfg/csisw
                          21 --		-I../../../../../device/d1mx/macro_cfg/davehd
                          22 --		-I../../../../../device/d1mx/macro_cfg/ddb
                          23 --		-I../../../../../device/d1mx/macro_cfg/drw2d
                          24 --		-I../../../../../device/d1mx/macro_cfg/gfxbus
                          25 --		-I../../../../../device/d1mx/macro_cfg/gpio
                          26 --		-I../../../../../device/d1mx/macro_cfg/hypb
                          27 --		-I../../../../../device/d1mx/macro_cfg/hypdb
                          28 --		-I../../../../../device/d1mx/macro_cfg/jcua
                          29 --		-I../../../../../device/d1mx/macro_cfg/nfmabare
                          30 --		-I../../../../../device/d1mx/macro_cfg/octa
                          31 --		-I../../../../../device/d1mx/macro_cfg/octacdb
                          32 --		-I../../../../../device/d1mx/macro_cfg/ostm
                          33 --		-I../../../../../device/d1mx/macro_cfg/pbg
                          34 --		-I../../../../../device/d1mx/macro_cfg/riic
                          35 --		-I../../../../../device/d1mx/macro_cfg/sfcdb
                          36 --		-I../../../../../device/d1mx/macro_cfg/sfma
                          37 --		-I../../../../../device/d1mx/macro_cfg/spea
                          38 --		-I../../../../../device/d1mx/macro_cfg/tauj
                          39 --		-I../../../../../device/d1mx/macro_cfg/tick
                          40 --		-I../../../../../device/d1mx/macro_cfg/vdce
                          41 --		-I../../../../../device/d1mx/macro_cfg/vowe
                          42 --		-I../../../../../device/d1mx/macro_cfg/wm
                          43 --		-I../../../../../device/d1mx/macro_cfg/xbus
                          44 --		-I../../../../../device/d1mx/src/dev
                          45 --		-I../../../../../device/d1mx/src/dhd
                          46 --		-I../../../../../device/d1mx/src/hypb
                          47 --		-I../../../../../device/d1mx/src/jcua
                          48 --		-I../../../../../device/d1mx/src/nfmabare
                          49 --		-I../../../../../device/d1mx/src/octa
                          50 --		-I../../../../../device/d1mx/src/rh850_ghs

                                                                      Page 2
                                                              C:\Users\Frank\AppData\Local\Temp\gh_0000puc1.si
                          51 --		-I../../../../../device/d1mx/src/vowe
                          52 --		-I../../../../../device/d1x_common/macro_cfg
                          53 --		-I../../../../../device/d1x_common/macro_cfg/csisw
                          54 --		-I../../../../../device/d1x_common/macro_cfg/davehd
                          55 --		-I../../../../../device/d1x_common/macro_cfg/ddb
                          56 --		-I../../../../../device/d1x_common/macro_cfg/drw2d
                          57 --		-I../../../../../device/d1x_common/macro_cfg/gfxbus
                          58 --		-I../../../../../device/d1x_common/macro_cfg/gpio
                          59 --		-I../../../../../device/d1x_common/macro_cfg/hypb
                          60 --		-I../../../../../device/d1x_common/macro_cfg/hypdb
                          61 --		-I../../../../../device/d1x_common/macro_cfg/jcua
                          62 --		-I../../../../../device/d1x_common/macro_cfg/nfmabare
                          63 --		-I../../../../../device/d1x_common/macro_cfg/octa
                          64 --		-I../../../../../device/d1x_common/macro_cfg/octacdb
                          65 --		-I../../../../../device/d1x_common/macro_cfg/ostm
                          66 --		-I../../../../../device/d1x_common/macro_cfg/pbg
                          67 --		-I../../../../../device/d1x_common/macro_cfg/riic
                          68 --		-I../../../../../device/d1x_common/macro_cfg/sfcdb
                          69 --		-I../../../../../device/d1x_common/macro_cfg/sfma
                          70 --		-I../../../../../device/d1x_common/macro_cfg/spea
                          71 --		-I../../../../../device/d1x_common/macro_cfg/tauj
                          72 --		-I../../../../../device/d1x_common/macro_cfg/tick
                          73 --		-I../../../../../device/d1x_common/macro_cfg/vdce
                          74 --		-I../../../../../device/d1x_common/macro_cfg/vowe
                          75 --		-I../../../../../device/d1x_common/macro_cfg/wm
                          76 --		-I../../../../../device/d1x_common/macro_cfg/xbus
                          77 --		-I../../../../../device/d1x_common/src/csisw
                          78 --		-I../../../../../device/d1x_common/src/ddb
                          79 --		-I../../../../../device/d1x_common/src/dev
                          80 --		-I../../../../../device/d1x_common/src/gfxbus
                          81 --		-I../../../../../device/d1x_common/src/gpio
                          82 --		-I../../../../../device/d1x_common/src/ostm
                          83 --		-I../../../../../device/d1x_common/src/pbg
                          84 --		-I../../../../../device/d1x_common/src/riic
                          85 --		-I../../../../../device/d1x_common/src/sfma
                          86 --		-I../../../../../device/d1x_common/src/spea
                          87 --		-I../../../../../device/d1x_common/src/tauj
                          88 --		-I../../../../../device/d1x_common/src/tick
                          89 --		-I../../../../../device/d1x_common/src/vdce
                          90 --		-I../../../../../device/d1x_common/src/wm
                          91 --		-I../../../../../device/d1x_common/src/xbus
                          92 --		-I../../../../../device/lib -I../../../../../macro/bus/pbg/lib
                          93 --		-I../../../../../macro/bus/pbg/src
                          94 --		-I../../../../../macro/csi/csisw/lib
                          95 --		-I../../../../../macro/csi/csisw/src
                          96 --		-I../../../../../macro/drw2d/lib
                          97 --		-I../../../../../macro/drw2d/platform/davehd
                          98 --		-I../../../../../macro/drw2d/platform/os/no_os
                          99 --		-I../../../../../macro/drw2d/src
                         100 --		-I../../../../../macro/flashc/hypb/lib
                         101 --		-I../../../../../macro/flashc/hypb/src
                         102 --		-I../../../../../macro/flashc/hypdb/lib
                         103 --		-I../../../../../macro/flashc/hypdb/src
                         104 --		-I../../../../../macro/flashc/nfmabare/lib
                         105 --		-I../../../../../macro/flashc/nfmabare/src
                         106 --		-I../../../../../macro/flashc/octa/lib
                         107 --		-I../../../../../macro/flashc/octa/src
                         108 --		-I../../../../../macro/flashc/octacdb/lib
                         109 --		-I../../../../../macro/flashc/octacdb/src
                         110 --		-I../../../../../macro/flashc/sfcdb/lib
                         111 --		-I../../../../../macro/flashc/sfcdb/src

                                                                      Page 3
                                                              C:\Users\Frank\AppData\Local\Temp\gh_0000puc1.si
                         112 --		-I../../../../../macro/flashc/sfma/lib
                         113 --		-I../../../../../macro/flashc/sfma/src
                         114 --		-I../../../../../macro/gfxbus/lib
                         115 --		-I../../../../../macro/gfxbus/src
                         116 --		-I../../../../../macro/gfxbus/xbus/lib
                         117 --		-I../../../../../macro/gfxbus/xbus/src
                         118 --		-I../../../../../macro/gpio/lib -I../../../../../macro/gpio/src
                         119 --		-I../../../../../macro/gpu/davehd/common/inc
                         120 --		-I../../../../../macro/gpu/davehd/common/inc/platform
                         121 --		-I../../../../../macro/gpu/davehd/common/inc/platform/d1mx
                         122 --		-I../../../../../macro/gpu/davehd/docs
                         123 --		-I../../../../../macro/gpu/davehd/kernel/inc
                         124 --		-I../../../../../macro/gpu/davehd/kernel/platform/d1mx
                         125 --		-I../../../../../macro/gpu/davehd/kernel/platform/d1mx/bridge
                         126 --		-I../../../../../macro/gpu/davehd/kernel/platform/d1mx/non_threaded
                         127 --		-I../../../../../macro/gpu/davehd/kernel/platform/ree
                         128 --		-I../../../../../macro/gpu/davehd/kernel/src
                         129 --		-I../../../../../macro/gpu/davehd/user/inc
                         130 --		-I../../../../../macro/gpu/davehd/user/platform/d1mx/no_os
                         131 --		-I../../../../../macro/gpu/davehd/user/src
                         132 --		-I../../../../../macro/gpu/jcua/lib
                         133 --		-I../../../../../macro/gpu/jcua/src
                         134 --		-I../../../../../macro/i2c/riic/lib
                         135 --		-I../../../../../macro/i2c/riic/src
                         136 --		-I../../../../../macro/tick/lib -I../../../../../macro/tick/src
                         137 --		-I../../../../../macro/timer/ostm/lib
                         138 --		-I../../../../../macro/timer/ostm/src
                         139 --		-I../../../../../macro/timer/tauj/lib
                         140 --		-I../../../../../macro/timer/tauj/src
                         141 --		-I../../../../../macro/vdce/lib -I../../../../../macro/vdce/src
                         142 --		-I../../../../../macro/vo/ddb/lib
                         143 --		-I../../../../../macro/vo/ddb/src
                         144 --		-I../../../../../macro/vo/spea/lib
                         145 --		-I../../../../../macro/vo/spea/src
                         146 --		-I../../../../../macro/vo/vowe/lib
                         147 --		-I../../../../../macro/vo/vowe/src -I../../../../../macro/wm/lib
                         148 --		-I../../../../../macro/wm/src -I../../../../../macro/pwm/lib
                         149 --		-I../../../../../macro/i2c/riic/lib
                         150 --		-I../../../../../macro/reset/lib -I../../../../../macro/rscan/lib
                         151 --		-I../../../../../macro/uart/rlin3/lib
                         152 --		-I../../../../../macro/uart/rlin3/src
                         153 --		-I../../../../../device/d1x_common/macro_cfg/rlin3
                         154 --		-I../../../../../macro/stbc/lib
                         155 --		-I../../../../../app/gfx_apps/simple_draw/lib
                         156 --		-I../../../../../macro/adc/lib
                         157 --		-I../../../../../device/d1x_common/macro_cfg/adc7010 -G
                         158 --		--no_commons --no_implicit_include --prototype_errors
                         159 --		-DRENESAS_D1X -DR_DRW2D_OS_NO_OS -DR_DRW2D_SYS_DHD
                         160 --		-DUSED_CPU=RH850G3M -DUSE_BSP_GFX -DUSE_BSP_HMI -DUSE_BSP_STDIO
                         161 --		-DUSE_CDI -DUSE_CSISW -DUSE_DAVEHD -DUSE_DDB -DUSE_DRW2D
                         162 --		-DUSE_GFXBUS -DUSE_GPIO -DUSE_HYPB -DUSE_HYPDB -DUSE_JCUA
                         163 --		-DUSE_NFMABARE -DUSE_OCTA -DUSE_OCTACDB -DUSE_OSTM -DUSE_PBG
                         164 --		-DUSE_RIIC -DUSE_SFCDB -DUSE_SFMA -DUSE_SPEA -DUSE_TAUJ
                         165 --		-DUSE_TICK -DUSE_VDCE -DUSE_WM -DUSE_XBUS -DMAG -MD -Zuse1bit
                         166 --		-allocate_ep -cpu=rh850g3m -large_sda -list -no_callt -notda
                         167 --		-passsource -preprocess_assembly_files -registermode=22
                         168 --		-reserve_r2 --diag_warning 1 -object_dir=./obj -DUSE_VDCE_OPENLDI
                         169 --		-gnu99 -filetype.c
                         170 --		..\..\..\..\gfx_apps\simple_draw\src\w_canio_gen.c -o
                         171 --		.\obj\w_canio_gen.o
                         172 --Source File:   ..\..\..\..\gfx_apps\simple_draw\src\w_canio_gen.c

                                                                      Page 4
                                                              C:\Users\Frank\AppData\Local\Temp\gh_0000puc1.si
                         173 --Directory:     
                         174 --		C:\git\rh850\src\app\gfx_apps\simple_draw\target\d1mx_mango_ghs
                         175 --Compile Date:  Tue Oct 16 19:48:58 2018
                         176 --Host OS:       Win32
                         177 --Version:       C-RH850 2014.1.7 RELEASE VERSION
                         178 --Release:       Compiler v2014.1.7
                         179 --Revision Date: Fri Sep 05 14:10:46 2014
                         180 --Release Date:  Fri Sep 05 14:44:23 2014
                         181 -- ecom  -g -w
                         182 	.text
                         183 ..bof.C.3A.5Cgit.5Crh850.5Csrc.5Capp.5Cgfx_apps.5Csimple_draw.5Ctarget.5Cd1mx_mango_ghs.5Cobj.5Cw_canio_gen...43.3A.5Cgit.5Crh850.5Csrc.5Capp.5Cgfx_apps.5Csimple_draw.5Ctarget.5Cd1mx_mango_ghs..5BC5D02A..0::
                         184 	.align	2
                         185 	.global	_W_Copy_CAN_to_MEM
                         186 _W_Copy_CAN_to_MEM:
00000000 8007e170        187 	prepare	{r25,r26,r27,r28,r29,r31},0
00000004 3d0600000000*   188 	mov	.L70,r29
0000000a 390600000000*   189 	mov	_u8mem_can_data,r25
                         190 --	    .bf
                         191 .LDW01:
00000010 19d0            192 	mov	r25,r26
00000012 19de4800        193 	addi	72,r25,r27
00000016 1a30            194 	mov	r26,r6
00000018 1b38            195 	mov	r27,r7
0000001a 0842            196 	mov	8,r8
                         197 	jarl	_memcpy,lp
                         197 <EXPANSION BEGIN>
                         197 jarl22 _memcpy , lp 
0000001c 80ff0000*       197 <EXPANSION END>
                         198 --line59
                         199 ..lin.C.3A.5Cgit.5Crh850.5Csrc.5Capp.5Cgfx_apps.5Csimple_draw.5Ctarget.5Cd1mx_mango_ghs.5Cobj.5Cw_canio_gen.1::
                         200 .LDWlin1:
00000020 19d0            201 	mov	r25,r26
00000022 00e2            202 	mov	0,r28
00000024 0000            203 	nop
                         204 .L6:
00000026 1c08            205 	mov	r28,r1
00000028 c40a            206 	shl	4,r1
0000002a 2e060806d0ff    207 	mov	-3144184,r14
00000030 01d8            208 	mov	r1,r27
00000032 ced9            209 	add	r14,r27
00000034 1a30            210 	mov	r26,r6
00000036 1b38            211 	mov	r27,r7
00000038 0842            212 	mov	8,r8
                         213 	jarl	_memcpy,lp
                         213 <EXPANSION BEGIN>
                         213 jarl22 _memcpy , lp 
0000003a 80ff0000*       213 <EXPANSION END>
                         214 --line60
                         215 ..lin.C.3A.5Cgit.5Crh850.5Csrc.5Capp.5Cgfx_apps.5Csimple_draw.5Ctarget.5Cd1mx_mango_ghs.5Cobj.5Cw_canio_gen.2::
                         216 .LDWlin2:
0000003e 41e2            217 	add	1,r28
00000040 9c00            218 	zxb	r28
00000042 68e2            219 	cmp	8,r28
00000044 91f5*           220 	bl	.L6
                         221 --	    .ef
                         222 .LDW11:
                         223 --line64
                         224 ..lin.C.3A.5Cgit.5Crh850.5Csrc.5Capp.5Cgfx_apps.5Csimple_draw.5Ctarget.5Cd1mx_mango_ghs.5Cobj.5Cw_canio_gen.3::
                         225 .LDWlin3:
00000046 4006ff70        226 	dispose	0,{r25,r26,r27,r28,r29,r31},[lp]
                         227 	.type	_W_Copy_CAN_to_MEM,@function

                                                                      Page 5
                                                              C:\Users\Frank\AppData\Local\Temp\gh_0000puc1.si
                         228 	.size	_W_Copy_CAN_to_MEM,.-_W_Copy_CAN_to_MEM
                         229 	.align	2
                         230 .LDW21:
                         231 --_q	r28	local
                         232 --_SrcAddr	r27	local
                         233 --_DestAddr	r26	local
                         234 
                         235 	.section ".bss","awb"
                         236 .L70:
                         237 	.type	.L70,@object
                         238 	.size	.L70,0
                         239 	.data
                         240 	.text
                         241 	.align	2
                         242 	.align	2
                         243 	.global	_W_Check_CAN_Bits
                         244 _W_Check_CAN_Bits:
0000004a 8007c130        245 	prepare	{r26,r27,r28,r29},0
0000004e c666ff00        246 	andi	255,r6,r12
00000052 c75eff00        247 	andi	255,r7,r11
00000056 c856ff00        248 	andi	255,r8,r10
0000005a c9eeff00        249 	andi	255,r9,r29
0000005e 83e71100        250 	ld.bu	16[sp],r28
                         251 --	    .bf
                         252 .LDW31:
00000062 0c08            253 	mov	r12,r1
00000064 c30a            254 	shl	3,r1
00000066 2e0600000000*   255 	mov	_u8mem_can_data,r14
0000006c ce09            256 	add	r14,r1
0000006e 0bf0            257 	mov	r11,ep
00000070 c1f1            258 	add	r1,ep
00000072 6152            259 	cmp	1,r10
00000074 f305*           260 	bnh	.L114
                         261 --line78
                         262 ..lin.C.3A.5Cgit.5Crh850.5Csrc.5Capp.5Cgfx_apps.5Csimple_draw.5Ctarget.5Cd1mx_mango_ghs.5Cobj.5Cw_canio_gen.4::
                         263 .LDWlin4:
00000076 6070            264 	sld.bu	0[ep],r14
00000078 9e6f4900        265 	ld.bu	72[ep],r13
0000007c 0d08            266 	mov	r13,r1
0000007e 2e09            267 	xor	r14,r1
00000080 f50d*           268 	br	.L116
                         269 .L114:
                         270 --line84
                         271 ..lin.C.3A.5Cgit.5Crh850.5Csrc.5Capp.5Cgfx_apps.5Csimple_draw.5Ctarget.5Cd1mx_mango_ghs.5Cobj.5Cw_canio_gen.5::
                         272 .LDWlin5:
00000082 1f0a            273 	mov	-1,r1
00000084 fc0fc208        274 	shl	r28,r1,r1
00000088 2108            275 	not	r1,r1
0000008a fd0fc270        276 	shl	r29,r1,r14
0000008e 8e00            277 	zxb	r14
00000090 9e6f4900        278 	ld.bu	72[ep],r13
00000094 60d8            279 	sld.bu	0[ep],r27
00000096 4e69            280 	and	r14,r13
00000098 0d08            281 	mov	r13,r1
0000009a 4ed9            282 	and	r14,r27
0000009c 3b09            283 	xor	r27,r1
                         284 .L116:
0000009e 01d8            285 	mov	r1,r27
000000a0 9b00            286 	zxb	r27
                         287 --	    .ef
                         288 .LDW41:

                                                                      Page 6
                                                              C:\Users\Frank\AppData\Local\Temp\gh_0000puc1.si
000000a2 1b50            289 	mov	r27,r10
000000a4 4006df30        290 	dispose	0,{r26,r27,r28,r29},[lp]
                         291 	.type	_W_Check_CAN_Bits,@function
                         292 	.size	_W_Check_CAN_Bits,.-_W_Check_CAN_Bits
                         293 	.align	2
                         294 .LDW51:
                         295 --_Addr_Ptr	ep	local
                         296 --_u16curent	r14	local
                         297 --_u16prev	r13	local
                         298 --_ret	r1	local
                         299 --_mask	r14	local
                         300 
                         301 --_can_idx	r12	param
                         302 --_byte	r11	param
                         303 --_nbytes	r10	param
                         304 --_bit	r29	param
                         305 --_nbits	r28	param
                         306 
                         307 	.section ".bss","awb"
                         308 .L170:
                         309 	.type	.L170,@object
                         310 	.size	.L170,0
                         311 	.data
                         312 	.text
                         313 	.align	2
                         314 
                         315 	.data
                         316 	.section ".bss","awb"
                         317 	.global	_u8mem_can_data
00000000 000000000000    318 _u8mem_can_data:	.space	144
00000006 000000000000 
0000000c 000000000000 
00000012 000000000000 
00000018 000000000000 
0000001e 000000000000 
00000024 000000000000 
0000002a 000000000000 
00000030 000000000000 
00000036 000000000000 
0000003c 000000000000 
00000042 000000000000 
00000048 000000000000 
0000004e 000000000000 
00000054 000000000000 
0000005a 000000000000 
00000060 000000000000 
00000066 000000000000 
0000006c 000000000000 
00000072 000000000000 
00000078 000000000000 
0000007e 000000000000 
00000084 000000000000 
0000008a 000000000000 
                         319 	.type	_u8mem_can_data,@object
                         320 	.size	_u8mem_can_data,144
                         321 	.global	_u8_mem_canio
00000090 000000000000    322 _u8_mem_canio:	.space	18
00000096 000000000000 
0000009c 000000000000 
                         323 	.type	_u8_mem_canio,@object
                         324 	.size	_u8_mem_canio,18

                                                                      Page 7
                                                              C:\Users\Frank\AppData\Local\Temp\gh_0000puc1.si
                         325 	.data
                         326 	.ghsnote version,15
                         327 	.ghsnote tools,3
                         328 	.ghsnote options,144
                         329 	.text
                         330 	.align	2
                         331 ..eof.C.3A.5Cgit.5Crh850.5Csrc.5Capp.5Cgfx_apps.5Csimple_draw.5Ctarget.5Cd1mx_mango_ghs.5Cobj.5Cw_canio_gen...43.3A.5Cgit.5Crh850.5Csrc.5Capp.5Cgfx_apps.5Csimple_draw.5Ctarget.5Cd1mx_mango_ghs..5BC5D02A..0::
                         332 .rh850_flags REGMODE22,DATA_ALIGN8,GP_FIX,EP_NONFIX,TP_FIX,REG2_RESERVE,G3M
